"../../../Engine/Content/Functions/Engine_MaterialFunctions01/Opacity/CameraDepthFade.uasset" 0
"../../../Engine/Content/EngineMaterials/T_Default_Material_Grid_M.uasset" 1
"../../../Engine/Content/EngineMaterials/T_Default_Material_Grid_N.uasset" 2
"../../../Engine/Content/EngineMaterials/DefaultMaterial.uasset" 3
"../../../Engine/Content/BasicShapes/Cone.uasset" 4
"../../../Engine/Content/EngineMaterials/WorldGridMaterial.uasset" 5
"../../../Engine/Content/BasicShapes/Cube.uasset" 6
"../../../Engine/Content/BasicShapes/Cylinder.uasset" 7
"../../../Engine/Content/BasicShapes/Sphere.uasset" 8
"../../../Engine/Content/EditorLandscapeResources/DataLayer.uasset" 9
"../../../Engine/Content/EditorMaterials/GizmoMaterial.uasset" 10
"../../../Engine/Content/EditorMaterials/MAT_Groups_Toggle.uasset" 11
"../../../Engine/Content/EditorMaterials/MAT_Groups_Visibility.uasset" 12
"../../../Engine/Content/EditorMaterials/PreviewShadowIndicator.uasset" 13
"../../../Engine/Content/EditorMaterials/PreviewShadowIndicatorMaterial.uasset" 14
"../../../Engine/Content/EditorMaterials/AssetViewer/EpicQuadPanorama_CC+EV1.uasset" 15
"../../../Engine/Content/EditorMaterials/MatineeGroups/MAT_ColorTrack.uasset" 16
"../../../Engine/Content/EditorMaterials/MatineeGroups/MAT_Groups_Anim.uasset" 17
"../../../Engine/Content/EditorMaterials/MatineeGroups/MAT_Groups_AudioMaster.uasset" 18
"../../../Engine/Content/EditorMaterials/MatineeGroups/MAT_Groups_Director.uasset" 19
"../../../Engine/Content/EditorMaterials/MatineeGroups/MAT_Groups_Event.uasset" 20
"../../../Engine/Content/EditorMaterials/MatineeGroups/MAT_Groups_Fade.uasset" 21
"../../../Engine/Content/EditorMaterials/MatineeGroups/MAT_Groups_Float.uasset" 22
"../../../Engine/Content/EditorMaterials/MatineeGroups/MAT_Groups_Move.uasset" 23
"../../../Engine/Content/EditorMaterials/MatineeGroups/MAT_Groups_Slomo.uasset" 24
"../../../Engine/Content/EditorMaterials/MatineeGroups/MAT_Groups_Sound.uasset" 25
"../../../Engine/Content/EditorMaterials/MatineeGroups/MAT_Groups_Vector.uasset" 26
"../../../Engine/Content/EditorMaterials/ParticleSystems/PSysThumbnail_NoImage.uasset" 27
"../../../Engine/Content/EditorMaterials/ParticleSystems/PSysThumbnail_OOD.uasset" 28
"../../../Engine/Content/EditorMaterials/Camera/CineMat.uasset" 29
"../../../Engine/Content/EditorMaterials/Camera/MI_CineMat_Rig.uasset" 30
"../../../Engine/Content/EditorMeshes/Camera/SM_CraneRig_Arm.uasset" 31
"../../../Engine/Content/EditorMeshes/Camera/SM_CraneRig_Base.uasset" 32
"../../../Engine/Content/EditorMeshes/Camera/SM_CraneRig_Body.uasset" 33
"../../../Engine/Content/EditorMeshes/Camera/SM_CraneRig_Mount.uasset" 34
"../../../Engine/Content/EditorMeshes/Camera/SM_RailRig_Mount.uasset" 35
"../../../Engine/Content/EditorMeshes/Camera/SM_RailRig_Track.uasset" 36
"../../../Engine/Content/EditorMeshes/ColorCalibrator/M_ChromeBall.uasset" 37
"../../../Engine/Content/EditorMeshes/ColorCalibrator/M_ClearCoat.uasset" 38
"../../../Engine/Content/EditorMeshes/ColorCalibrator/M_ClearCoatBlack.uasset" 39
"../../../Engine/Content/EditorMeshes/ColorCalibrator/T_ColorGrid.uasset" 40
"../../../Engine/Content/EditorMeshes/ColorCalibrator/M_ColorGrid.uasset" 41
"../../../Engine/Content/EditorMeshes/ColorCalibrator/M_GreyBall.uasset" 42
"../../../Engine/Content/EditorMeshes/ColorCalibrator/SM_ColorCalibrator.uasset" 43
"../../../Engine/Content/EditorResources/BSPVertex.uasset" 44
"../../../Engine/Content/EditorResources/EmptyActor.uasset" 45
"../../../Engine/Content/EditorResources/RGBTable16x1_AssetViewer.uasset" 46
"../../../Engine/Content/EditorResources/S_Actor.uasset" 47
"../../../Engine/Content/EditorResources/S_Trigger.uasset" 48
"../../../Engine/Content/EditorResources/LightIcons/S_LightError.uasset" 49
"../../../Engine/Content/EditorResources/SequenceRecorder/Countdown.uasset" 50
"../../../Engine/Content/EditorResources/SequenceRecorder/RecordingIndicator.uasset" 51
"../../../Engine/Content/EditorSounds/Notifications/CompileFailed.uasset" 52
"../../../Engine/Content/EditorSounds/Notifications/CompileFailed_Cue.uasset" 53
"../../../Engine/Content/EditorSounds/Notifications/CompileSuccess.uasset" 54
"../../../Engine/Content/EditorSounds/Notifications/CompileStart_Cue.uasset" 55
"../../../Engine/Content/EditorSounds/Notifications/CompileSuccess_Cue.uasset" 56
"../../../Engine/Content/EngineDamageTypes/DmgTypeBP_Environmental.uasset" 57
"../../../Engine/Content/EngineDebugMaterials/HeatmapGradient.uasset" 58
"../../../Engine/Content/EngineDebugMaterials/BoneWeightMaterial.uasset" 59
"../../../Engine/Content/EngineDebugMaterials/DebugMeshMaterial.uasset" 60
"../../../Engine/Content/EngineDebugMaterials/GeomMaterial.uasset" 61
"../../../Engine/Content/EngineFonts/Roboto.uasset" 62
"../../../Engine/Content/EngineFonts/RobotoTiny.uasset" 63
"../../../Engine/Content/EngineMaterials/DefaultBokeh.uasset" 64
"../../../Engine/Content/EngineMaterials/DefaultDiffuse.uasset" 65
"../../../Engine/Content/EngineMaterials/DefaultDeferredDecalMaterial.uasset" 66
"../../../Engine/Content/EngineMaterials/DefaultLightFunctionMaterial.uasset" 67
"../../../Engine/Content/EngineMaterials/DefaultPhysicalMaterial.uasset" 68
"../../../Engine/Content/Functions/Engine_MaterialFunctions02/Utility/BreakOutFloat2Components.uasset" 69
"../../../Engine/Content/EngineMaterials/DefaultPostProcessMaterial.uasset" 70
"../../../Engine/Content/EngineFonts/RobotoDistanceField.uasset" 71
"../../../Engine/Content/EngineMaterials/DefaultTextMaterialOpaque.uasset" 72
"../../../Engine/Content/EngineMaterials/DefaultWhiteGrid.uasset" 73
"../../../Engine/Content/EngineMaterials/EditorBrushMaterial.uasset" 74
"../../../Engine/Content/EngineMaterials/Good64x64TilingNoiseHighFreq.uasset" 75
"../../../Engine/Content/EngineMaterials/MiniFont.uasset" 76
"../../../Engine/Content/EngineMaterials/InvalidLightmapSettings.uasset" 77
"../../../Engine/Content/EngineMaterials/M_InvalidLightmapSettings.uasset" 78
"../../../Engine/Content/EngineMaterials/PhAT_JointLimitMaterial.uasset" 79
"../../../Engine/Content/EngineMaterials/PreintegratedSkinBRDF.uasset" 80
"../../../Engine/Content/EngineMaterials/RemoveSurfaceMaterial.uasset" 81
"../../../Engine/Content/EngineMaterials/WeightMapPlaceholderTexture.uasset" 82
"../../../Engine/Content/EngineResources/WhiteSquareTexture.uasset" 83
"../../../Engine/Content/EngineMaterials/Widget3DPassThrough.uasset" 84
"../../../Engine/Content/EngineMaterials/Widget3DPassThrough_Masked.uasset" 85
"../../../Engine/Content/EngineMaterials/Widget3DPassThrough_Opaque.uasset" 86
"../../../Engine/Content/EngineMaterials/Widget3DPassThrough_Masked_OneSided.uasset" 87
"../../../Engine/Content/EngineMaterials/Widget3DPassThrough_Opaque_OneSided.uasset" 88
"../../../Engine/Content/EngineMaterials/Widget3DPassThrough_Translucent.uasset" 89
"../../../Engine/Content/EngineMaterials/Widget3DPassThrough_Translucent_OneSided.uasset" 90
"../../../Engine/Content/EngineMeshes/Cube.uasset" 91
"../../../Engine/Content/EngineMeshes/Cylinder.uasset" 92
"../../../Engine/Content/EngineMeshes/Sphere.uasset" 93
"../../../Engine/Content/EngineResources/AICON-Green.uasset" 94
"../../../Engine/Content/EngineResources/AICON-Red.uasset" 95
"../../../Engine/Content/EngineResources/Black.uasset" 96
"../../../Engine/Content/EngineResources/DefaultTexture.uasset" 97
"../../../Engine/Content/EngineResources/DefaultTextureCube.uasset" 98
"../../../Engine/Content/EngineResources/GradientTexture0.uasset" 99
"../../../Engine/Content/EngineSounds/Master.uasset" 100
"../../../Engine/Content/EngineSounds/MasterSubmix.uasset" 101
"../../../Engine/Content/EngineTireTypes/DefaultTireType.uasset" 102
"../../../Engine/Content/Functions/Engine_MaterialFunctions01/Shading/ConvertFromDiffSpec.uasset" 103
"../../../Engine/Content/Functions/Engine_MaterialFunctions01/Shading/PowerToRoughness.uasset" 104
"../../../Engine/Content/Maps/Templates/Thumbnails/Default.uasset" 105
"../../../Engine/Content/Maps/Templates/Thumbnails/VR-Basic.uasset" 106
"../../../Engine/Content/MobileResources/T_MobileControls_texture.uasset" 107
"../../../Engine/Content/MobileResources/T_MobileMenu2.uasset" 108
"../../../Engine/Content/MobileResources/HUD/AnalogHat.uasset" 109
"../../../Engine/Content/MobileResources/HUD/VirtualJoystick_Background.uasset" 110
"../../../Engine/Content/MobileResources/HUD/VirtualJoystick_Thumb.uasset" 111
"../../../Engine/Content/MobileResources/HUD/DefaultVirtualJoysticks.uasset" 112
"../../../Engine/Content/MobileResources/HUD/LeftVirtualJoystickOnly.uasset" 113
"../../../Engine/Content/MobileResources/HUD/MobileHUDButton1_off.uasset" 114
"../../../Engine/Content/MobileResources/HUD/MobileHUDButton1_on.uasset" 115
"../../../Engine/Content/MobileResources/HUD/MobileHUDButton2_off.uasset" 116
"../../../Engine/Content/MobileResources/HUD/MobileHUDButton2_on.uasset" 117
"../../../Engine/Content/MobileResources/HUD/MobileHUDButton3.uasset" 118
"../../../Engine/Content/MobileResources/HUD/MobileHUDButtonFire.uasset" 119
"../../../Engine/Content/MobileResources/HUD/MobileHUDDirectionPad.uasset" 120
"../../../Engine/Content/MobileResources/HUD/MobileHUDDirectionPad2.uasset" 121
"../../../Engine/Content/MobileResources/HUD/MobileHUDDirectionPad3.uasset" 122
"../../../Engine/Content/MobileResources/HUD/MobileHUDDirectionStick.uasset" 123
"../../../Engine/Content/MobileResources/HUD/T_Castle_ThumbstickInner.uasset" 124
"../../../Engine/Content/MobileResources/HUD/T_Castle_ThumbstickOutter.uasset" 125
"../../../Engine/Content/Tutorial/ContentIntroCurve.uasset" 126
"../../../Engine/Content/Tutorial/Basics/TutorialAssets/icon_tab_Levels_40x.uasset" 127
"../../../Engine/Content/Tutorial/BlueprintTutorials/TutorialAssets/BlueprintInterface_64x.uasset" 128
"../../../Engine/Content/Tutorial/BlueprintTutorials/TutorialAssets/BlueprintMacroLibrary_64x.uasset" 129
"../../../Engine/Content/Tutorial/BlueprintTutorials/TutorialAssets/Blueprint_64x.uasset" 130
"../../../Engine/Content/Tutorial/BlueprintTutorials/TutorialAssets/Tutorial_BP_Interface.uasset" 131
"../../../Engine/Content/Tutorial/Foliage/TutorialAssets/Foliage.uasset" 132
"../../../Engine/Content/Tutorial/Landscape/TutorialAssets/Landscape.uasset" 133
"../../../Engine/Content/Tutorial/Paper2D/TutorialAssets/Paper2DFlipbook_TutorialIcon.uasset" 134
"../../../Engine/Content/Tutorial/Paper2D/TutorialAssets/Paper2DSprite_TutorialIcon.uasset" 135
"../../../Engine/Content/Tutorial/SubEditors/TutorialAssets/icon_Editor_Preferences_General_40x.uasset" 136
"../../../Engine/Content/Tutorial/SubEditors/TutorialAssets/icon_ShowSkeletalMeshes_40x.uasset" 137
"../../../Engine/Content/Tutorial/SubEditors/TutorialAssets/TutorialMaterial.uasset" 138
"../../../Engine/Content/Tutorial/SubEditors/TutorialAssets/T_SmokeSubUV_8X8.uasset" 139
"../../../Engine/Content/Tutorial/SubEditors/TutorialAssets/T_soft_smoke.uasset" 140
"../../../Engine/Content/Tutorial/SubEditors/TutorialAssets/M_smoke_subUV_blackbody.uasset" 141
"../../../Engine/Content/Tutorial/SubEditors/TutorialAssets/TutorialParticleSystem.uasset" 142
"../../../Engine/Content/EditorMeshes/EditorCube.uasset" 143
"../../../Engine/Content/Tutorial/SubEditors/TutorialAssets/Tutorial_DM.uasset" 144
"../../../Engine/Content/VREditor/Devices/Generic/GenericHMDMaterial.uasset" 145
"../../../Engine/Content/VREditor/Devices/Generic/GenericHMD.uasset" 146
"../../../Engine/Content/VREditor/FloatingText/LineMaterial.uasset" 147
"../../../Engine/Content/VREditor/FloatingText/JointSphere.uasset" 148
"../../../Engine/Content/VREditor/FloatingText/LineSegmentCylinder.uasset" 149
"../../../Engine/Content/VREditor/Fonts/VRText_RobotoLarge.uasset" 150
"../../../Engine/Content/VREditor/Fonts/VRTextMaterial.uasset" 151
"../../../Engine/Content/VREditor/Fonts/TranslucentVRTextMaterial.uasset" 152
"../../../Engine/Content/VREditor/LaserPointer/VR_LaserPower_01.uasset" 153
"../../../Engine/Content/VREditor/LaserPointer/LaserPointerMaterial.uasset" 154
"../../../Engine/Content/VREditor/LaserPointer/LaserPointerMaterialInst.uasset" 155
"../../../Engine/Content/VREditor/LaserPointer/TranslucentLaserPointerMaterialInst.uasset" 156
"../../../Engine/Content/VREditor/LaserPointer/LaserPointerMesh.uasset" 157
"../../../Engine/Content/VREditor/Sounds/VR_grab_Cue.uasset" 158
"../../../Engine/Content/VREditor/Sounds/VR_teleport_Cue.uasset" 159
"../../../Engine/Content/VREditor/TransformGizmo/TransformGizmoMaterial.uasset" 160
"../../../Engine/Content/VREditor/TransformGizmo/TranslucentTransformGizmoMaterial.uasset" 161
"../../../Engine/Content/VREditor/TransformGizmo/BoundingBoxCorner.uasset" 162
"../../../Engine/Content/VREditor/TransformGizmo/BoundingBoxEdge.uasset" 163
"../../../Engine/Content/VREditor/TransformGizmo/PlaneTranslationHandle.uasset" 164
"../../../Engine/Content/VREditor/TransformGizmo/RotationHandle.uasset" 165
"../../../Engine/Content/VREditor/TransformGizmo/RotationHandleFull.uasset" 166
"../../../Engine/Content/VREditor/TransformGizmo/StretchingHandle.uasset" 167
"../../../Engine/Content/VREditor/TransformGizmo/TranslateHandleLong.uasset" 168
"../../../Engine/Content/VREditor/TransformGizmo/TranslationHandle.uasset" 169
"../../../Engine/Content/VREditor/TransformGizmo/UniformScaleHandle.uasset" 170
"../../../Engine/Content/VREditor/UI/CloseButtonMesh.uasset" 171
"../../../Engine/Content/VREditor/UI/SelectionBarMesh.uasset" 172
"../../../Engine/Content/Functions/Engine_MaterialFunctions01/Gradient/RadialGradient.uasset" 173
"../../../Engine/Content/VREditor/WorldMovementGrid/SimpleGrid.uasset" 174
"../../../Engine/Content/VREditor/WorldMovementGrid/GridMaterial.uasset" 175
"../../../Engine/Content/Functions/Engine_MaterialFunctions01/Density/ExponentialDensity.uasset" 176
"../../../Engine/Content/VREditor/WorldMovementGrid/GridPostProcess.uasset" 177
"../../../Engine/Content/EditorLandscapeResources/FlattenHeightMat.uasset" 178
"../../../Engine/Content/VREditor/WorldMovementGrid/PlaneMesh.uasset" 179
"../../../Amonia/Content/2DSideScroller/Textures/2DBackgroundTile.uasset" 180
"../../../Amonia/Content/2DSideScroller/Materials/PrototypingSpriteMaterial.uasset" 181
"../../../Amonia/Content/2DSideScroller/Sprites/PrototypingSprite.uasset" 182
"../../../Engine/Content/EditorBlueprintResources/StandardMacros.uasset" 183
"../../../Amonia/Content/Amonia/Sprites/Weapons/Pebble.uasset" 184
"../../../Amonia/Content/Amonia/Sprites/Weapons/Pebble_Sprite.uasset" 185
"../../../Amonia/Content/Amonia/blueprints/Bp_Shot.uasset" 186
"../../../Amonia/Content/Amonia/blueprints/Char_state.uasset" 187
"../../../Amonia/Content/Amonia/blueprints/DeathScreen.uasset" 188
"../../../Amonia/Content/Amonia/blueprints/EndOfLevel.uasset" 189
"../../../Amonia/Content/Amonia/blueprints/Hud.uasset" 190
"../../../Amonia/Content/Amonia/blueprints/MainMenu.uasset" 191
"../../../Amonia/Content/Amonia/blueprints/PauseGame.uasset" 192
"../../../Amonia/Content/Amonia/blueprints/text.uasset" 193
"../../../Amonia/Content/Amonia/Sprites/character/Dead.uasset" 194
"../../../Amonia/Content/Amonia/Sprites/character/Dead_Sprite.uasset" 195
"../../../Amonia/Content/Amonia/Sprites/character/A_Dead.uasset" 196
"../../../Amonia/Content/Amonia/Sprites/character/throw_1.uasset" 197
"../../../Amonia/Content/Amonia/Sprites/character/throw_1_Sprite.uasset" 198
"../../../Amonia/Content/Amonia/Sprites/character/Throw.uasset" 199
"../../../Amonia/Content/Amonia/Sprites/character/Throw_Sprite.uasset" 200
"../../../Amonia/Content/Amonia/Sprites/character/A_GroundThrow.uasset" 201
"../../../Amonia/Content/Amonia/Sprites/character/hit.uasset" 202
"../../../Amonia/Content/Amonia/Sprites/character/hit_Sprite.uasset" 203
"../../../Amonia/Content/Amonia/Sprites/character/A_hit.uasset" 204
"../../../Amonia/Content/Amonia/Sprites/character/idle1.uasset" 205
"../../../Amonia/Content/Amonia/Sprites/character/idle1_Sprite.uasset" 206
"../../../Amonia/Content/Amonia/Sprites/character/idle2.uasset" 207
"../../../Amonia/Content/Amonia/Sprites/character/idle2_Sprite.uasset" 208
"../../../Amonia/Content/Amonia/Sprites/character/A_idle.uasset" 209
"../../../Amonia/Content/Amonia/Sprites/character/jump.uasset" 210
"../../../Amonia/Content/Amonia/Sprites/character/jump_Sprite.uasset" 211
"../../../Amonia/Content/Amonia/Sprites/character/A_jump.uasset" 212
"../../../Amonia/Content/Amonia/Sprites/character/Sit.uasset" 213
"../../../Amonia/Content/Amonia/Sprites/character/Sit_Sprite.uasset" 214
"../../../Amonia/Content/Amonia/Sprites/character/A_sit.uasset" 215
"../../../Amonia/Content/Amonia/Sprites/character/walk.uasset" 216
"../../../Amonia/Content/Amonia/Sprites/character/walk_Sprite.uasset" 217
"../../../Amonia/Content/Amonia/Sprites/character/A_walk.uasset" 218
"../../../Amonia/Content/Amonia/blueprints/BP_main.uasset" 219
"../../../Amonia/Content/Amonia/Sprites/env/sign.uasset" 220
"../../../Amonia/Content/Amonia/Sprites/env/sign_Sprite.uasset" 221
"../../../Amonia/Content/Amonia/blueprints/BP_sign.uasset" 222
"../../../Amonia/Content/Amonia/blueprints/def_font.uasset" 223
"../../../Amonia/Content/Amonia/Sprites/env/Crate.uasset" 224
"../../../Amonia/Content/Amonia/Sprites/env/Crate_Sprite.uasset" 225
"../../../Amonia/Content/Amonia/Sprites/NPCs/npcIdle1.uasset" 226
"../../../Amonia/Content/Amonia/Sprites/NPCs/npcIdle1_Sprite.uasset" 227
"../../../Amonia/Content/Amonia/Sprites/NPCs/npcIdle2.uasset" 228
"../../../Amonia/Content/Amonia/Sprites/NPCs/npcIdle2_Sprite.uasset" 229
"../../../Amonia/Content/Amonia/Sprites/NPCs/A_npc_woman.uasset" 230
"../../../Amonia/Content/Amonia/Sprites/Weapons/arrow.uasset" 231
"../../../Amonia/Content/Amonia/Sprites/Weapons/arrow_Sprite.uasset" 232
"../../../Amonia/Content/Amonia/Sprites/Weapons/A_stone.uasset" 233
"../../../Amonia/Content/Amonia/blueprints/textwidget.uasset" 234
"../../../Amonia/Content/Amonia/text/BP_sign_failsafe.uasset" 235
"../../../Engine/Plugins/2D/Paper2D/Content/DummySprite.uasset" 236
"../../../Engine/Plugins/2D/Paper2D/Content/DefaultPaperTerrainMaterial.uasset" 237
"../../../Engine/Plugins/2D/Paper2D/Content/PlaceholderTextures/DummySpriteTexture.uasset" 238
"../../../Amonia/Content/2DSideScroller/Textures/2DCharacter_IdleAnimAtlas.uasset" 239
"../../../Amonia/Content/2DSideScroller/Sprites/IdleFrames/IdleCycle1.uasset" 240
"../../../Amonia/Content/2DSideScroller/Sprites/IdleFrames/IdleCycle2.uasset" 241
"../../../Amonia/Content/2DSideScroller/Sprites/IdleFrames/IdleCycle3.uasset" 242
"../../../Amonia/Content/2DSideScroller/Sprites/IdleFrames/IdleCycle4.uasset" 243
"../../../Amonia/Content/2DSideScroller/Sprites/IdleFrames/IdleCycle5.uasset" 244
"../../../Amonia/Content/2DSideScroller/Sprites/IdleFrames/IdleCycle6.uasset" 245
"../../../Amonia/Content/2DSideScroller/Sprites/IdleFrames/IdleCycle7.uasset" 246
"../../../Amonia/Content/2DSideScroller/Sprites/IdleFrames/IdleCycle8.uasset" 247
"../../../Amonia/Content/2DSideScroller/Sprites/IdleAnimation.uasset" 248
"../../../Amonia/Content/2DSideScroller/Textures/2DCharacter_RunAnimAtlas.uasset" 249
"../../../Amonia/Content/2DSideScroller/Sprites/RunFrames/RunCycle_1.uasset" 250
"../../../Amonia/Content/2DSideScroller/Sprites/RunFrames/RunCycle_10.uasset" 251
"../../../Amonia/Content/2DSideScroller/Sprites/RunFrames/RunCycle_11.uasset" 252
"../../../Amonia/Content/2DSideScroller/Sprites/RunFrames/RunCycle_12.uasset" 253
"../../../Amonia/Content/2DSideScroller/Sprites/RunFrames/RunCycle_13.uasset" 254
"../../../Amonia/Content/2DSideScroller/Sprites/RunFrames/RunCycle_14.uasset" 255
"../../../Amonia/Content/2DSideScroller/Sprites/RunFrames/RunCycle_15.uasset" 256
"../../../Amonia/Content/2DSideScroller/Sprites/RunFrames/RunCycle_16.uasset" 257
"../../../Amonia/Content/2DSideScroller/Sprites/RunFrames/RunCycle_2.uasset" 258
"../../../Amonia/Content/2DSideScroller/Sprites/RunFrames/RunCycle_3.uasset" 259
"../../../Amonia/Content/2DSideScroller/Sprites/RunFrames/RunCycle_4.uasset" 260
"../../../Amonia/Content/2DSideScroller/Sprites/RunFrames/RunCycle_5.uasset" 261
"../../../Amonia/Content/2DSideScroller/Sprites/RunFrames/RunCycle_6.uasset" 262
"../../../Amonia/Content/2DSideScroller/Sprites/RunFrames/RunCycle_7.uasset" 263
"../../../Amonia/Content/2DSideScroller/Sprites/RunFrames/RunCycle_8.uasset" 264
"../../../Amonia/Content/2DSideScroller/Sprites/RunFrames/RunCycle_9.uasset" 265
"../../../Amonia/Content/2DSideScroller/Sprites/RunningAnimation.uasset" 266
"../../../Amonia/Content/2DSideScrollerBP/Blueprints/2DSideScrollerCharacter.uasset" 267
"../../../Amonia/Content/2DSideScrollerBP/Blueprints/2DSideScrollerGameMode.uasset" 268
"../../../Amonia/Content/2DSideScrollerBP/Maps/2DSideScrollerExampleMap_BuiltData.uasset" 269
"../../../Engine/Content/MapTemplates/Bokeh_5Sides.uasset" 270
"../../../Engine/Content/MapTemplates/T_ScreenDirt02_w.uasset" 271
"../../../Engine/Plugins/2D/Paper2D/Content/DefaultSpriteMaterial.uasset" 272
"../../../Engine/Plugins/2D/Paper2D/Content/OpaqueUnlitSpriteMaterial.uasset" 273
"../../../Amonia/Content/2DSideScroller/Textures/2DBackground.uasset" 274
"../../../Amonia/Content/2DSideScroller/Sprites/Background_Sprite.uasset" 275
"../../../Amonia/Content/2DSideScroller/Textures/2DBackgroundBlockAtlas.uasset" 276
"../../../Amonia/Content/2DSideScroller/Sprites/Ledge.uasset" 277
"../../../Amonia/Content/2DSideScrollerBP/Maps/2DSideScrollerExampleMap.umap" 278
"../../../Amonia/Content/Amonia/Sprites/Weapons/arrow_flipped.uasset" 279
"../../../Amonia/Content/Amonia/Sprites/Weapons/arrow_flipped_Sprite.uasset" 280
"../../../Amonia/Content/Amonia/blueprints/Bp_arrow.uasset" 281
"../../../Amonia/Content/Amonia/Sprites/Enemy/turret_arrow_1.uasset" 282
"../../../Amonia/Content/Amonia/Sprites/Enemy/turret_arrow_1_Sprite.uasset" 283
"../../../Amonia/Content/Amonia/Sprites/Enemy/turret_arrow_2.uasset" 284
"../../../Amonia/Content/Amonia/Sprites/Enemy/turret_arrow_2_Sprite.uasset" 285
"../../../Amonia/Content/Amonia/Sprites/Enemy/A_active_turret.uasset" 286
"../../../Amonia/Content/Amonia/blueprints/BP_Turret.uasset" 287
"../../../Amonia/Content/Amonia/blueprints/Bp_arrow_right.uasset" 288
"../../../Amonia/Content/Amonia/Sprites/Enemy/turret_arrow_right_1.uasset" 289
"../../../Amonia/Content/Amonia/Sprites/Enemy/turret_arrow_right_1_Sprite.uasset" 290
"../../../Amonia/Content/Amonia/Sprites/Enemy/turret_arrow_right_2.uasset" 291
"../../../Amonia/Content/Amonia/Sprites/Enemy/turret_arrow_right_2_Sprite.uasset" 292
"../../../Amonia/Content/Amonia/Sprites/Enemy/A_active_turret_right.uasset" 293
"../../../Amonia/Content/Amonia/blueprints/BP_Turret_right.uasset" 294
"../../../Amonia/Content/Amonia/Sprites/env/berry_bush.uasset" 295
"../../../Amonia/Content/Amonia/Sprites/env/berry_bush_Sprite.uasset" 296
"../../../Amonia/Content/Amonia/blueprints/Berry_bush.uasset" 297
"../../../Amonia/Content/Amonia/Sprites/env/spikes.uasset" 298
"../../../Amonia/Content/Amonia/Sprites/env/spikes_Sprite.uasset" 299
"../../../Amonia/Content/Amonia/blueprints/BP_trap.uasset" 300
"../../../Amonia/Content/Amonia/blueprints/FallingCollision.uasset" 301
"../../../Amonia/Content/Amonia/Sprites/env/finish_flag.uasset" 302
"../../../Amonia/Content/Amonia/Sprites/env/finish_flag_Sprite.uasset" 303
"../../../Amonia/Content/Amonia/blueprints/Level_finish.uasset" 304
"../../../Amonia/Content/Amonia/blueprints/NPC_dialogue.uasset" 305
"../../../Amonia/Content/Amonia/Sprites/NPCs/npcIdle1_flipped.uasset" 306
"../../../Amonia/Content/Amonia/Sprites/NPCs/npcIdle1_flipped_Sprite.uasset" 307
"../../../Amonia/Content/Amonia/Sprites/NPCs/npcIdle2_flipped.uasset" 308
"../../../Amonia/Content/Amonia/Sprites/NPCs/npcIdle2_flipped_Sprite.uasset" 309
"../../../Amonia/Content/Amonia/Sprites/NPCs/A_npc_woman_flipped.uasset" 310
"../../../Amonia/Content/Amonia/Sprites/NPCs/NPC_1_tutorial.uasset" 311
"../../../Amonia/Content/Amonia/text/tutorial_1.uasset" 312
"../../../Amonia/Content/Amonia/text/tutorial_2.uasset" 313
"../../../Amonia/Content/Amonia/text/tutorial_3.uasset" 314
"../../../Amonia/Content/Amonia/text/tutorial_4.uasset" 315
"../../../Amonia/Content/Amonia/text/tutorial_5.uasset" 316
"../../../Amonia/Content/Amonia/text/tutorial_6.uasset" 317
"../../../Amonia/Content/Amonia/text/tutorial_7.uasset" 318
"../../../Amonia/Content/Amonia/text/tutorial_8.uasset" 319
"../../../Amonia/Content/Amonia/text/tutorial_9.uasset" 320
"../../../Amonia/Content/Amonia/maps/Level_00_BuiltData.uasset" 321
"../../../Engine/Plugins/2D/Paper2D/Content/MaskedUnlitSpriteMaterial.uasset" 322
"../../../Engine/Plugins/2D/Paper2D/Content/TranslucentUnlitSpriteMaterial.uasset" 323
"../../../Amonia/Content/Amonia/Sprites/env/berry_bush_picked.uasset" 324
"../../../Amonia/Content/Amonia/Sprites/env/berry_bush_picked_Sprite.uasset" 325
"../../../Amonia/Content/Amonia/Sprites/env/bush2.uasset" 326
"../../../Amonia/Content/Amonia/Sprites/env/bush2_Sprite.uasset" 327
"../../../Amonia/Content/Amonia/Sprites/env/bush.uasset" 328
"../../../Amonia/Content/Amonia/Sprites/env/bush_Sprite.uasset" 329
"../../../Amonia/Content/Amonia/Sprites/env/Crate_small.uasset" 330
"../../../Amonia/Content/Amonia/Sprites/env/Crate_small_Sprite.uasset" 331
"../../../Amonia/Content/Amonia/Sprites/env/Dirt_small.uasset" 332
"../../../Amonia/Content/Amonia/Sprites/env/Dirt_small_Sprite.uasset" 333
"../../../Amonia/Content/Amonia/Sprites/env/dirt.uasset" 334
"../../../Amonia/Content/Amonia/Sprites/env/dirt_Sprite.uasset" 335
"../../../Amonia/Content/Amonia/Sprites/env/fruit_treetop.uasset" 336
"../../../Amonia/Content/Amonia/Sprites/env/fruit_treetop_Sprite.uasset" 337
"../../../Amonia/Content/Amonia/Sprites/env/Grass_small_slope_left.uasset" 338
"../../../Amonia/Content/Amonia/Sprites/env/Grass_small_slope_left_Sprite.uasset" 339
"../../../Amonia/Content/Amonia/Sprites/env/Grass_small_slope_right.uasset" 340
"../../../Amonia/Content/Amonia/Sprites/env/Grass_small_slope_right_Sprite.uasset" 341
"../../../Amonia/Content/Amonia/Sprites/env/Grass_small.uasset" 342
"../../../Amonia/Content/Amonia/Sprites/env/Grass_small_Sprite.uasset" 343
"../../../Amonia/Content/Amonia/Sprites/env/grass.uasset" 344
"../../../Amonia/Content/Amonia/Sprites/env/grass_Sprite.uasset" 345
"../../../Amonia/Content/Amonia/Sprites/env/Skybush_small_center.uasset" 346
"../../../Amonia/Content/Amonia/Sprites/env/Skybush_small_center_Sprite.uasset" 347
"../../../Amonia/Content/Amonia/Sprites/env/Skybush_small_left.uasset" 348
"../../../Amonia/Content/Amonia/Sprites/env/Skybush_small_left_Sprite.uasset" 349
"../../../Amonia/Content/Amonia/Sprites/env/Skybush_small_right.uasset" 350
"../../../Amonia/Content/Amonia/Sprites/env/Skybush_small_right_Sprite.uasset" 351
"../../../Amonia/Content/Amonia/Sprites/env/Skybush_small.uasset" 352
"../../../Amonia/Content/Amonia/Sprites/env/Skybush_small_Sprite.uasset" 353
"../../../Amonia/Content/Amonia/Sprites/env/skybush.uasset" 354
"../../../Amonia/Content/Amonia/Sprites/env/skybush_Sprite.uasset" 355
"../../../Amonia/Content/Amonia/Sprites/env/Stone.uasset" 356
"../../../Amonia/Content/Amonia/Sprites/env/Stone_Sprite.uasset" 357
"../../../Amonia/Content/Amonia/Sprites/env/stump.uasset" 358
"../../../Amonia/Content/Amonia/Sprites/env/stump_Sprite.uasset" 359
"../../../Amonia/Content/Amonia/Sprites/env/treetop.uasset" 360
"../../../Amonia/Content/Amonia/Sprites/env/treetop_Sprite.uasset" 361
"../../../Amonia/Content/Amonia/Sprites/env/window.uasset" 362
"../../../Amonia/Content/Amonia/Sprites/env/window_Sprite.uasset" 363
"../../../Amonia/Content/Amonia/Sprites/env/Wood_build.uasset" 364
"../../../Amonia/Content/Amonia/Sprites/env/Wood_build_Sprite.uasset" 365
"../../../Amonia/Content/Amonia/Sprites/env/Wood_door.uasset" 366
"../../../Amonia/Content/Amonia/Sprites/env/Wood_door_Sprite.uasset" 367
"../../../Amonia/Content/Amonia/Sprites/env/Wood_roof_center.uasset" 368
"../../../Amonia/Content/Amonia/Sprites/env/Wood_roof_center_Sprite.uasset" 369
"../../../Amonia/Content/Amonia/Sprites/env/Wood_roof_left.uasset" 370
"../../../Amonia/Content/Amonia/Sprites/env/Wood_roof_left_Sprite.uasset" 371
"../../../Amonia/Content/Amonia/Sprites/env/Wood_roof_right.uasset" 372
"../../../Amonia/Content/Amonia/Sprites/env/Wood_roof_right_Sprite.uasset" 373
"../../../Amonia/Content/Amonia/Sprites/env/wood.uasset" 374
"../../../Amonia/Content/Amonia/Sprites/env/wood_Sprite.uasset" 375
"../../../Amonia/Content/Amonia/Sprites/env/Wood_wall.uasset" 376
"../../../Amonia/Content/Amonia/Sprites/env/Wood_wall_Sprite.uasset" 377
"../../../Amonia/Content/Amonia/maps/Level_00.umap" 378
"../../../Amonia/Content/Amonia/maps/MainMenu.umap" 379
"../../../Engine/Content/Maps/Entry.umap" 380
