Log file open, 02/20/18 15:15:28
LogInit:Display: Running engine for game: Amonia
LogPlatformFile: Not using cached read wrapper
LogInit:Display: RandInit(337143595) SRandInit(337143595).
LogTaskGraph: Started task graph with 5 named threads and 8 total threads with 1 sets of task threads.
LogStats: Stats thread started at 0.103253
LogPluginManager: Loaded Plugin Paper2D, From C:/Program Files/Epic Games/UE_4.14/Engine/Plugins/2D/Paper2D/Paper2D.uplugin
LogPluginManager: Loaded Plugin LightPropagationVolume, From C:/Program Files/Epic Games/UE_4.14/Engine/Plugins/Blendables/LightPropagationVolume/LightPropagationVolume.uplugin
LogPluginManager: Loaded Plugin BlankPlugin, From C:/Program Files/Epic Games/UE_4.14/Engine/Plugins/Developer/BlankPlugin/BlankPlugin.uplugin
LogPluginManager: Loaded Plugin CodeLiteSourceCodeAccess, From C:/Program Files/Epic Games/UE_4.14/Engine/Plugins/Developer/CodeLiteSourceCodeAccess/CodeLiteSourceCodeAccess.uplugin
LogPluginManager: Loaded Plugin GitSourceControl, From C:/Program Files/Epic Games/UE_4.14/Engine/Plugins/Developer/GitSourceControl/GitSourceControl.uplugin
LogPluginManager: Loaded Plugin KDevelopSourceCodeAccess, From C:/Program Files/Epic Games/UE_4.14/Engine/Plugins/Developer/KDevelopSourceCodeAccess/KDevelopSourceCodeAccess.uplugin
LogPluginManager: Loaded Plugin NullSourceCodeAccess, From C:/Program Files/Epic Games/UE_4.14/Engine/Plugins/Developer/NullSourceCodeAccess/NullSourceCodeAccess.uplugin
LogPluginManager: Loaded Plugin OneSkyLocalizationService, From C:/Program Files/Epic Games/UE_4.14/Engine/Plugins/Developer/OneSkyLocalizationService/OneSkyLocalizationService.uplugin
LogPluginManager: Loaded Plugin PerforceSourceControl, From C:/Program Files/Epic Games/UE_4.14/Engine/Plugins/Developer/PerforceSourceControl/PerforceSourceControl.uplugin
LogPluginManager: Loaded Plugin SubversionSourceControl, From C:/Program Files/Epic Games/UE_4.14/Engine/Plugins/Developer/SubversionSourceControl/SubversionSourceControl.uplugin
LogPluginManager: Loaded Plugin UObjectPlugin, From C:/Program Files/Epic Games/UE_4.14/Engine/Plugins/Developer/UObjectPlugin/UObjectPlugin.uplugin
LogPluginManager: Loaded Plugin VisualStudioSourceCodeAccess, From C:/Program Files/Epic Games/UE_4.14/Engine/Plugins/Developer/VisualStudioSourceCodeAccess/VisualStudioSourceCodeAccess.uplugin
LogPluginManager: Loaded Plugin XCodeSourceCodeAccess, From C:/Program Files/Epic Games/UE_4.14/Engine/Plugins/Developer/XCodeSourceCodeAccess/XCodeSourceCodeAccess.uplugin
LogPluginManager: Loaded Plugin AudioCapture, From C:/Program Files/Epic Games/UE_4.14/Engine/Plugins/Editor/AudioCapture/AudioCapture.uplugin
LogPluginManager: Loaded Plugin EpicSurvey, From C:/Program Files/Epic Games/UE_4.14/Engine/Plugins/Editor/EpicSurvey/EpicSurvey.uplugin
LogPluginManager: Loaded Plugin MacGraphicsSwitching, From C:/Program Files/Epic Games/UE_4.14/Engine/Plugins/Editor/MacGraphicsSwitching/MacGraphicsSwitching.uplugin
LogPluginManager: Loaded Plugin MobileLauncherProfileWizard, From C:/Program Files/Epic Games/UE_4.14/Engine/Plugins/Editor/MobileLauncherProfileWizard/MobileLauncherProfileWizard.uplugin
LogPluginManager: Loaded Plugin PluginBrowser, From C:/Program Files/Epic Games/UE_4.14/Engine/Plugins/Editor/PluginBrowser/PluginBrowser.uplugin
LogPluginManager: Loaded Plugin SpeedTreeImporter, From C:/Program Files/Epic Games/UE_4.14/Engine/Plugins/Editor/SpeedTreeImporter/SpeedTreeImporter.uplugin
LogPluginManager: Loaded Plugin SuperSearchEditor, From C:/Program Files/Epic Games/UE_4.14/Engine/Plugins/Editor/SuperSearchEditor/SuperSearchEditor.uplugin
LogPluginManager: Loaded Plugin AlembicImporter, From C:/Program Files/Epic Games/UE_4.14/Engine/Plugins/Experimental/AlembicImporter/AlembicImporter.uplugin
LogPluginManager: Loaded Plugin BlueprintStats, From C:/Program Files/Epic Games/UE_4.14/Engine/Plugins/Experimental/BlueprintStats/BlueprintStats.uplugin
LogPluginManager: Loaded Plugin CharacterAI, From C:/Program Files/Epic Games/UE_4.14/Engine/Plugins/Experimental/CharacterAI/CharacterAI.uplugin
LogPluginManager: Loaded Plugin CodeEditor, From C:/Program Files/Epic Games/UE_4.14/Engine/Plugins/Experimental/CodeEditor/CodeEditor.uplugin
LogPluginManager: Loaded Plugin CodeView, From C:/Program Files/Epic Games/UE_4.14/Engine/Plugins/Experimental/CodeView/CodeView.uplugin
LogPluginManager: Loaded Plugin HTML5Networking, From C:/Program Files/Epic Games/UE_4.14/Engine/Plugins/Experimental/HTML5Networking/HTML5Networking.uplugin
LogPluginManager: Loaded Plugin OSVR, From C:/Program Files/Epic Games/UE_4.14/Engine/Plugins/Experimental/OSVR/OSVR.uplugin
LogPluginManager: Loaded Plugin Phya, From C:/Program Files/Epic Games/UE_4.14/Engine/Plugins/Experimental/Phya/Phya.uplugin
LogPluginManager: Loaded Plugin SignificanceManager, From C:/Program Files/Epic Games/UE_4.14/Engine/Plugins/Experimental/SignificanceManager/SignificanceManager.uplugin
LogPluginManager: Loaded Plugin SimpleHMD, From C:/Program Files/Epic Games/UE_4.14/Engine/Plugins/Experimental/SimpleHMD/SimpleHMD.uplugin
LogPluginManager: Loaded Plugin StereoPanorama, From C:/Program Files/Epic Games/UE_4.14/Engine/Plugins/Experimental/StereoPanorama/StereoPanorama.uplugin
LogPluginManager: Loaded Plugin StructBox, From C:/Program Files/Epic Games/UE_4.14/Engine/Plugins/Experimental/StructBox/StructBox.uplugin
LogPluginManager: Loaded Plugin AndroidMedia, From C:/Program Files/Epic Games/UE_4.14/Engine/Plugins/Media/AndroidMedia/AndroidMedia.uplugin
LogPluginManager: Loaded Plugin AvfMedia, From C:/Program Files/Epic Games/UE_4.14/Engine/Plugins/Media/AvfMedia/AvfMedia.uplugin
LogPluginManager: Loaded Plugin MediaPlayerEditor, From C:/Program Files/Epic Games/UE_4.14/Engine/Plugins/Media/MediaPlayerEditor/MediaPlayerEditor.uplugin
LogPluginManager: Loaded Plugin WmfMedia, From C:/Program Files/Epic Games/UE_4.14/Engine/Plugins/Media/WmfMedia/WmfMedia.uplugin
LogPluginManager: Loaded Plugin MessagingDebugger, From C:/Program Files/Epic Games/UE_4.14/Engine/Plugins/Messaging/MessagingDebugger/MessagingDebugger.uplugin
LogPluginManager: Loaded Plugin TcpMessaging, From C:/Program Files/Epic Games/UE_4.14/Engine/Plugins/Messaging/TcpMessaging/TcpMessaging.uplugin
LogPluginManager: Loaded Plugin UdpMessaging, From C:/Program Files/Epic Games/UE_4.14/Engine/Plugins/Messaging/UdpMessaging/UdpMessaging.uplugin
LogPluginManager: Loaded Plugin LevelSequenceEditor, From C:/Program Files/Epic Games/UE_4.14/Engine/Plugins/MovieScene/LevelSequenceEditor/LevelSequenceEditor.uplugin
LogPluginManager: Loaded Plugin MatineeToLevelSequence, From C:/Program Files/Epic Games/UE_4.14/Engine/Plugins/MovieScene/MatineeToLevelSequence/MatineeToLevelSequence.uplugin
LogPluginManager: Loaded Plugin NetcodeUnitTest, From C:/Program Files/Epic Games/UE_4.14/Engine/Plugins/NetcodeUnitTest/NetcodeUnitTest/NetcodeUnitTest.uplugin
LogPluginManager: Loaded Plugin NUTUnrealEngine4, From C:/Program Files/Epic Games/UE_4.14/Engine/Plugins/NetcodeUnitTest/NUTUnrealEngine4/NUTUnrealEngine4.uplugin
LogPluginManager: Loaded Plugin OnlineSubsystemGameCircle, From C:/Program Files/Epic Games/UE_4.14/Engine/Plugins/Online/Android/OnlineSubsystemGameCircle/OnlineSubsystemGameCircle.uplugin
LogPluginManager: Loaded Plugin OnlineSubsystemGooglePlay, From C:/Program Files/Epic Games/UE_4.14/Engine/Plugins/Online/Android/OnlineSubsystemGooglePlay/OnlineSubsystemGooglePlay.uplugin
LogPluginManager: Loaded Plugin OnlineSubsystemIOS, From C:/Program Files/Epic Games/UE_4.14/Engine/Plugins/Online/IOS/OnlineSubsystemIOS/OnlineSubsystemIOS.uplugin
LogPluginManager: Loaded Plugin OnlineFramework, From C:/Program Files/Epic Games/UE_4.14/Engine/Plugins/Online/OnlineFramework/OnlineFramework.uplugin
LogPluginManager: Loaded Plugin OnlineSubsystem, From C:/Program Files/Epic Games/UE_4.14/Engine/Plugins/Online/OnlineSubsystem/OnlineSubsystem.uplugin
LogPluginManager: Loaded Plugin OnlineSubsystemAmazon, From C:/Program Files/Epic Games/UE_4.14/Engine/Plugins/Online/OnlineSubsystemAmazon/OnlineSubsystemAmazon.uplugin
LogPluginManager: Loaded Plugin OnlineSubsystemFacebook, From C:/Program Files/Epic Games/UE_4.14/Engine/Plugins/Online/OnlineSubsystemFacebook/OnlineSubsystemFacebook.uplugin
LogPluginManager: Loaded Plugin OnlineSubsystemNull, From C:/Program Files/Epic Games/UE_4.14/Engine/Plugins/Online/OnlineSubsystemNull/OnlineSubsystemNull.uplugin
LogPluginManager: Loaded Plugin OnlineSubsystemOculus, From C:/Program Files/Epic Games/UE_4.14/Engine/Plugins/Online/OnlineSubsystemOculus/OnlineSubsystemOculus.uplugin
LogPluginManager: Loaded Plugin OnlineSubsystemSteam, From C:/Program Files/Epic Games/UE_4.14/Engine/Plugins/Online/OnlineSubsystemSteam/OnlineSubsystemSteam.uplugin
LogPluginManager: Loaded Plugin OnlineSubsystemUtils, From C:/Program Files/Epic Games/UE_4.14/Engine/Plugins/Online/OnlineSubsystemUtils/OnlineSubsystemUtils.uplugin
LogPluginManager: Loaded Plugin IOSTapJoy, From C:/Program Files/Epic Games/UE_4.14/Engine/Plugins/Runtime/Advertising/IOSTapJoy/IOSTapJoy.uplugin
LogPluginManager: Loaded Plugin AnalyticsBlueprintLibrary, From C:/Program Files/Epic Games/UE_4.14/Engine/Plugins/Runtime/Analytics/AnalyticsBlueprintLibrary/AnalyticsBlueprintLibrary.uplugin
LogPluginManager: Loaded Plugin AnalyticsMulticast, From C:/Program Files/Epic Games/UE_4.14/Engine/Plugins/Runtime/Analytics/AnalyticsMulticast/AnalyticsMulticast.uplugin
LogPluginManager: Loaded Plugin Apsalar, From C:/Program Files/Epic Games/UE_4.14/Engine/Plugins/Runtime/Analytics/Apsalar/Apsalar.uplugin
LogPluginManager: Loaded Plugin FileLogging, From C:/Program Files/Epic Games/UE_4.14/Engine/Plugins/Runtime/Analytics/FileLogging/FileLogging.uplugin
LogPluginManager: Loaded Plugin Flurry, From C:/Program Files/Epic Games/UE_4.14/Engine/Plugins/Runtime/Analytics/Flurry/Flurry.uplugin
LogPluginManager: Loaded Plugin AndroidDeviceProfileSelector, From C:/Program Files/Epic Games/UE_4.14/Engine/Plugins/Runtime/AndroidDeviceProfileSelector/AndroidDeviceProfileSelector.uplugin
LogPluginManager: Loaded Plugin AndroidMoviePlayer, From C:/Program Files/Epic Games/UE_4.14/Engine/Plugins/Runtime/AndroidMoviePlayer/AndroidMoviePlayer.uplugin
LogPluginManager: Loaded Plugin AppleMoviePlayer, From C:/Program Files/Epic Games/UE_4.14/Engine/Plugins/Runtime/AppleMoviePlayer/AppleMoviePlayer.uplugin
LogPluginManager: Loaded Plugin ArchVisCharacter, From C:/Program Files/Epic Games/UE_4.14/Engine/Plugins/Runtime/ArchVisCharacter/ArchVisCharacter.uplugin
LogPluginManager: Loaded Plugin CableComponent, From C:/Program Files/Epic Games/UE_4.14/Engine/Plugins/Runtime/CableComponent/CableComponent.uplugin
LogPluginManager: Loaded Plugin CustomMeshComponent, From C:/Program Files/Epic Games/UE_4.14/Engine/Plugins/Runtime/CustomMeshComponent/CustomMeshComponent.uplugin
LogPluginManager: Loaded Plugin ExampleDeviceProfileSelector, From C:/Program Files/Epic Games/UE_4.14/Engine/Plugins/Runtime/ExampleDeviceProfileSelector/ExampleDeviceProfileSelector.uplugin
LogPluginManager: Loaded Plugin GearVR, From C:/Program Files/Epic Games/UE_4.14/Engine/Plugins/Runtime/GearVR/GearVR.uplugin
LogPluginManager: Loaded Plugin GoogleVRController, From C:/Program Files/Epic Games/UE_4.14/Engine/Plugins/Runtime/GoogleVR/GoogleVRController/GoogleVRController.uplugin
LogPluginManager: Loaded Plugin GoogleVRHMD, From C:/Program Files/Epic Games/UE_4.14/Engine/Plugins/Runtime/GoogleVR/GoogleVRHMD/GoogleVRHMD.uplugin
LogPluginManager: Loaded Plugin IOSDeviceProfileSelector, From C:/Program Files/Epic Games/UE_4.14/Engine/Plugins/Runtime/IOSDeviceProfileSelector/IOSDeviceProfileSelector.uplugin
LogPluginManager: Loaded Plugin LeapMotion, From C:/Program Files/Epic Games/UE_4.14/Engine/Plugins/Runtime/LeapMotion/LeapMotion.uplugin
LogPluginManager: Loaded Plugin LinuxDeviceProfileSelector, From C:/Program Files/Epic Games/UE_4.14/Engine/Plugins/Runtime/LinuxDeviceProfileSelector/LinuxDeviceProfileSelector.uplugin
LogPluginManager: Loaded Plugin MIDIDevice, From C:/Program Files/Epic Games/UE_4.14/Engine/Plugins/Runtime/MIDIDevice/MIDIDevice.uplugin
LogPluginManager: Loaded Plugin MobilePatchingUtils, From C:/Program Files/Epic Games/UE_4.14/Engine/Plugins/Runtime/MobilePatchingUtils/MobilePatchingUtils.uplugin
LogPluginManager: Loaded Plugin Ansel, From C:/Program Files/Epic Games/UE_4.14/Engine/Plugins/Runtime/Nvidia/Ansel/Ansel.uplugin
LogPluginManager: Loaded Plugin OculusAudio, From C:/Program Files/Epic Games/UE_4.14/Engine/Plugins/Runtime/OculusAudio/OculusAudio.uplugin
LogPluginManager: Loaded Plugin OculusInput, From C:/Program Files/Epic Games/UE_4.14/Engine/Plugins/Runtime/OculusInput/OculusInput.uplugin
LogPluginManager: Loaded Plugin OculusLibrary, From C:/Program Files/Epic Games/UE_4.14/Engine/Plugins/Runtime/OculusLibrary/OculusLibrary.uplugin
LogPluginManager: Loaded Plugin OculusRift, From C:/Program Files/Epic Games/UE_4.14/Engine/Plugins/Runtime/OculusRift/OculusRift.uplugin
LogPluginManager: Loaded Plugin Oodle, From C:/Program Files/Epic Games/UE_4.14/Engine/Plugins/Runtime/PacketHandlers/CompressionComponents/Oodle/Oodle.uplugin
LogPluginManager: Loaded Plugin ProceduralMeshComponent, From C:/Program Files/Epic Games/UE_4.14/Engine/Plugins/Runtime/ProceduralMeshComponent/ProceduralMeshComponent.uplugin
LogPluginManager: Loaded Plugin SoundMod, From C:/Program Files/Epic Games/UE_4.14/Engine/Plugins/Runtime/SoundMod/SoundMod.uplugin
LogPluginManager: Loaded Plugin SoundVisualizations, From C:/Program Files/Epic Games/UE_4.14/Engine/Plugins/Runtime/SoundVisualizations/SoundVisualizations.uplugin
LogPluginManager: Loaded Plugin SteamController, From C:/Program Files/Epic Games/UE_4.14/Engine/Plugins/Runtime/Steam/SteamController/SteamController.uplugin
LogPluginManager: Loaded Plugin SteamVR, From C:/Program Files/Epic Games/UE_4.14/Engine/Plugins/Runtime/Steam/SteamVR/SteamVR.uplugin
LogPluginManager: Loaded Plugin WebBrowserWidget, From C:/Program Files/Epic Games/UE_4.14/Engine/Plugins/Runtime/WebBrowserWidget/WebBrowserWidget.uplugin
LogPluginManager: Loaded Plugin WindowsDeviceProfileSelector, From C:/Program Files/Epic Games/UE_4.14/Engine/Plugins/Runtime/WindowsDeviceProfileSelector/WindowsDeviceProfileSelector.uplugin
LogPluginManager: Loaded Plugin WindowsMoviePlayer, From C:/Program Files/Epic Games/UE_4.14/Engine/Plugins/Runtime/WindowsMoviePlayer/WindowsMoviePlayer.uplugin
LogPluginManager: Loaded Plugin ScriptPlugin, From C:/Program Files/Epic Games/UE_4.14/Engine/Plugins/ScriptPlugin/ScriptPlugin.uplugin
LogPluginManager: Loaded Plugin SlateRemote, From C:/Program Files/Epic Games/UE_4.14/Engine/Plugins/Slate/SlateRemote/SlateRemote.uplugin
LogPluginManager: Loaded Plugin EditorTests, From C:/Program Files/Epic Games/UE_4.14/Engine/Plugins/Tests/EditorTests/EditorTests.uplugin
LogPluginManager: Loaded Plugin FbxAutomationTestBuilder, From C:/Program Files/Epic Games/UE_4.14/Engine/Plugins/Tests/FbxAutomationTestBuilder/FbxAutomationTestBuilder.uplugin
LogPluginManager: Loaded Plugin FunctionalTestingEditor, From C:/Program Files/Epic Games/UE_4.14/Engine/Plugins/Tests/FunctionalTestingEditor/FunctionalTestingEditor.uplugin
LogPluginManager: Loaded Plugin RuntimeTests, From C:/Program Files/Epic Games/UE_4.14/Engine/Plugins/Tests/RuntimeTests/RuntimeTests.uplugin
LogPluginManager: Loaded Plugin ScreenshotTools, From C:/Program Files/Epic Games/UE_4.14/Engine/Plugins/Tests/ScreenshotTools/ScreenshotTools.uplugin
LogInit: Using libcurl 7.47.1
LogInit:  - built for x86_64-pc-win32
LogInit:  - supports SSL with OpenSSL/1.0.2g
LogInit:  - supports HTTP deflate (compression) using libz 1.2.8
LogInit:  - other features:
LogInit:      CURL_VERSION_SSL
LogInit:      CURL_VERSION_LIBZ
LogInit:      CURL_VERSION_IPV6
LogInit:      CURL_VERSION_ASYNCHDNS
LogInit:      CURL_VERSION_LARGEFILE
LogInit:      CURL_VERSION_IDN
LogInit:  CurlRequestOptions (configurable via config and command line):
LogInit:  - bVerifyPeer = false  - Libcurl will NOT verify peer certificate
LogInit:  - bUseHttpProxy = false  - Libcurl will NOT use HTTP proxy
LogInit:  - bDontReuseConnections = false  - Libcurl will reuse connections
LogInit:  - CertBundlePath = nullptr  - Libcurl will use whatever was configured at build time.
LogInit: Build: ++UE4+Release-4.14-CL-3249277
LogInit: Engine Version: 4.14.3-3249277+++UE4+Release-4.14
LogInit: Compatible Engine Version: 4.14.0-3195953+++UE4+Release-4.14
LogInit: Net CL: 3195953
LogDevObjectVersion: Number of dev versions registered: 13
LogDevObjectVersion:   Dev-Blueprints (B0D832E4-1F89-4F0D-ACCF-7EB736FD4AA2): 7
LogDevObjectVersion:   Dev-Build (E1C64328-A22C-4D53-A36C-8E866417BD8C): 0
LogDevObjectVersion:   Dev-Core (375EC13C-06E4-48FB-B500-84F0262A717E): 1
LogDevObjectVersion:   Dev-Editor (E4B068ED-F494-42E9-A231-DA0B2E46BB41): 8
LogDevObjectVersion:   Dev-Framework (CFFC743F-43B0-4480-9391-14DF171D2073): 17
LogDevObjectVersion:   Dev-Mobile (B02B49B5-BB20-44E9-A304-32B752E40360): 0
LogDevObjectVersion:   Dev-Networking (A4E4105C-59A1-49B5-A7C5-40C4547EDFEE): 0
LogDevObjectVersion:   Dev-Online (39C831C9-5AE6-47DC-9A44-9C173E1C8E7C): 0
LogDevObjectVersion:   Dev-Physics (78F01B33-EBEA-4F98-B9B4-84EACCB95AA2): 0
LogDevObjectVersion:   Dev-Platform (6631380F-2D4D-43E0-8009-CF276956A95A): 0
LogDevObjectVersion:   Dev-Rendering (12F88B9F-8875-4AFC-A67C-D90C383ABD29): 12
LogDevObjectVersion:   Dev-Sequencer (7B5AE74C-D270-4C10-A958-57980B212A5A): 1
LogDevObjectVersion:   Dev-VR (D7296918-1DD6-4BDD-9DE2-64A83CC13884): 0
LogInit: Compiled (64-bit): Jan  6 2017 10:49:43
LogInit: Compiled with Visual C++: 19.00.23026.00
LogInit: Build Configuration: Development
LogInit: Branch Name: ++UE4+Release-4.14
LogInit: Command line: -EpicPortal 
LogInit: Base directory: C:/Program Files/Epic Games/UE_4.14/Engine/Binaries/Win64/
LogInit: Installed Engine Build: 1
LogInit: Presizing for max 8388607 objects, including 0 objects not considered by GC, pre-allocating 0 bytes for permanent pool.
LogInit: Object subsystem initialized
[2018.02.20-13.15.29:940][  0]LogInit: Selected Device Profile: [Windows]
[2018.02.20-13.15.29:940][  0]LogInit: Applying CVar settings loaded from the selected device profile: [Windows]
[2018.02.20-13.15.30:168][  0]LogInit: Computer: DESKTOP-9KN8K70
[2018.02.20-13.15.30:168][  0]LogInit: User: KozaFazan
[2018.02.20-13.15.30:168][  0]LogInit: CPU Page size=65536, Cores=4
[2018.02.20-13.15.30:168][  0]LogInit: High frequency timer resolution =2.143574 MHz
[2018.02.20-13.15.30:168][  0]LogMemory: Memory total: Physical=7.9GB (8GB approx)
[2018.02.20-13.15.30:168][  0]LogMemory: Platform Memory Stats for Windows
[2018.02.20-13.15.30:168][  0]LogMemory: Process Physical Memory: 263.89 MB used, 263.89 MB peak
[2018.02.20-13.15.30:168][  0]LogMemory: Process Virtual Memory: 262.34 MB used, 262.34 MB peak
[2018.02.20-13.15.30:168][  0]LogMemory: Physical Memory: 3927.37 MB used,  4156.91 MB free, 8084.27 MB total
[2018.02.20-13.15.30:168][  0]LogMemory: Virtual Memory: 662.04 MB used,  4156.91 MB free, 134217728.00 MB total
[2018.02.20-13.15.30:198][  0]LogTextLocalizationManager: No specific translations for ('en-US') exist, so ('en') translations will be used.
[2018.02.20-13.15.31:080][  0]LogD3D11RHI: D3D11 adapters:
[2018.02.20-13.15.31:085][  0]LogD3D11RHI:    0. 'Intel(R) HD Graphics 4000' (Feature Level 11_0)
[2018.02.20-13.15.31:085][  0]LogD3D11RHI:       32/0/1760 MB DedicatedVideo/DedicatedSystem/SharedSystem, Outputs:1, VendorId:0x8086
[2018.02.20-13.15.31:099][  0]LogD3D11RHI:    1. 'AMD Radeon HD 7600M Series' (Feature Level 11_0)
[2018.02.20-13.15.31:099][  0]LogD3D11RHI:       2028/0/3840 MB DedicatedVideo/DedicatedSystem/SharedSystem, Outputs:0, VendorId:0x1002
[2018.02.20-13.15.31:101][  0]LogD3D11RHI:    2. 'Microsoft Basic Render Driver' (Feature Level 11_0)
[2018.02.20-13.15.31:101][  0]LogD3D11RHI:       0/0/4042 MB DedicatedVideo/DedicatedSystem/SharedSystem, Outputs:0, VendorId:0x1414
[2018.02.20-13.15.31:101][  0]LogD3D11RHI: Chosen D3D11 Adapter: 1
[2018.02.20-13.15.31:108][  0]LogD3D11RHI: Creating new Direct3DDevice
[2018.02.20-13.15.31:108][  0]LogD3D11RHI:     GPU DeviceId: 0x6840 (for the marketing name, search the web for "GPU Device Id")
[2018.02.20-13.15.31:108][  0]LogWindows: EnumDisplayDevices:
[2018.02.20-13.15.31:108][  0]LogWindows:    0. 'Intel(R) HD Graphics 4000' (P:1 D:1)
[2018.02.20-13.15.31:109][  0]LogWindows:    1. 'Intel(R) HD Graphics 4000' (P:0 D:0)
[2018.02.20-13.15.31:109][  0]LogWindows:    2. 'Intel(R) HD Graphics 4000' (P:0 D:0)
[2018.02.20-13.15.31:109][  0]LogWindows: DebugString: PrimaryIsNotTheChoosenAdapter PrimaryIsNotTheChoosenAdapter PrimaryIsNotTheChoosenAdapter FoundDriverCount:0 
[2018.02.20-13.15.31:109][  0]LogD3D11RHI:     Adapter Name: AMD Radeon HD 7600M Series
[2018.02.20-13.15.31:109][  0]LogD3D11RHI:   Driver Version: Unknown (internal:Unknown, unified:Unknown)
[2018.02.20-13.15.31:109][  0]LogD3D11RHI:      Driver Date: Unknown
[2018.02.20-13.15.31:109][  0]LogRHI: Texture pool is 1361 MB (70% of 1945 MB)
[2018.02.20-13.15.31:120][  0]LogD3D11RHI: Async texture creation enabled
[2018.02.20-13.15.31:133][  0]LogD3D11RHI: GPU Timing Frequency: 27.000000 (Debug: 2 1)
[2018.02.20-13.15.31:134][  0]LogShaderCompilers: Guid format shader working directory is 29 characters bigger than the processId version (E:/Source Code/Amonia/Intermediate/Shaders/WorkingDirectory/8516/).
[2018.02.20-13.15.31:134][  0]LogShaderCompilers: Cleaned the shader compiler working directory 'C:/Users/KozaFazan/AppData/Local/Temp/UnrealShaderWorkingDir/057E72F94DA358062B3613919A7CF49B/'.
[2018.02.20-13.15.31:134][  0]LogShaderCompilers:Display: Using Local Shader Compiler.
[2018.02.20-13.15.34:669][  0]LogTemp:Display: Loaded TP AllDesktopTargetPlatform
[2018.02.20-13.15.34:786][  0]LogTemp:Display: Loaded TP MacClientTargetPlatform
[2018.02.20-13.15.34:898][  0]LogTemp:Display: Loaded TP MacNoEditorTargetPlatform
[2018.02.20-13.15.35:012][  0]LogTemp:Display: Loaded TP MacServerTargetPlatform
[2018.02.20-13.15.35:137][  0]LogTemp:Display: Loaded TP MacTargetPlatform
[2018.02.20-13.15.35:237][  0]LogTemp:Display: Loaded TP WindowsClientTargetPlatform
[2018.02.20-13.15.35:351][  0]LogTemp:Display: Loaded TP WindowsNoEditorTargetPlatform
[2018.02.20-13.15.35:460][  0]LogTemp:Display: Loaded TP WindowsServerTargetPlatform
[2018.02.20-13.15.35:554][  0]LogTemp:Display: Loaded TP WindowsTargetPlatform
[2018.02.20-13.15.35:659][  0]LogTemp:Display: Loaded TP AndroidTargetPlatform
[2018.02.20-13.15.36:136][  0]LogTemp:Display: Loaded TP Android_ASTCTargetPlatform
[2018.02.20-13.15.36:275][  0]LogTemp:Display: Loaded TP Android_ATCTargetPlatform
[2018.02.20-13.15.36:372][  0]LogTemp:Display: Loaded TP Android_DXTTargetPlatform
[2018.02.20-13.15.36:469][  0]LogTemp:Display: Loaded TP Android_ETC1TargetPlatform
[2018.02.20-13.15.36:605][  0]LogTemp:Display: Loaded TP Android_ETC2TargetPlatform
[2018.02.20-13.15.37:075][  0]LogTemp:Display: Loaded TP Android_MultiTargetPlatform
[2018.02.20-13.15.37:075][  0]LogTemp:Display: Loaded TP Android_PVRTCTargetPlatform
[2018.02.20-13.15.37:154][  0]LogTemp:Display: Loaded TP HTML5TargetPlatform
[2018.02.20-13.15.37:312][  0]LogTemp:Display: Loaded TP IOSTargetPlatform
[2018.02.20-13.15.37:382][  0]LogTemp:Display: Loaded TP TVOSTargetPlatform
[2018.02.20-13.15.37:495][  0]LogTemp:Display: Loaded TP LinuxClientTargetPlatform
[2018.02.20-13.15.37:613][  0]LogTemp:Display: Loaded TP LinuxNoEditorTargetPlatform
[2018.02.20-13.15.37:715][  0]LogTemp:Display: Loaded TP LinuxServerTargetPlatform
[2018.02.20-13.15.37:820][  0]LogTemp:Display: Loaded TP LinuxTargetPlatform
[2018.02.20-13.15.37:820][  0]LogTargetPlatformManager:Display: Building Assets For Windows
[2018.02.20-13.15.38:873][  0]LogDerivedDataCache:Display: Max Cache Size: 512 MB
[2018.02.20-13.15.38:946][  0]LogDerivedDataCache: Loaded boot cache 0.07s 50MB C:/Users/KozaFazan/AppData/Local/UnrealEngine/4.14/DerivedDataCache/Boot.ddc.
[2018.02.20-13.15.38:946][  0]LogDerivedDataCache:Display: Loaded Boot cache: C:/Users/KozaFazan/AppData/Local/UnrealEngine/4.14/DerivedDataCache/Boot.ddc
[2018.02.20-13.15.38:946][  0]LogDerivedDataCache: FDerivedDataBackendGraph:  Pak pak cache file E:/Source Code/Amonia/DerivedDataCache/DDC.ddp not found, will not use a pak cache.
[2018.02.20-13.15.38:946][  0]LogDerivedDataCache: Unable to find inner node Pak for hierarchical cache Hierarchy.
[2018.02.20-13.15.38:946][  0]LogDerivedDataCache: FDerivedDataBackendGraph:  CompressedPak pak cache file E:/Source Code/Amonia/DerivedDataCache/Compressed.ddp not found, will not use a pak cache.
[2018.02.20-13.15.38:946][  0]LogDerivedDataCache: Unable to find inner node CompressedPak for hierarchical cache Hierarchy.
[2018.02.20-13.15.38:970][  0]LogDerivedDataCache:Display: Pak cache opened for reading ../../../Engine/DerivedDataCache/Compressed.ddp.
[2018.02.20-13.15.38:984][  0]LogDerivedDataCache: Using Local data cache path C:/Users/KozaFazan/AppData/Local/UnrealEngine/Common/DerivedDataCache: Writable
[2018.02.20-13.15.39:405][  0]LogInit: Selected Device Profile: [Windows]
[2018.02.20-13.15.39:411][  0]LogContentStreaming: Texture pool size is 0.00 MB
[2018.02.20-13.15.39:761][  0]LogMeshUtilities: Using QuadricMeshReduction for automatic static mesh reduction
[2018.02.20-13.15.39:979][  0]LogSimplygon: Simplygon DLL not present - disabling.
[2018.02.20-13.15.40:227][  0]LogMeshUtilities: Using SimplygonSwarm for distributed automatic mesh merging
[2018.02.20-13.15.40:227][  0]LogMeshUtilities: No automatic skeletal mesh reduction module available
[2018.02.20-13.15.40:227][  0]LogMeshUtilities: No automatic mesh merging module available
[2018.02.20-13.15.41:146][  0]LogNetVersion: GetLocalNetworkVersion: CL: 3195953, ProjectName: amonia, ProjectVersion: , EngineNetworkVersion: 2, GameNetworkVersion: 0, NetworkChecksum: 2209561530
[2018.02.20-13.15.41:223][  0]LogAssetRegistry: FAssetRegistry took 0.0218 seconds to start up
[2018.02.20-13.15.42:108][  0]LogPackageLocalizationCache: Processed 3 localized package path(s) for 2 prioritized culture(s) in 0.845240 seconds
[2018.02.20-13.15.42:115][  0]LogUObjectArray: 31946 objects as part of root set at end of initial load.
[2018.02.20-13.15.42:115][  0]LogUObjectAllocator: 6935840 out of 0 bytes used by permanent object pool.
[2018.02.20-13.15.42:115][  0]LogUObjectArray: CloseDisregardForGC: 0/0 objects in disregard for GC pool
[2018.02.20-13.15.42:241][  0]LogInit: WinSock: version 1.1 (2.2), MaxSocks=32767, MaxUdp=65467
[2018.02.20-13.15.43:854][  0]LogSlate: Using Freetype 2.6.0
[2018.02.20-13.15.43:855][  0]LogSlate: SlateFontCache - WITH_FREETYPE: 1, WITH_HARFBUZZ: 1
[2018.02.20-13.15.43:855][  0]LogSlate: SlateFontCache - WITH_FREETYPE: 1, WITH_HARFBUZZ: 1
[2018.02.20-13.15.45:204][  0]LogTcpMessaging: Initializing TcpMessaging bridge
[2018.02.20-13.15.45:275][  0]LogUdpMessaging: Initializing bridge on interface 0.0.0.0:0 to multicast group 230.0.0.1:6666.
[2018.02.20-13.15.46:459][  0]LogMaterial: Uniform references updated for custom material expression Custom.
[2018.02.20-13.15.47:560][  0]SourceControl: Info Source control is disabled
[2018.02.20-13.15.47:561][  0]SourceControl: Info Source control is disabled
[2018.02.20-13.15.47:663][  0]SourceControl: Info Source control is disabled
[2018.02.20-13.15.48:000][  0]SourceControl: Info Source control is disabled
[2018.02.20-13.15.51:508][  0]LogEngine: Initializing Engine...
[2018.02.20-13.15.51:509][  0]LogHMD: Failed to initialize OpenVR with code 110
[2018.02.20-13.15.52:013][  0]LogAIModule: Creating AISystem for world Untitled
[2018.02.20-13.15.52:024][  0]LogInit: XAudio2 using 'Speakers (2- High Definition Audio Device)' : 2 channels at 44.1 kHz using 16 bits per sample (channel mask 0x3)
[2018.02.20-13.15.52:047][  0]LogInit: FAudioDevice initialized.
[2018.02.20-13.15.52:086][  0]LogDerivedDataCache: Saved boot cache 0.04s 50MB C:/Users/KozaFazan/AppData/Local/UnrealEngine/4.14/DerivedDataCache/Boot.ddc.
[2018.02.20-13.15.52:091][  0]LogInit: Texture streaming: Enabled
[2018.02.20-13.15.52:799][  0]LogInit: Transaction tracking system initialized
[2018.02.20-13.15.53:483][  0]BlueprintLog: New page: Editor Load
[2018.02.20-13.15.55:694][  0]LocalizationService: Info Localization service is disabled
[2018.02.20-13.15.57:039][  0]LogConsoleResponse:Display: 
[2018.02.20-13.15.57:451][  0]LogCook:Display: Max memory allowance for cook 16384mb min free memory 0mb
[2018.02.20-13.15.57:451][  0]LogCook:Display: Mobile HDR setting 1
[2018.02.20-13.15.57:959][  0]LogFileCache: Scanning file cache for directory 'E:/Source Code/Amonia/Content/' took 0.03s
[2018.02.20-13.15.59:847][  0]SourceControl: Info Source control is disabled
[2018.02.20-13.15.59:847][  0]Cmd: MAP LOAD FILE="E:/Source Code/Amonia/Content/Amonia/maps/Level_00.umap" TEMPLATE=0 SHOWPROGRESS=1 FEATURELEVEL=3
[2018.02.20-13.15.59:915][  0]LightingResults: New page: Lighting Build
[2018.02.20-13.15.59:996][  0]MapCheck: New page: Map Check
[2018.02.20-13.15.59:996][  0]LightingResults: New page: Lighting Build
[2018.02.20-13.16.08:605][  0]LogAIModule: Creating AISystem for world Level_00
[2018.02.20-13.16.09:103][  0]LogEditorServer: Finished looking for orphan Actors (0.000 secs)
[2018.02.20-13.16.09:316][  0]Cmd: MAP CHECKDEP NOCLEARLOG
[2018.02.20-13.16.09:427][  0]MapCheck: Info Map check complete: 0 Error(s), 0 Warning(s), took 110.131ms to complete.
[2018.02.20-13.16.09:427][  0]LogFileHelpers: Loading map 'Level_00' took 9.580
[2018.02.20-13.16.09:567][  0]LogWindowsTextInputMethodSystem:Display: IME system now deactivated.
[2018.02.20-13.16.10:779][  0]LogCollectionManager: Loaded 1 collections in 0.019653 seconds
[2018.02.20-13.16.11:142][  0]LogFileCache: Scanning file cache for directory 'E:/Source Code/Amonia/Saved/Collections/' took 0.01s
[2018.02.20-13.16.11:142][  0]LogFileCache: Scanning file cache for directory 'E:/Source Code/Amonia/Content/Developers/KozaFazan/Collections/' took 0.01s
[2018.02.20-13.16.11:142][  0]LogFileCache: Scanning file cache for directory 'E:/Source Code/Amonia/Content/Collections/' took 0.01s
[2018.02.20-13.16.11:142][  0]LogCollectionManager: Rebuilt the GUID cache for 1 collections in 0.000008 seconds
[2018.02.20-13.16.11:143][  0]LogCollectionManager: Rebuilt the hierarchy cache for 1 collections in 0.000003 seconds
[2018.02.20-13.16.11:210][  0]LogContentBrowser: Native class hierarchy populated in 0.0360 seconds. Added 2190 classes and 428 folders.
[2018.02.20-13.16.11:392][  0]LogStats: UGameplayTagsManager::ConstructGameplayTagTree: Construct from data asset -  0.000 s
[2018.02.20-13.16.11:397][  0]LogStats: UGameplayTagsManager::ConstructGameplayTagTree: GameplayTagTreeChangedEvent.Broadcast -  0.005 s
[2018.02.20-13.16.11:404][  0]LogContentBrowser: Native class hierarchy updated for 'GameplayTags' in 0.0060 seconds. Added 13 classes and 0 folders.
[2018.02.20-13.16.11:562][  0]LogContentBrowser: Native class hierarchy updated for 'WidgetCarousel' in 0.0059 seconds. Added 0 classes and 0 folders.
[2018.02.20-13.16.13:700][  0]LogContentBrowser: Native class hierarchy updated for 'AddContentDialog' in 0.0059 seconds. Added 0 classes and 0 folders.
[2018.02.20-13.16.13:858][  0]LogContentBrowser: Native class hierarchy updated for 'SceneOutliner' in 0.0058 seconds. Added 1 classes and 2 folders.
[2018.02.20-13.16.15:057][  0]LogCrashTracker: Crashtracker disabled due to settings.
[2018.02.20-13.16.15:270][  0]LogUObjectGlobals:Warning: Failed to find object 'Class None.'
[2018.02.20-13.16.15:413][  0]LogContentBrowser: Native class hierarchy updated for 'HierarchicalLODOutliner' in 0.0059 seconds. Added 1 classes and 2 folders.
[2018.02.20-13.16.15:413][  0]LogLoad: (Engine Initialization) Total time: 50.23 seconds
[2018.02.20-13.16.15:413][  0]LogLoad: (Engine Initialization) Total Blueprint compile time: 1.87 seconds
[2018.02.20-13.16.15:413][  0]LogExternalProfiler: No external profilers were discovered.  External profiling features will not be available.
[2018.02.20-13.16.15:425][  0]LogOcInput: OculusInput pre-init called
[2018.02.20-13.16.15:579][  0]LogContentStreaming: Texture pool size now 1000 MB
[2018.02.20-13.16.16:718][  0]LogRenderer: Reallocating scene render targets to support 800x372 NumSamples 1 (Frame:2).
[2018.02.20-13.16.17:479][  2]LogAssetRegistry: Asset discovery search completed in 36.2779 seconds
[2018.02.20-13.16.17:479][  2]LogCollectionManager: Rebuilt the object cache for 1 collections in 0.000010 seconds (found 0 objects)
[2018.02.20-13.16.17:479][  2]LogCollectionManager: Fixed up redirectors for 1 collections in 0.000028 seconds (updated 0 objects)
[2018.02.20-13.19.53:074][809]LogAIModule: Creating AISystem for world Level_S1L1
[2018.02.20-13.19.53:205][809]Cmd: MAP LOAD FILE="E:/Source Code/Amonia/Content/Amonia/maps/S1/L1/Level_S1L1.umap" TEMPLATE=0 SHOWPROGRESS=1 FEATURELEVEL=3
[2018.02.20-13.19.53:205][809]LightingResults: New page: Lighting Build
[2018.02.20-13.19.53:206][809]LoadErrors: New page: Loading map: Level_S1L1.umap
[2018.02.20-13.19.53:209][809]MapCheck: New page: Map Check
[2018.02.20-13.19.53:209][809]LightingResults: New page: Lighting Build
[2018.02.20-13.19.53:383][809]LogEditorServer: Finished looking for orphan Actors (0.000 secs)
[2018.02.20-13.19.53:438][809]Cmd: MAP CHECKDEP NOCLEARLOG
[2018.02.20-13.19.53:550][809]MapCheck: Info Map check complete: 0 Error(s), 0 Warning(s), took 111.143ms to complete.
[2018.02.20-13.19.53:550][809]LogFileHelpers: Loading map 'Level_S1L1' took 0.346
[2018.02.20-13.20.48:822][676]LogHttp:Warning: 0000021067BF6800: request failed, libcurl error: 35 (SSL connect error)
[2018.02.20-13.20.48:822][676]LogHttp:Warning: 0000021067BF6800: libcurl info message cache 0 (Connection 1 seems to be dead!)
[2018.02.20-13.20.48:822][676]LogHttp:Warning: 0000021067BF6800: libcurl info message cache 1 (Closing connection 1)
[2018.02.20-13.20.48:822][676]LogHttp:Warning: 0000021067BF6800: libcurl info message cache 2 (TLSv1.2 (OUT), TLS alert, Client hello (1):)
[2018.02.20-13.20.48:822][676]LogHttp:Warning: 0000021067BF6800: libcurl info message cache 3 (Connection 0 seems to be dead!)
[2018.02.20-13.20.48:822][676]LogHttp:Warning: 0000021067BF6800: libcurl info message cache 4 (Closing connection 0)
[2018.02.20-13.20.48:822][676]LogHttp:Warning: 0000021067BF6800: libcurl info message cache 5 (  Trying 35.153.41.199...)
[2018.02.20-13.20.48:822][676]LogHttp:Warning: 0000021067BF6800: libcurl info message cache 6 (Connected to datarouter.ol.epicgames.com (35.153.41.199) port 443 (#2))
[2018.02.20-13.20.48:822][676]LogHttp:Warning: 0000021067BF6800: libcurl info message cache 7 (ALPN, offering http/1.1)
[2018.02.20-13.20.48:822][676]LogHttp:Warning: 0000021067BF6800: libcurl info message cache 8 (Cipher selection: ALL:!EXPORT:!EXPORT40:!EXPORT56:!aNULL:!LOW:!RC4:@STRENGTH)
[2018.02.20-13.20.48:822][676]LogHttp:Warning: 0000021067BF6800: libcurl info message cache 9 (SSL re-using session ID)
[2018.02.20-13.20.48:822][676]LogHttp:Warning: 0000021067BF6800: libcurl info message cache 10 (TLSv1.2 (OUT), TLS handshake, Client hello (1):)
[2018.02.20-13.20.48:822][676]LogHttp:Warning: 0000021067BF6800: libcurl info message cache 11 (TLSv1.2 (IN), TLS handshake, Server hello (2):)
[2018.02.20-13.20.48:822][676]LogHttp:Warning: 0000021067BF6800: libcurl info message cache 12 (TLSv1.2 (IN), TLS handshake, Certificate (11):)
[2018.02.20-13.20.48:822][676]LogHttp:Warning: 0000021067BF6800: libcurl info message cache 13 (TLSv1.2 (IN), TLS handshake, Server key exchange (12):)
[2018.02.20-13.20.48:822][676]LogHttp:Warning: 0000021067BF6800: libcurl info message cache 14 (TLSv1.2 (IN), TLS handshake, Server finished (14):)
[2018.02.20-13.20.48:822][676]LogHttp:Warning: 0000021067BF6800: libcurl info message cache 15 (TLSv1.2 (OUT), TLS handshake, Client key exchange (16):)
[2018.02.20-13.20.48:822][676]LogHttp:Warning: 0000021067BF6800: libcurl info message cache 16 (TLSv1.2 (OUT), TLS change cipher, Client hello (1):)
[2018.02.20-13.20.48:822][676]LogHttp:Warning: 0000021067BF6800: libcurl info message cache 17 (TLSv1.2 (OUT), TLS handshake, Finished (20):)
[2018.02.20-13.20.48:822][676]LogHttp:Warning: 0000021067BF6800: libcurl info message cache 18 (Unknown SSL protocol error in connection to datarouter.ol.epicgames.com:443 )
[2018.02.20-13.20.48:822][676]LogHttp:Warning: 0000021067BF6800: libcurl info message cache 19 (Closing connection 2)
[2018.02.20-13.22.51:164][127]LogHttp:Warning: 0000021051A27400: request failed, libcurl error: 35 (SSL connect error)
[2018.02.20-13.22.51:164][127]LogHttp:Warning: 0000021051A27400: libcurl info message cache 0 (Found bundle for host datarouter.ol.epicgames.com: 0x2106bf45ee8 [serially])
[2018.02.20-13.22.51:164][127]LogHttp:Warning: 0000021051A27400: libcurl info message cache 1 (  Trying 52.204.245.38...)
[2018.02.20-13.22.51:164][127]LogHttp:Warning: 0000021051A27400: libcurl info message cache 2 (connect to 52.204.245.38 port 443 failed: Timed out)
[2018.02.20-13.22.51:164][127]LogHttp:Warning: 0000021051A27400: libcurl info message cache 3 (  Trying 52.204.44.27...)
[2018.02.20-13.22.51:164][127]LogHttp:Warning: 0000021051A27400: libcurl info message cache 4 (Connected to datarouter.ol.epicgames.com (52.204.44.27) port 443 (#4))
[2018.02.20-13.22.51:164][127]LogHttp:Warning: 0000021051A27400: libcurl info message cache 5 (ALPN, offering http/1.1)
[2018.02.20-13.22.51:164][127]LogHttp:Warning: 0000021051A27400: libcurl info message cache 6 (Cipher selection: ALL:!EXPORT:!EXPORT40:!EXPORT56:!aNULL:!LOW:!RC4:@STRENGTH)
[2018.02.20-13.22.51:164][127]LogHttp:Warning: 0000021051A27400: libcurl info message cache 7 (SSL re-using session ID)
[2018.02.20-13.22.51:164][127]LogHttp:Warning: 0000021051A27400: libcurl info message cache 8 (TLSv1.2 (OUT), TLS handshake, Client hello (1):)
[2018.02.20-13.22.51:164][127]LogHttp:Warning: 0000021051A27400: libcurl info message cache 9 (TLSv1.2 (IN), TLS handshake, Server hello (2):)
[2018.02.20-13.22.51:164][127]LogHttp:Warning: 0000021051A27400: libcurl info message cache 10 (TLSv1.2 (IN), TLS handshake, Certificate (11):)
[2018.02.20-13.22.51:164][127]LogHttp:Warning: 0000021051A27400: libcurl info message cache 11 (TLSv1.2 (IN), TLS handshake, Server key exchange (12):)
[2018.02.20-13.22.51:164][127]LogHttp:Warning: 0000021051A27400: libcurl info message cache 12 (TLSv1.2 (IN), TLS handshake, Server finished (14):)
[2018.02.20-13.22.51:164][127]LogHttp:Warning: 0000021051A27400: libcurl info message cache 13 (TLSv1.2 (OUT), TLS handshake, Client key exchange (16):)
[2018.02.20-13.22.51:164][127]LogHttp:Warning: 0000021051A27400: libcurl info message cache 14 (TLSv1.2 (OUT), TLS change cipher, Client hello (1):)
[2018.02.20-13.22.51:164][127]LogHttp:Warning: 0000021051A27400: libcurl info message cache 15 (TLSv1.2 (OUT), TLS handshake, Finished (20):)
[2018.02.20-13.22.51:164][127]LogHttp:Warning: 0000021051A27400: libcurl info message cache 16 (Unknown SSL protocol error in connection to datarouter.ol.epicgames.com:443 )
[2018.02.20-13.22.51:164][127]LogHttp:Warning: 0000021051A27400: libcurl info message cache 17 (Closing connection 4)
[2018.02.20-13.38.35:835][ 32]LogHttp:Warning: 0000021073F3DA80: request failed, libcurl error: 6 (Couldn't resolve host name)
[2018.02.20-13.38.35:835][ 32]LogHttp:Warning: 0000021073F3DA80: libcurl info message cache 0 (Found bundle for host datarouter.ol.epicgames.com: 0x21052718bb0 [can pipeline])
[2018.02.20-13.38.35:835][ 32]LogHttp:Warning: 0000021073F3DA80: libcurl info message cache 1 (Re-using existing connection! (#9) with host datarouter.ol.epicgames.com)
[2018.02.20-13.38.35:835][ 32]LogHttp:Warning: 0000021073F3DA80: libcurl info message cache 2 (Connected to datarouter.ol.epicgames.com (34.224.179.105) port 443 (#9))
[2018.02.20-13.38.35:835][ 32]LogHttp:Warning: 0000021073F3DA80: libcurl info message cache 3 (upload completely sent off: 308 out of 308 bytes)
[2018.02.20-13.38.35:835][ 32]LogHttp:Warning: 0000021073F3DA80: libcurl info message cache 4 (TLSv1.2 (IN), TLS alert, Client hello (1):)
[2018.02.20-13.38.35:835][ 32]LogHttp:Warning: 0000021073F3DA80: libcurl info message cache 5 (Connection died, retrying a fresh connect)
[2018.02.20-13.38.35:835][ 32]LogHttp:Warning: 0000021073F3DA80: libcurl info message cache 6 (Closing connection 9)
[2018.02.20-13.38.35:835][ 32]LogHttp:Warning: 0000021073F3DA80: libcurl info message cache 7 (TLSv1.2 (OUT), TLS alert, Client hello (1):)
[2018.02.20-13.38.35:835][ 32]LogHttp:Warning: 0000021073F3DA80: libcurl info message cache 8 (Issue another request to this URL: 'https://datarouter.ol.epicgames.com/datarouter/api/v1/public/data?SessionID=%7BAB665271-4315-BE16-AB3F-35876F6C2F10%7D&AppID=UEEditor.Rocket.Release&AppVersion=4.14.3-3249277%2B%2B%2BUE4%2BRelease-4.14&UserID=78e74af24a0c556bf8c20fa787cd4ee8%7Cbf4afe2e514a4a63b2519167b67917dd%7C932edac9-233f-4c51-adfd-693985d5b86f&AppEnvironment=datacollector-binary&UploadType=eteventstream')
[2018.02.20-13.38.35:835][ 32]LogHttp:Warning: 0000021073F3DA80: libcurl info message cache 9 (Could not resolve host: datarouter.ol.epicgames.com)
[2018.02.20-13.38.35:835][ 32]LogHttp:Warning: 0000021073F3DA80: libcurl info message cache 10 (Closing connection 10)
[2018.02.20-13.40.27:831][459]Cmd: QUIT_EDITOR
[2018.02.20-13.40.27:862][459]LogWindowsTextInputMethodSystem:Display: IME system now deactivated.
[2018.02.20-13.40.27:891][459]LogExit: Preparing to exit.
[2018.02.20-13.40.28:934][459]LogExit: Editor shut down
[2018.02.20-13.40.28:934][459]LogExit: Transaction tracking system shut down
[2018.02.20-13.40.29:011][459]LogObj: Freed 0b from 0 cluster array pools.
[2018.02.20-13.40.29:011][459]LogExit: Object subsystem successfully closed.
[2018.02.20-13.40.29:024][459]LogD3D11RHI: Shutdown
[2018.02.20-13.40.29:024][459]LogD3D11RHI: CleanupD3DDevice
[2018.02.20-13.40.29:105][459]LogD3D11RHI: ~FD3D11DynamicRHI
[2018.02.20-13.40.29:144][459]LogHttp:Display: Http module shutting down, but needs to wait on 1 outstanding Http requests:
[2018.02.20-13.40.29:144][459]LogHttp:Display: 	verb=[POST] url=[https://datarouter.ol.epicgames.com/datarouter/api/v1/public/data?SessionID=%7BAB665271-4315-BE16-AB3F-35876F6C2F10%7D&AppID=UEEditor.Rocket.Release&AppVersion=4.14.3-3249277%2B%2B%2BUE4%2BRelease-4.14&UserID=78e74af24a0c556bf8c20fa787cd4ee8%7Cbf4afe2e514a4a63b2519167b67917dd%7C932edac9-233f-4c51-adfd-693985d5b86f&AppEnvironment=datacollector-binary&UploadType=eteventstream] status=Processing
[2018.02.20-13.40.29:144][459]LogHttp:Display: Sleeping 0.5s to wait for 1 outstanding Http requests.
[2018.02.20-13.40.29:645][459]LogHttp:Display: Sleeping 0.5s to wait for 1 outstanding Http requests.
[2018.02.20-13.40.30:145][459]LogHttp:Display: Sleeping 0.5s to wait for 1 outstanding Http requests.
[2018.02.20-13.40.30:674][459]LogModuleManager: Shutting down and abandoning module HierarchicalLODOutliner (241)
[2018.02.20-13.40.30:674][459]LogModuleManager: Shutting down and abandoning module CrashTracker (240)
[2018.02.20-13.40.30:674][459]LogModuleManager: Shutting down and abandoning module SceneOutliner (239)
[2018.02.20-13.40.30:684][459]LogModuleManager: Shutting down and abandoning module WidgetCarousel (238)
[2018.02.20-13.40.30:684][459]LogModuleManager: Shutting down and abandoning module AddContentDialog (237)
[2018.02.20-13.40.30:714][459]LogDirectoryWatcher: A directory notification for 'C:/Program Files/Epic Games/UE_4.14/FeaturePacks/' was aborted.
[2018.02.20-13.40.30:715][459]LogModuleManager: Shutting down and abandoning module GameplayTags (236)
[2018.02.20-13.40.30:715][459]LogModuleManager: Shutting down and abandoning module EditorWidgets (235)
[2018.02.20-13.40.30:715][459]LogModuleManager: Shutting down and abandoning module CollectionManager (234)
[2018.02.20-13.40.30:715][459]LogDirectoryWatcher: A directory notification for 'E:/Source Code/Amonia/Content/Collections/' was aborted.
[2018.02.20-13.40.30:715][459]LogDirectoryWatcher: A directory notification for 'E:/Source Code/Amonia/Content/Developers/KozaFazan/Collections/' was aborted.
[2018.02.20-13.40.30:715][459]LogDirectoryWatcher: A directory notification for 'E:/Source Code/Amonia/Saved/Collections/' was aborted.
[2018.02.20-13.40.30:715][459]LogModuleManager: Shutting down and abandoning module StatsViewer (233)
[2018.02.20-13.40.30:716][459]LogModuleManager: Shutting down and abandoning module FoliageEdit (232)
[2018.02.20-13.40.30:716][459]LogModuleManager: Shutting down and abandoning module LandscapeEditor (231)
[2018.02.20-13.40.30:716][459]LogModuleManager: Shutting down and abandoning module SceneDepthPickerMode (230)
[2018.02.20-13.40.30:716][459]LogModuleManager: Shutting down and abandoning module ActorPickerMode (229)
[2018.02.20-13.40.30:716][459]LogModuleManager: Shutting down and abandoning module GeometryMode (228)
[2018.02.20-13.40.30:716][459]LogModuleManager: Shutting down and abandoning module TextureAlignMode (227)
[2018.02.20-13.40.30:716][459]LogModuleManager: Shutting down and abandoning module BspMode (226)
[2018.02.20-13.40.30:716][459]LogModuleManager: Shutting down and abandoning module HardwareSurvey (225)
[2018.02.20-13.40.30:716][459]LogModuleManager: Shutting down and abandoning module SequenceRecorderSections (224)
[2018.02.20-13.40.30:716][459]LogModuleManager: Shutting down and abandoning module AutomationWorker (223)
[2018.02.20-13.40.30:716][459]LogModuleManager: Shutting down and abandoning module MatineeToLevelSequence (222)
[2018.02.20-13.40.30:716][459]LogModuleManager: Shutting down and abandoning module PlacementMode (221)
[2018.02.20-13.40.30:716][459]LogModuleManager: Shutting down and abandoning module LevelSequenceEditor (220)
[2018.02.20-13.40.30:716][459]LogModuleManager: Shutting down and abandoning module WmfMediaFactory (219)
[2018.02.20-13.40.30:716][459]LogModuleManager: Shutting down and abandoning module WmfMediaEditor (218)
[2018.02.20-13.40.30:716][459]LogModuleManager: Shutting down and abandoning module AvfMediaFactory (217)
[2018.02.20-13.40.30:716][459]LogModuleManager: Shutting down and abandoning module AvfMediaEditor (216)
[2018.02.20-13.40.30:716][459]LogModuleManager: Shutting down and abandoning module Media (215)
[2018.02.20-13.40.30:716][459]LogModuleManager: Shutting down and abandoning module AndroidMediaFactory (214)
[2018.02.20-13.40.30:716][459]LogModuleManager: Shutting down and abandoning module AndroidMediaEditor (213)
[2018.02.20-13.40.30:716][459]LogModuleManager: Shutting down and abandoning module CharacterAI (212)
[2018.02.20-13.40.30:716][459]LogModuleManager: Shutting down and abandoning module SequenceRecorder (211)
[2018.02.20-13.40.30:716][459]LogModuleManager: Shutting down and abandoning module AudioCapture (210)
[2018.02.20-13.40.30:716][459]LogModuleManager: Shutting down and abandoning module SmartSnapping (209)
[2018.02.20-13.40.30:716][459]LogModuleManager: Shutting down and abandoning module SessionServices (208)
[2018.02.20-13.40.30:716][459]LogModuleManager: Shutting down and abandoning module ViewportSnapping (207)
[2018.02.20-13.40.30:716][459]LogModuleManager: Shutting down and abandoning module ViewportInteraction (206)
[2018.02.20-13.40.30:716][459]LogModuleManager: Shutting down and abandoning module LogVisualizer (205)
[2018.02.20-13.40.30:716][459]LogModuleManager: Shutting down and abandoning module GameProjectGeneration (204)
[2018.02.20-13.40.30:717][459]LogModuleManager: Shutting down and abandoning module IntroTutorials (203)
[2018.02.20-13.40.30:717][459]LogModuleManager: Shutting down and abandoning module EditorLiveStreaming (202)
[2018.02.20-13.40.30:717][459]LogModuleManager: Shutting down and abandoning module IOSPlatformEditor (201)
[2018.02.20-13.40.30:717][459]LogModuleManager: Shutting down and abandoning module HTML5PlatformEditor (200)
[2018.02.20-13.40.30:717][459]LogModuleManager: Shutting down and abandoning module AndroidDeviceDetection (199)
[2018.02.20-13.40.30:812][459]LogModuleManager: Shutting down and abandoning module AndroidPlatformEditor (198)
[2018.02.20-13.40.30:812][459]LogModuleManager: Shutting down and abandoning module IOSRuntimeSettings (197)
[2018.02.20-13.40.30:812][459]LogModuleManager: Shutting down and abandoning module AndroidRuntimeSettings (196)
[2018.02.20-13.40.30:812][459]LogModuleManager: Shutting down and abandoning module InputBindingEditor (195)
[2018.02.20-13.40.30:812][459]LogModuleManager: Shutting down and abandoning module NiagaraEditor (194)
[2018.02.20-13.40.30:812][459]LogModuleManager: Shutting down and abandoning module MergeActors (193)
[2018.02.20-13.40.30:812][459]LogModuleManager: Shutting down and abandoning module SizeMap (192)
[2018.02.20-13.40.30:812][459]LogModuleManager: Shutting down and abandoning module TreeMap (191)
[2018.02.20-13.40.30:812][459]LogModuleManager: Shutting down and abandoning module ReferenceViewer (190)
[2018.02.20-13.40.30:812][459]LogModuleManager: Shutting down and abandoning module LocalizationService (189)
[2018.02.20-13.40.30:812][459]LogModuleManager: Shutting down and abandoning module LocalizationDashboard (188)
[2018.02.20-13.40.30:812][459]LogModuleManager: Shutting down and abandoning module HardwareTargeting (187)
[2018.02.20-13.40.30:812][459]LogModuleManager: Shutting down and abandoning module DeviceProfileEditor (186)
[2018.02.20-13.40.30:812][459]LogModuleManager: Shutting down and abandoning module UndoHistory (185)
[2018.02.20-13.40.30:812][459]LogModuleManager: Shutting down and abandoning module UserFeedback (184)
[2018.02.20-13.40.30:812][459]LogModuleManager: Shutting down and abandoning module XmlParser (183)
[2018.02.20-13.40.30:812][459]LogModuleManager: Shutting down and abandoning module Blutility (182)
[2018.02.20-13.40.30:812][459]LogModuleManager: Shutting down and abandoning module ProjectTargetPlatformEditor (181)
[2018.02.20-13.40.30:813][459]LogModuleManager: Shutting down and abandoning module ProjectSettingsViewer (180)
[2018.02.20-13.40.30:813][459]LogModuleManager: Shutting down and abandoning module EditorSettingsViewer (179)
[2018.02.20-13.40.30:813][459]LogModuleManager: Shutting down and abandoning module SettingsEditor (178)
[2018.02.20-13.40.30:813][459]LogModuleManager: Shutting down and abandoning module ProjectLauncher (177)
[2018.02.20-13.40.30:813][459]LogModuleManager: Shutting down and abandoning module SessionFrontend (176)
[2018.02.20-13.40.30:813][459]LogModuleManager: Shutting down and abandoning module ProfilerClient (175)
[2018.02.20-13.40.30:813][459]LogModuleManager: Shutting down and abandoning module TargetDeviceServices (174)
[2018.02.20-13.40.30:813][459]LogModuleManager: Shutting down and abandoning module DeviceManager (173)
[2018.02.20-13.40.30:856][459]LogModuleManager: Shutting down and abandoning module AutomationController (172)
[2018.02.20-13.40.30:856][459]LogModuleManager: Shutting down and abandoning module AutomationWindow (171)
[2018.02.20-13.40.30:856][459]LogModuleManager: Shutting down and abandoning module Layers (170)
[2018.02.20-13.40.30:856][459]LogModuleManager: Shutting down and abandoning module ComponentVisualizers (169)
[2018.02.20-13.40.30:856][459]LogModuleManager: Shutting down and abandoning module DetailCustomizations (168)
[2018.02.20-13.40.30:856][459]LogModuleManager: Shutting down and abandoning module PackagesDialog (167)
[2018.02.20-13.40.30:856][459]LogModuleManager: Shutting down and abandoning module AnimGraph (166)
[2018.02.20-13.40.30:856][459]LogModuleManager: Shutting down and abandoning module Persona (165)
[2018.02.20-13.40.30:856][459]LogModuleManager: Shutting down and abandoning module Kismet (164)
[2018.02.20-13.40.30:860][459]LogModuleManager: Shutting down and abandoning module GraphEditor (163)
[2018.02.20-13.40.30:860][459]LogModuleManager: Shutting down and abandoning module ClassViewer (162)
[2018.02.20-13.40.30:860][459]LogModuleManager: Shutting down and abandoning module Toolbox (161)
[2018.02.20-13.40.30:860][459]LogModuleManager: Shutting down and abandoning module ModuleUI (160)
[2018.02.20-13.40.30:860][459]LogModuleManager: Shutting down and abandoning module MovieSceneTools (159)
[2018.02.20-13.40.30:860][459]LogModuleManager: Shutting down and abandoning module OutputLog (158)
[2018.02.20-13.40.30:860][459]LogModuleManager: Shutting down and abandoning module GammaUI (157)
[2018.02.20-13.40.30:860][459]LogModuleManager: Shutting down and abandoning module Documentation (156)
[2018.02.20-13.40.30:860][459]LogModuleManager: Shutting down and abandoning module Niagara (155)
[2018.02.20-13.40.30:860][459]LogModuleManager: Shutting down and abandoning module StreamingPauseRendering (154)
[2018.02.20-13.40.30:860][459]LogModuleManager: Shutting down and abandoning module AnalyticsET (153)
[2018.02.20-13.40.30:860][459]LogModuleManager: Shutting down and abandoning module PortalServices (152)
[2018.02.20-13.40.30:860][459]LogModuleManager: Shutting down and abandoning module PortalRpc (151)
[2018.02.20-13.40.30:860][459]LogModuleManager: Shutting down and abandoning module MessagingRpc (150)
[2018.02.20-13.40.30:860][459]LogModuleManager: Shutting down and abandoning module GameplayDebugger (149)
[2018.02.20-13.40.30:860][459]LogModuleManager: Shutting down and abandoning module AITestSuite (148)
[2018.02.20-13.40.30:860][459]LogModuleManager: Shutting down and abandoning module AIModule (147)
[2018.02.20-13.40.30:860][459]LogModuleManager: Shutting down and abandoning module ProfilerService (146)
[2018.02.20-13.40.30:886][459]LogModuleManager: Shutting down and abandoning module TaskGraph (145)
[2018.02.20-13.40.30:886][459]LogModuleManager: Shutting down and abandoning module SlateRemote (144)
[2018.02.20-13.40.30:886][459]LogModuleManager: Shutting down and abandoning module SteamVRController (143)
[2018.02.20-13.40.30:886][459]LogModuleManager: Shutting down and abandoning module SteamVR (142)
[2018.02.20-13.40.30:886][459]LogModuleManager: Shutting down and abandoning module ProceduralMeshComponentEditor (141)
[2018.02.20-13.40.30:886][459]LogModuleManager: Shutting down and abandoning module ProceduralMeshComponent (140)
[2018.02.20-13.40.30:886][459]LogModuleManager: Shutting down and abandoning module OculusLibrary (139)
[2018.02.20-13.40.30:886][459]LogModuleManager: Shutting down and abandoning module OculusInput (138)
[2018.02.20-13.40.30:886][459]LogModuleManager: Shutting down and abandoning module MobilePatchingUtils (137)
[2018.02.20-13.40.30:886][459]LogModuleManager: Shutting down and abandoning module CustomMeshComponent (136)
[2018.02.20-13.40.30:886][459]LogModuleManager: Shutting down and abandoning module CableComponent (135)
[2018.02.20-13.40.30:886][459]LogModuleManager: Shutting down and abandoning module ArchVisCharacter (134)
[2018.02.20-13.40.30:886][459]LogModuleManager: Shutting down and abandoning module MediaPlayerEditor (132)
[2018.02.20-13.40.30:886][459]LogModuleManager: Shutting down and abandoning module HTML5Networking (131)
[2018.02.20-13.40.30:886][459]LogModuleManager: Shutting down and abandoning module GeometryCacheEd (130)
[2018.02.20-13.40.30:886][459]LogModuleManager: Shutting down and abandoning module GeometryCache (129)
[2018.02.20-13.40.30:886][459]LogModuleManager: Shutting down and abandoning module AlembicLibrary (128)
[2018.02.20-13.40.30:887][459]LogModuleManager: Shutting down and abandoning module AlembicImporter (127)
[2018.02.20-13.40.30:887][459]LogModuleManager: Shutting down and abandoning module SuperSearch (126)
[2018.02.20-13.40.30:887][459]LogModuleManager: Shutting down and abandoning module SuperSearchEditor (125)
[2018.02.20-13.40.30:887][459]LogModuleManager: Shutting down and abandoning module SpeedTreeImporter (124)
[2018.02.20-13.40.30:887][459]LogModuleManager: Shutting down and abandoning module PluginBrowser (123)
[2018.02.20-13.40.30:887][459]LogModuleManager: Shutting down and abandoning module MobileLauncherProfileWizard (122)
[2018.02.20-13.40.30:887][459]LogModuleManager: Shutting down and abandoning module EpicSurvey (121)
[2018.02.20-13.40.30:897][459]LogModuleManager: Shutting down and abandoning module DesktopPlatform (120)
[2018.02.20-13.40.30:898][459]LogModuleManager: Shutting down and abandoning module VisualStudioSourceCodeAccess (119)
[2018.02.20-13.40.30:898][459]LogModuleManager: Shutting down and abandoning module UObjectPlugin (118)
[2018.02.20-13.40.30:898][459]LogModuleManager: Shutting down and abandoning module SubversionSourceControl (117)
[2018.02.20-13.40.30:898][459]LogModuleManager: Shutting down and abandoning module PerforceSourceControl (116)
[2018.02.20-13.40.30:898][459]LogModuleManager: Shutting down and abandoning module SourceControl (115)
[2018.02.20-13.40.30:898][459]LogModuleManager: Shutting down and abandoning module GitSourceControl (114)
[2018.02.20-13.40.30:898][459]LogModuleManager: Shutting down and abandoning module LightPropagationVolumeEditor (113)
[2018.02.20-13.40.30:898][459]LogModuleManager: Shutting down and abandoning module PaperTiledImporter (112)
[2018.02.20-13.40.30:898][459]LogModuleManager: Shutting down and abandoning module PaperSpriteSheetImporter (111)
[2018.02.20-13.40.30:898][459]LogModuleManager: Shutting down and abandoning module MeshPaint (110)
[2018.02.20-13.40.30:898][459]LogModuleManager: Shutting down and abandoning module PixelInspectorModule (109)
[2018.02.20-13.40.30:898][459]LogModuleManager: Shutting down and abandoning module HotReload (108)
[2018.02.20-13.40.30:906][459]LogModuleManager: Shutting down and abandoning module MainFrame (107)
[2018.02.20-13.40.30:906][459]LogModuleManager: Shutting down and abandoning module LevelEditor (106)
[2018.02.20-13.40.30:907][459]LogModuleManager: Shutting down and abandoning module ContentBrowser (105)
[2018.02.20-13.40.30:908][459]LogModuleManager: Shutting down and abandoning module Paper2DEditor (104)
[2018.02.20-13.40.30:908][459]LogModuleManager: Shutting down and abandoning module UdpMessaging (103)
[2018.02.20-13.40.31:009][459]LogModuleManager: Shutting down and abandoning module TcpMessaging (102)
[2018.02.20-13.40.31:110][459]LogModuleManager: Shutting down and abandoning module LightPropagationVolumeRuntime (101)
[2018.02.20-13.40.31:110][459]LogModuleManager: Shutting down and abandoning module Paper2D (100)
[2018.02.20-13.40.31:110][459]LogModuleManager: Shutting down and abandoning module WindowsMoviePlayer (99)
[2018.02.20-13.40.31:110][459]LogModuleManager: Shutting down and abandoning module WmfMedia (98)
[2018.02.20-13.40.31:110][459]LogModuleManager: Shutting down and abandoning module MediaAssets (97)
[2018.02.20-13.40.31:110][459]LogModuleManager: Shutting down and abandoning module GameLiveStreaming (96)
[2018.02.20-13.40.31:110][459]LogModuleManager: Shutting down and abandoning module GameplayTagsEditor (95)
[2018.02.20-13.40.31:110][459]LogModuleManager: Shutting down and abandoning module VREditor (94)
[2018.02.20-13.40.31:110][459]LogModuleManager: Shutting down and abandoning module GameplayTasksEditor (93)
[2018.02.20-13.40.31:110][459]LogModuleManager: Shutting down and abandoning module BehaviorTreeEditor (92)
[2018.02.20-13.40.31:110][459]LogModuleManager: Shutting down and abandoning module FunctionalTesting (91)
[2018.02.20-13.40.31:110][459]LogModuleManager: Shutting down and abandoning module CollisionAnalyzer (90)
[2018.02.20-13.40.31:110][459]LogModuleManager: Shutting down and abandoning module Sequencer (89)
[2018.02.20-13.40.31:110][459]LogModuleManager: Shutting down and abandoning module WorkspaceMenuStructure (88)
[2018.02.20-13.40.31:110][459]LogModuleManager: Shutting down and abandoning module MessageLog (87)
[2018.02.20-13.40.31:110][459]LogModuleManager: Shutting down and abandoning module AssetTools (86)
[2018.02.20-13.40.31:110][459]LogModuleManager: Shutting down and abandoning module UMGEditor (85)
[2018.02.20-13.40.31:111][459]LogModuleManager: Shutting down and abandoning module UMG (84)
[2018.02.20-13.40.31:111][459]LogModuleManager: Shutting down and abandoning module SlateReflector (83)
[2018.02.20-13.40.31:111][459]LogModuleManager: Shutting down and abandoning module Slate (82)
[2018.02.20-13.40.31:111][459]LogModuleManager: Shutting down and abandoning module EditorStyle (81)
[2018.02.20-13.40.31:114][459]LogModuleManager: Shutting down and abandoning module SourceCodeAccess (80)
[2018.02.20-13.40.31:114][459]LogModuleManager: Shutting down and abandoning module HeadMountedDisplay (79)
[2018.02.20-13.40.31:114][459]LogModuleManager: Shutting down and abandoning module XAudio2 (78)
[2018.02.20-13.40.31:114][459]LogModuleManager: Shutting down and abandoning module Networking (76)
[2018.02.20-13.40.31:114][459]LogModuleManager: Shutting down and abandoning module Core (75)
[2018.02.20-13.40.31:114][459]LogModuleManager: Shutting down and abandoning module DirectoryWatcher (74)
[2018.02.20-13.40.31:115][459]LogDirectoryWatcher: A directory notification for '../../../Engine/Content/' was aborted.
[2018.02.20-13.40.31:115][459]LogDirectoryWatcher: A directory notification for 'E:/Source Code/Amonia/Content/' was aborted.
[2018.02.20-13.40.31:115][459]LogDirectoryWatcher: A directory notification for '../../../Engine/Plugins/2D/Paper2D/Content/' was aborted.
[2018.02.20-13.40.31:115][459]LogModuleManager: Shutting down and abandoning module AssetRegistry (73)
[2018.02.20-13.40.31:577][459]LogModuleManager: Shutting down and abandoning module KismetCompiler (72)
[2018.02.20-13.40.31:577][459]LogModuleManager: Shutting down and abandoning module PhysXFormats (71)
[2018.02.20-13.40.31:577][459]LogModuleManager: Shutting down and abandoning module SimplygonSwarm (70)
[2018.02.20-13.40.31:577][459]LogModuleManager: Shutting down and abandoning module SimplygonMeshReduction (69)
[2018.02.20-13.40.31:577][459]LogModuleManager: Shutting down and abandoning module QuadricMeshReduction (68)
[2018.02.20-13.40.31:577][459]LogModuleManager: Shutting down and abandoning module PropertyEditor (67)
[2018.02.20-13.40.31:577][459]LogModuleManager: Shutting down and abandoning module MeshUtilities (66)
[2018.02.20-13.40.31:577][459]LogModuleManager: Shutting down and abandoning module DerivedDataCache (65)
[2018.02.20-13.40.31:636][459]LogDerivedDataCache: Shutdown
[2018.02.20-13.40.31:636][459]LogModuleManager: Shutting down and abandoning module VulkanShaderFormat (64)
[2018.02.20-13.40.31:636][459]LogModuleManager: Shutting down and abandoning module ShaderFormatOpenGL (63)
[2018.02.20-13.40.31:636][459]LogModuleManager: Shutting down and abandoning module ShaderFormatD3D (62)
[2018.02.20-13.40.31:636][459]LogModuleManager: Shutting down and abandoning module MetalShaderFormat (61)
[2018.02.20-13.40.31:636][459]LogModuleManager: Shutting down and abandoning module TextureFormatUncompressed (60)
[2018.02.20-13.40.31:636][459]LogModuleManager: Shutting down and abandoning module TextureFormatPVR (59)
[2018.02.20-13.40.31:636][459]LogModuleManager: Shutting down and abandoning module TextureFormatDXT (58)
[2018.02.20-13.40.31:636][459]LogModuleManager: Shutting down and abandoning module TextureFormatIntelISPCTexComp (57)
[2018.02.20-13.40.31:637][459]LogModuleManager: Shutting down and abandoning module ImageWrapper (56)
[2018.02.20-13.40.31:637][459]LogModuleManager: Shutting down and abandoning module TextureFormatASTC (55)
[2018.02.20-13.40.31:637][459]LogModuleManager: Shutting down and abandoning module TextureFormatAndroid (54)
[2018.02.20-13.40.31:637][459]LogModuleManager: Shutting down and abandoning module AudioFormatOpus (53)
[2018.02.20-13.40.31:637][459]LogModuleManager: Shutting down and abandoning module AudioFormatOgg (52)
[2018.02.20-13.40.31:637][459]LogModuleManager: Shutting down and abandoning module AudioFormatADPCM (51)
[2018.02.20-13.40.31:637][459]LogModuleManager: Shutting down and abandoning module LinuxTargetPlatform (50)
[2018.02.20-13.40.31:637][459]LogModuleManager: Shutting down and abandoning module LinuxServerTargetPlatform (49)
[2018.02.20-13.40.31:637][459]LogModuleManager: Shutting down and abandoning module LinuxNoEditorTargetPlatform (48)
[2018.02.20-13.40.31:637][459]LogModuleManager: Shutting down and abandoning module LinuxClientTargetPlatform (47)
[2018.02.20-13.40.31:637][459]LogModuleManager: Shutting down and abandoning module TVOSTargetPlatform (46)
[2018.02.20-13.40.31:637][459]LogModuleManager: Shutting down and abandoning module Messaging (45)
[2018.02.20-13.40.31:637][459]LogModuleManager: Shutting down and abandoning module IOSTargetPlatform (44)
[2018.02.20-13.40.31:637][459]LogModuleManager: Shutting down and abandoning module HTML5TargetPlatform (43)
[2018.02.20-13.40.31:637][459]LogModuleManager: Shutting down and abandoning module Android_PVRTCTargetPlatform (42)
[2018.02.20-13.40.31:637][459]LogModuleManager: Shutting down and abandoning module Android_MultiTargetPlatform (41)
[2018.02.20-13.40.31:637][459]LogModuleManager: Shutting down and abandoning module Android_ETC2TargetPlatform (40)
[2018.02.20-13.40.31:637][459]LogModuleManager: Shutting down and abandoning module Android_ETC1TargetPlatform (39)
[2018.02.20-13.40.31:637][459]LogModuleManager: Shutting down and abandoning module Android_DXTTargetPlatform (38)
[2018.02.20-13.40.31:637][459]LogModuleManager: Shutting down and abandoning module Android_ATCTargetPlatform (37)
[2018.02.20-13.40.31:637][459]LogModuleManager: Shutting down and abandoning module Android_ASTCTargetPlatform (36)
[2018.02.20-13.40.31:637][459]LogModuleManager: Shutting down and abandoning module AndroidTargetPlatform (35)
[2018.02.20-13.40.31:637][459]LogModuleManager: Shutting down and abandoning module WindowsTargetPlatform (34)
[2018.02.20-13.40.31:637][459]LogModuleManager: Shutting down and abandoning module WindowsServerTargetPlatform (33)
[2018.02.20-13.40.31:637][459]LogModuleManager: Shutting down and abandoning module WindowsNoEditorTargetPlatform (32)
[2018.02.20-13.40.31:637][459]LogModuleManager: Shutting down and abandoning module WindowsClientTargetPlatform (31)
[2018.02.20-13.40.31:637][459]LogModuleManager: Shutting down and abandoning module MacTargetPlatform (30)
[2018.02.20-13.40.31:637][459]LogModuleManager: Shutting down and abandoning module MacServerTargetPlatform (29)
[2018.02.20-13.40.31:637][459]LogModuleManager: Shutting down and abandoning module MacNoEditorTargetPlatform (28)
[2018.02.20-13.40.31:637][459]LogModuleManager: Shutting down and abandoning module MacClientTargetPlatform (27)
[2018.02.20-13.40.31:637][459]LogModuleManager: Shutting down and abandoning module AllDesktopTargetPlatform (26)
[2018.02.20-13.40.31:637][459]LogModuleManager: Shutting down and abandoning module TargetPlatform (25)
[2018.02.20-13.40.31:637][459]LogModuleManager: Shutting down and abandoning module InputCore (24)
[2018.02.20-13.40.31:637][459]LogModuleManager: Shutting down and abandoning module Settings (23)
[2018.02.20-13.40.31:638][459]LogModuleManager: Shutting down and abandoning module OculusRift (22)
[2018.02.20-13.40.31:638][459]LogModuleManager: Shutting down and abandoning module ExampleDeviceProfileSelector (21)
[2018.02.20-13.40.31:638][459]LogModuleManager: Shutting down and abandoning module OnlineBlueprintSupport (20)
[2018.02.20-13.40.31:638][459]LogModuleManager: Shutting down and abandoning module OnlineSubsystem (18)
[2018.02.20-13.40.31:638][459]LogOnline:Display: Unloading online subsystem: NULL
[2018.02.20-13.40.31:638][459]LogModuleManager: Shutting down and abandoning module SSL (17)
[2018.02.20-13.40.31:640][459]LogModuleManager: Shutting down and abandoning module HTTP (16)
[2018.02.20-13.40.31:640][459]LogModuleManager: Shutting down and abandoning module XMPP (15)
[2018.02.20-13.40.31:640][459]LogModuleManager: Shutting down and abandoning module TextureCompressor (14)
[2018.02.20-13.40.31:640][459]LogModuleManager: Shutting down and abandoning module ShaderCore (13)
[2018.02.20-13.40.31:640][459]LogModuleManager: Shutting down and abandoning module Landscape (12)
[2018.02.20-13.40.31:640][459]LogModuleManager: Shutting down and abandoning module SlateRHIRenderer (11)
[2018.02.20-13.40.31:642][459]LogModuleManager: Shutting down and abandoning module OpenGLDrv (10)
[2018.02.20-13.40.31:642][459]LogModuleManager: Shutting down and abandoning module D3D11RHI (9)
[2018.02.20-13.40.31:642][459]LogModuleManager: Shutting down and abandoning module AnimGraphRuntime (8)
[2018.02.20-13.40.31:642][459]LogModuleManager: Shutting down and abandoning module Renderer (7)
[2018.02.20-13.40.31:642][459]LogModuleManager: Shutting down and abandoning module Engine (6)
[2018.02.20-13.40.31:642][459]LogModuleManager: Shutting down and abandoning module CoreUObject (5)
[2018.02.20-13.40.31:642][459]LogModuleManager: Shutting down and abandoning module NetworkFile (4)
[2018.02.20-13.40.31:642][459]LogModuleManager: Shutting down and abandoning module StreamingFile (3)
[2018.02.20-13.40.31:642][459]LogModuleManager: Shutting down and abandoning module SandboxFile (2)
[2018.02.20-13.40.31:642][459]LogModuleManager: Shutting down and abandoning module PakFile (1)
[2018.02.20-13.40.31:644][459]LogExit: Exiting.
[2018.02.20-13.40.31:646][459]Log file closed, 02/20/18 15:40:31
