Log file open, 02/12/18 00:56:10
LogInit:Display: Running engine for game: Amonia
LogPlatformFile: Not using cached read wrapper
LogInit:Display: RandInit(-1696169590) SRandInit(-1696169590).
LogTaskGraph: Started task graph with 5 named threads and 8 total threads with 1 sets of task threads.
LogStats: Stats thread started at 0.099629
LogPluginManager: Loaded Plugin Paper2D, From C:/Program Files/Epic Games/UE_4.14/Engine/Plugins/2D/Paper2D/Paper2D.uplugin
LogPluginManager: Loaded Plugin LightPropagationVolume, From C:/Program Files/Epic Games/UE_4.14/Engine/Plugins/Blendables/LightPropagationVolume/LightPropagationVolume.uplugin
LogPluginManager: Loaded Plugin BlankPlugin, From C:/Program Files/Epic Games/UE_4.14/Engine/Plugins/Developer/BlankPlugin/BlankPlugin.uplugin
LogPluginManager: Loaded Plugin CodeLiteSourceCodeAccess, From C:/Program Files/Epic Games/UE_4.14/Engine/Plugins/Developer/CodeLiteSourceCodeAccess/CodeLiteSourceCodeAccess.uplugin
LogPluginManager: Loaded Plugin GitSourceControl, From C:/Program Files/Epic Games/UE_4.14/Engine/Plugins/Developer/GitSourceControl/GitSourceControl.uplugin
LogPluginManager: Loaded Plugin KDevelopSourceCodeAccess, From C:/Program Files/Epic Games/UE_4.14/Engine/Plugins/Developer/KDevelopSourceCodeAccess/KDevelopSourceCodeAccess.uplugin
LogPluginManager: Loaded Plugin NullSourceCodeAccess, From C:/Program Files/Epic Games/UE_4.14/Engine/Plugins/Developer/NullSourceCodeAccess/NullSourceCodeAccess.uplugin
LogPluginManager: Loaded Plugin OneSkyLocalizationService, From C:/Program Files/Epic Games/UE_4.14/Engine/Plugins/Developer/OneSkyLocalizationService/OneSkyLocalizationService.uplugin
LogPluginManager: Loaded Plugin PerforceSourceControl, From C:/Program Files/Epic Games/UE_4.14/Engine/Plugins/Developer/PerforceSourceControl/PerforceSourceControl.uplugin
LogPluginManager: Loaded Plugin SubversionSourceControl, From C:/Program Files/Epic Games/UE_4.14/Engine/Plugins/Developer/SubversionSourceControl/SubversionSourceControl.uplugin
LogPluginManager: Loaded Plugin UObjectPlugin, From C:/Program Files/Epic Games/UE_4.14/Engine/Plugins/Developer/UObjectPlugin/UObjectPlugin.uplugin
LogPluginManager: Loaded Plugin VisualStudioSourceCodeAccess, From C:/Program Files/Epic Games/UE_4.14/Engine/Plugins/Developer/VisualStudioSourceCodeAccess/VisualStudioSourceCodeAccess.uplugin
LogPluginManager: Loaded Plugin XCodeSourceCodeAccess, From C:/Program Files/Epic Games/UE_4.14/Engine/Plugins/Developer/XCodeSourceCodeAccess/XCodeSourceCodeAccess.uplugin
LogPluginManager: Loaded Plugin AudioCapture, From C:/Program Files/Epic Games/UE_4.14/Engine/Plugins/Editor/AudioCapture/AudioCapture.uplugin
LogPluginManager: Loaded Plugin EpicSurvey, From C:/Program Files/Epic Games/UE_4.14/Engine/Plugins/Editor/EpicSurvey/EpicSurvey.uplugin
LogPluginManager: Loaded Plugin MacGraphicsSwitching, From C:/Program Files/Epic Games/UE_4.14/Engine/Plugins/Editor/MacGraphicsSwitching/MacGraphicsSwitching.uplugin
LogPluginManager: Loaded Plugin MobileLauncherProfileWizard, From C:/Program Files/Epic Games/UE_4.14/Engine/Plugins/Editor/MobileLauncherProfileWizard/MobileLauncherProfileWizard.uplugin
LogPluginManager: Loaded Plugin PluginBrowser, From C:/Program Files/Epic Games/UE_4.14/Engine/Plugins/Editor/PluginBrowser/PluginBrowser.uplugin
LogPluginManager: Loaded Plugin SpeedTreeImporter, From C:/Program Files/Epic Games/UE_4.14/Engine/Plugins/Editor/SpeedTreeImporter/SpeedTreeImporter.uplugin
LogPluginManager: Loaded Plugin SuperSearchEditor, From C:/Program Files/Epic Games/UE_4.14/Engine/Plugins/Editor/SuperSearchEditor/SuperSearchEditor.uplugin
LogPluginManager: Loaded Plugin AlembicImporter, From C:/Program Files/Epic Games/UE_4.14/Engine/Plugins/Experimental/AlembicImporter/AlembicImporter.uplugin
LogPluginManager: Loaded Plugin BlueprintStats, From C:/Program Files/Epic Games/UE_4.14/Engine/Plugins/Experimental/BlueprintStats/BlueprintStats.uplugin
LogPluginManager: Loaded Plugin CharacterAI, From C:/Program Files/Epic Games/UE_4.14/Engine/Plugins/Experimental/CharacterAI/CharacterAI.uplugin
LogPluginManager: Loaded Plugin CodeEditor, From C:/Program Files/Epic Games/UE_4.14/Engine/Plugins/Experimental/CodeEditor/CodeEditor.uplugin
LogPluginManager: Loaded Plugin CodeView, From C:/Program Files/Epic Games/UE_4.14/Engine/Plugins/Experimental/CodeView/CodeView.uplugin
LogPluginManager: Loaded Plugin HTML5Networking, From C:/Program Files/Epic Games/UE_4.14/Engine/Plugins/Experimental/HTML5Networking/HTML5Networking.uplugin
LogPluginManager: Loaded Plugin OSVR, From C:/Program Files/Epic Games/UE_4.14/Engine/Plugins/Experimental/OSVR/OSVR.uplugin
LogPluginManager: Loaded Plugin Phya, From C:/Program Files/Epic Games/UE_4.14/Engine/Plugins/Experimental/Phya/Phya.uplugin
LogPluginManager: Loaded Plugin SignificanceManager, From C:/Program Files/Epic Games/UE_4.14/Engine/Plugins/Experimental/SignificanceManager/SignificanceManager.uplugin
LogPluginManager: Loaded Plugin SimpleHMD, From C:/Program Files/Epic Games/UE_4.14/Engine/Plugins/Experimental/SimpleHMD/SimpleHMD.uplugin
LogPluginManager: Loaded Plugin StereoPanorama, From C:/Program Files/Epic Games/UE_4.14/Engine/Plugins/Experimental/StereoPanorama/StereoPanorama.uplugin
LogPluginManager: Loaded Plugin StructBox, From C:/Program Files/Epic Games/UE_4.14/Engine/Plugins/Experimental/StructBox/StructBox.uplugin
LogPluginManager: Loaded Plugin AndroidMedia, From C:/Program Files/Epic Games/UE_4.14/Engine/Plugins/Media/AndroidMedia/AndroidMedia.uplugin
LogPluginManager: Loaded Plugin AvfMedia, From C:/Program Files/Epic Games/UE_4.14/Engine/Plugins/Media/AvfMedia/AvfMedia.uplugin
LogPluginManager: Loaded Plugin MediaPlayerEditor, From C:/Program Files/Epic Games/UE_4.14/Engine/Plugins/Media/MediaPlayerEditor/MediaPlayerEditor.uplugin
LogPluginManager: Loaded Plugin WmfMedia, From C:/Program Files/Epic Games/UE_4.14/Engine/Plugins/Media/WmfMedia/WmfMedia.uplugin
LogPluginManager: Loaded Plugin MessagingDebugger, From C:/Program Files/Epic Games/UE_4.14/Engine/Plugins/Messaging/MessagingDebugger/MessagingDebugger.uplugin
LogPluginManager: Loaded Plugin TcpMessaging, From C:/Program Files/Epic Games/UE_4.14/Engine/Plugins/Messaging/TcpMessaging/TcpMessaging.uplugin
LogPluginManager: Loaded Plugin UdpMessaging, From C:/Program Files/Epic Games/UE_4.14/Engine/Plugins/Messaging/UdpMessaging/UdpMessaging.uplugin
LogPluginManager: Loaded Plugin LevelSequenceEditor, From C:/Program Files/Epic Games/UE_4.14/Engine/Plugins/MovieScene/LevelSequenceEditor/LevelSequenceEditor.uplugin
LogPluginManager: Loaded Plugin MatineeToLevelSequence, From C:/Program Files/Epic Games/UE_4.14/Engine/Plugins/MovieScene/MatineeToLevelSequence/MatineeToLevelSequence.uplugin
LogPluginManager: Loaded Plugin NetcodeUnitTest, From C:/Program Files/Epic Games/UE_4.14/Engine/Plugins/NetcodeUnitTest/NetcodeUnitTest/NetcodeUnitTest.uplugin
LogPluginManager: Loaded Plugin NUTUnrealEngine4, From C:/Program Files/Epic Games/UE_4.14/Engine/Plugins/NetcodeUnitTest/NUTUnrealEngine4/NUTUnrealEngine4.uplugin
LogPluginManager: Loaded Plugin OnlineSubsystemGameCircle, From C:/Program Files/Epic Games/UE_4.14/Engine/Plugins/Online/Android/OnlineSubsystemGameCircle/OnlineSubsystemGameCircle.uplugin
LogPluginManager: Loaded Plugin OnlineSubsystemGooglePlay, From C:/Program Files/Epic Games/UE_4.14/Engine/Plugins/Online/Android/OnlineSubsystemGooglePlay/OnlineSubsystemGooglePlay.uplugin
LogPluginManager: Loaded Plugin OnlineSubsystemIOS, From C:/Program Files/Epic Games/UE_4.14/Engine/Plugins/Online/IOS/OnlineSubsystemIOS/OnlineSubsystemIOS.uplugin
LogPluginManager: Loaded Plugin OnlineFramework, From C:/Program Files/Epic Games/UE_4.14/Engine/Plugins/Online/OnlineFramework/OnlineFramework.uplugin
LogPluginManager: Loaded Plugin OnlineSubsystem, From C:/Program Files/Epic Games/UE_4.14/Engine/Plugins/Online/OnlineSubsystem/OnlineSubsystem.uplugin
LogPluginManager: Loaded Plugin OnlineSubsystemAmazon, From C:/Program Files/Epic Games/UE_4.14/Engine/Plugins/Online/OnlineSubsystemAmazon/OnlineSubsystemAmazon.uplugin
LogPluginManager: Loaded Plugin OnlineSubsystemFacebook, From C:/Program Files/Epic Games/UE_4.14/Engine/Plugins/Online/OnlineSubsystemFacebook/OnlineSubsystemFacebook.uplugin
LogPluginManager: Loaded Plugin OnlineSubsystemNull, From C:/Program Files/Epic Games/UE_4.14/Engine/Plugins/Online/OnlineSubsystemNull/OnlineSubsystemNull.uplugin
LogPluginManager: Loaded Plugin OnlineSubsystemOculus, From C:/Program Files/Epic Games/UE_4.14/Engine/Plugins/Online/OnlineSubsystemOculus/OnlineSubsystemOculus.uplugin
LogPluginManager: Loaded Plugin OnlineSubsystemSteam, From C:/Program Files/Epic Games/UE_4.14/Engine/Plugins/Online/OnlineSubsystemSteam/OnlineSubsystemSteam.uplugin
LogPluginManager: Loaded Plugin OnlineSubsystemUtils, From C:/Program Files/Epic Games/UE_4.14/Engine/Plugins/Online/OnlineSubsystemUtils/OnlineSubsystemUtils.uplugin
LogPluginManager: Loaded Plugin IOSTapJoy, From C:/Program Files/Epic Games/UE_4.14/Engine/Plugins/Runtime/Advertising/IOSTapJoy/IOSTapJoy.uplugin
LogPluginManager: Loaded Plugin AnalyticsBlueprintLibrary, From C:/Program Files/Epic Games/UE_4.14/Engine/Plugins/Runtime/Analytics/AnalyticsBlueprintLibrary/AnalyticsBlueprintLibrary.uplugin
LogPluginManager: Loaded Plugin AnalyticsMulticast, From C:/Program Files/Epic Games/UE_4.14/Engine/Plugins/Runtime/Analytics/AnalyticsMulticast/AnalyticsMulticast.uplugin
LogPluginManager: Loaded Plugin Apsalar, From C:/Program Files/Epic Games/UE_4.14/Engine/Plugins/Runtime/Analytics/Apsalar/Apsalar.uplugin
LogPluginManager: Loaded Plugin FileLogging, From C:/Program Files/Epic Games/UE_4.14/Engine/Plugins/Runtime/Analytics/FileLogging/FileLogging.uplugin
LogPluginManager: Loaded Plugin Flurry, From C:/Program Files/Epic Games/UE_4.14/Engine/Plugins/Runtime/Analytics/Flurry/Flurry.uplugin
LogPluginManager: Loaded Plugin AndroidDeviceProfileSelector, From C:/Program Files/Epic Games/UE_4.14/Engine/Plugins/Runtime/AndroidDeviceProfileSelector/AndroidDeviceProfileSelector.uplugin
LogPluginManager: Loaded Plugin AndroidMoviePlayer, From C:/Program Files/Epic Games/UE_4.14/Engine/Plugins/Runtime/AndroidMoviePlayer/AndroidMoviePlayer.uplugin
LogPluginManager: Loaded Plugin AppleMoviePlayer, From C:/Program Files/Epic Games/UE_4.14/Engine/Plugins/Runtime/AppleMoviePlayer/AppleMoviePlayer.uplugin
LogPluginManager: Loaded Plugin ArchVisCharacter, From C:/Program Files/Epic Games/UE_4.14/Engine/Plugins/Runtime/ArchVisCharacter/ArchVisCharacter.uplugin
LogPluginManager: Loaded Plugin CableComponent, From C:/Program Files/Epic Games/UE_4.14/Engine/Plugins/Runtime/CableComponent/CableComponent.uplugin
LogPluginManager: Loaded Plugin CustomMeshComponent, From C:/Program Files/Epic Games/UE_4.14/Engine/Plugins/Runtime/CustomMeshComponent/CustomMeshComponent.uplugin
LogPluginManager: Loaded Plugin ExampleDeviceProfileSelector, From C:/Program Files/Epic Games/UE_4.14/Engine/Plugins/Runtime/ExampleDeviceProfileSelector/ExampleDeviceProfileSelector.uplugin
LogPluginManager: Loaded Plugin GearVR, From C:/Program Files/Epic Games/UE_4.14/Engine/Plugins/Runtime/GearVR/GearVR.uplugin
LogPluginManager: Loaded Plugin GoogleVRController, From C:/Program Files/Epic Games/UE_4.14/Engine/Plugins/Runtime/GoogleVR/GoogleVRController/GoogleVRController.uplugin
LogPluginManager: Loaded Plugin GoogleVRHMD, From C:/Program Files/Epic Games/UE_4.14/Engine/Plugins/Runtime/GoogleVR/GoogleVRHMD/GoogleVRHMD.uplugin
LogPluginManager: Loaded Plugin IOSDeviceProfileSelector, From C:/Program Files/Epic Games/UE_4.14/Engine/Plugins/Runtime/IOSDeviceProfileSelector/IOSDeviceProfileSelector.uplugin
LogPluginManager: Loaded Plugin LeapMotion, From C:/Program Files/Epic Games/UE_4.14/Engine/Plugins/Runtime/LeapMotion/LeapMotion.uplugin
LogPluginManager: Loaded Plugin LinuxDeviceProfileSelector, From C:/Program Files/Epic Games/UE_4.14/Engine/Plugins/Runtime/LinuxDeviceProfileSelector/LinuxDeviceProfileSelector.uplugin
LogPluginManager: Loaded Plugin MIDIDevice, From C:/Program Files/Epic Games/UE_4.14/Engine/Plugins/Runtime/MIDIDevice/MIDIDevice.uplugin
LogPluginManager: Loaded Plugin MobilePatchingUtils, From C:/Program Files/Epic Games/UE_4.14/Engine/Plugins/Runtime/MobilePatchingUtils/MobilePatchingUtils.uplugin
LogPluginManager: Loaded Plugin Ansel, From C:/Program Files/Epic Games/UE_4.14/Engine/Plugins/Runtime/Nvidia/Ansel/Ansel.uplugin
LogPluginManager: Loaded Plugin OculusAudio, From C:/Program Files/Epic Games/UE_4.14/Engine/Plugins/Runtime/OculusAudio/OculusAudio.uplugin
LogPluginManager: Loaded Plugin OculusInput, From C:/Program Files/Epic Games/UE_4.14/Engine/Plugins/Runtime/OculusInput/OculusInput.uplugin
LogPluginManager: Loaded Plugin OculusLibrary, From C:/Program Files/Epic Games/UE_4.14/Engine/Plugins/Runtime/OculusLibrary/OculusLibrary.uplugin
LogPluginManager: Loaded Plugin OculusRift, From C:/Program Files/Epic Games/UE_4.14/Engine/Plugins/Runtime/OculusRift/OculusRift.uplugin
LogPluginManager: Loaded Plugin Oodle, From C:/Program Files/Epic Games/UE_4.14/Engine/Plugins/Runtime/PacketHandlers/CompressionComponents/Oodle/Oodle.uplugin
LogPluginManager: Loaded Plugin ProceduralMeshComponent, From C:/Program Files/Epic Games/UE_4.14/Engine/Plugins/Runtime/ProceduralMeshComponent/ProceduralMeshComponent.uplugin
LogPluginManager: Loaded Plugin SoundMod, From C:/Program Files/Epic Games/UE_4.14/Engine/Plugins/Runtime/SoundMod/SoundMod.uplugin
LogPluginManager: Loaded Plugin SoundVisualizations, From C:/Program Files/Epic Games/UE_4.14/Engine/Plugins/Runtime/SoundVisualizations/SoundVisualizations.uplugin
LogPluginManager: Loaded Plugin SteamController, From C:/Program Files/Epic Games/UE_4.14/Engine/Plugins/Runtime/Steam/SteamController/SteamController.uplugin
LogPluginManager: Loaded Plugin SteamVR, From C:/Program Files/Epic Games/UE_4.14/Engine/Plugins/Runtime/Steam/SteamVR/SteamVR.uplugin
LogPluginManager: Loaded Plugin WebBrowserWidget, From C:/Program Files/Epic Games/UE_4.14/Engine/Plugins/Runtime/WebBrowserWidget/WebBrowserWidget.uplugin
LogPluginManager: Loaded Plugin WindowsDeviceProfileSelector, From C:/Program Files/Epic Games/UE_4.14/Engine/Plugins/Runtime/WindowsDeviceProfileSelector/WindowsDeviceProfileSelector.uplugin
LogPluginManager: Loaded Plugin WindowsMoviePlayer, From C:/Program Files/Epic Games/UE_4.14/Engine/Plugins/Runtime/WindowsMoviePlayer/WindowsMoviePlayer.uplugin
LogPluginManager: Loaded Plugin ScriptPlugin, From C:/Program Files/Epic Games/UE_4.14/Engine/Plugins/ScriptPlugin/ScriptPlugin.uplugin
LogPluginManager: Loaded Plugin SlateRemote, From C:/Program Files/Epic Games/UE_4.14/Engine/Plugins/Slate/SlateRemote/SlateRemote.uplugin
LogPluginManager: Loaded Plugin EditorTests, From C:/Program Files/Epic Games/UE_4.14/Engine/Plugins/Tests/EditorTests/EditorTests.uplugin
LogPluginManager: Loaded Plugin FbxAutomationTestBuilder, From C:/Program Files/Epic Games/UE_4.14/Engine/Plugins/Tests/FbxAutomationTestBuilder/FbxAutomationTestBuilder.uplugin
LogPluginManager: Loaded Plugin FunctionalTestingEditor, From C:/Program Files/Epic Games/UE_4.14/Engine/Plugins/Tests/FunctionalTestingEditor/FunctionalTestingEditor.uplugin
LogPluginManager: Loaded Plugin RuntimeTests, From C:/Program Files/Epic Games/UE_4.14/Engine/Plugins/Tests/RuntimeTests/RuntimeTests.uplugin
LogPluginManager: Loaded Plugin ScreenshotTools, From C:/Program Files/Epic Games/UE_4.14/Engine/Plugins/Tests/ScreenshotTools/ScreenshotTools.uplugin
LogInit: Using libcurl 7.47.1
LogInit:  - built for x86_64-pc-win32
LogInit:  - supports SSL with OpenSSL/1.0.2g
LogInit:  - supports HTTP deflate (compression) using libz 1.2.8
LogInit:  - other features:
LogInit:      CURL_VERSION_SSL
LogInit:      CURL_VERSION_LIBZ
LogInit:      CURL_VERSION_IPV6
LogInit:      CURL_VERSION_ASYNCHDNS
LogInit:      CURL_VERSION_LARGEFILE
LogInit:      CURL_VERSION_IDN
LogInit:  CurlRequestOptions (configurable via config and command line):
LogInit:  - bVerifyPeer = false  - Libcurl will NOT verify peer certificate
LogInit:  - bUseHttpProxy = false  - Libcurl will NOT use HTTP proxy
LogInit:  - bDontReuseConnections = false  - Libcurl will reuse connections
LogInit:  - CertBundlePath = nullptr  - Libcurl will use whatever was configured at build time.
LogInit: Build: ++UE4+Release-4.14-CL-3249277
LogInit: Engine Version: 4.14.3-3249277+++UE4+Release-4.14
LogInit: Compatible Engine Version: 4.14.0-3195953+++UE4+Release-4.14
LogInit: Net CL: 3195953
LogDevObjectVersion: Number of dev versions registered: 13
LogDevObjectVersion:   Dev-Blueprints (B0D832E4-1F89-4F0D-ACCF-7EB736FD4AA2): 7
LogDevObjectVersion:   Dev-Build (E1C64328-A22C-4D53-A36C-8E866417BD8C): 0
LogDevObjectVersion:   Dev-Core (375EC13C-06E4-48FB-B500-84F0262A717E): 1
LogDevObjectVersion:   Dev-Editor (E4B068ED-F494-42E9-A231-DA0B2E46BB41): 8
LogDevObjectVersion:   Dev-Framework (CFFC743F-43B0-4480-9391-14DF171D2073): 17
LogDevObjectVersion:   Dev-Mobile (B02B49B5-BB20-44E9-A304-32B752E40360): 0
LogDevObjectVersion:   Dev-Networking (A4E4105C-59A1-49B5-A7C5-40C4547EDFEE): 0
LogDevObjectVersion:   Dev-Online (39C831C9-5AE6-47DC-9A44-9C173E1C8E7C): 0
LogDevObjectVersion:   Dev-Physics (78F01B33-EBEA-4F98-B9B4-84EACCB95AA2): 0
LogDevObjectVersion:   Dev-Platform (6631380F-2D4D-43E0-8009-CF276956A95A): 0
LogDevObjectVersion:   Dev-Rendering (12F88B9F-8875-4AFC-A67C-D90C383ABD29): 12
LogDevObjectVersion:   Dev-Sequencer (7B5AE74C-D270-4C10-A958-57980B212A5A): 1
LogDevObjectVersion:   Dev-VR (D7296918-1DD6-4BDD-9DE2-64A83CC13884): 0
LogInit: Compiled (64-bit): Jan  6 2017 10:49:43
LogInit: Compiled with Visual C++: 19.00.23026.00
LogInit: Build Configuration: Development
LogInit: Branch Name: ++UE4+Release-4.14
LogInit: Command line: -EpicPortal 
LogInit: Base directory: C:/Program Files/Epic Games/UE_4.14/Engine/Binaries/Win64/
LogInit: Installed Engine Build: 1
LogInit: Presizing for max 8388607 objects, including 0 objects not considered by GC, pre-allocating 0 bytes for permanent pool.
LogInit: Object subsystem initialized
[2018.02.11-22.56.11:278][  0]LogInit: Selected Device Profile: [Windows]
[2018.02.11-22.56.11:278][  0]LogInit: Applying CVar settings loaded from the selected device profile: [Windows]
[2018.02.11-22.56.11:289][  0]LogInit: Computer: DESKTOP-9KN8K70
[2018.02.11-22.56.11:289][  0]LogInit: User: KozaFazan
[2018.02.11-22.56.11:289][  0]LogInit: CPU Page size=65536, Cores=4
[2018.02.11-22.56.11:289][  0]LogInit: High frequency timer resolution =2.143578 MHz
[2018.02.11-22.56.11:289][  0]LogMemory: Memory total: Physical=7.9GB (8GB approx)
[2018.02.11-22.56.11:289][  0]LogMemory: Platform Memory Stats for Windows
[2018.02.11-22.56.11:289][  0]LogMemory: Process Physical Memory: 263.68 MB used, 263.68 MB peak
[2018.02.11-22.56.11:289][  0]LogMemory: Process Virtual Memory: 262.42 MB used, 262.42 MB peak
[2018.02.11-22.56.11:289][  0]LogMemory: Physical Memory: 4600.07 MB used,  3484.20 MB free, 8084.27 MB total
[2018.02.11-22.56.11:289][  0]LogMemory: Virtual Memory: 662.04 MB used,  3484.20 MB free, 134217728.00 MB total
[2018.02.11-22.56.11:319][  0]LogTextLocalizationManager: No specific translations for ('en-US') exist, so ('en') translations will be used.
[2018.02.11-22.56.12:220][  0]LogD3D11RHI: D3D11 adapters:
[2018.02.11-22.56.12:225][  0]LogD3D11RHI:    0. 'Intel(R) HD Graphics 4000' (Feature Level 11_0)
[2018.02.11-22.56.12:225][  0]LogD3D11RHI:       32/0/1760 MB DedicatedVideo/DedicatedSystem/SharedSystem, Outputs:1, VendorId:0x8086
[2018.02.11-22.56.12:288][  0]LogD3D11RHI:    1. 'AMD Radeon HD 7600M Series' (Feature Level 11_0)
[2018.02.11-22.56.12:288][  0]LogD3D11RHI:       2028/0/3840 MB DedicatedVideo/DedicatedSystem/SharedSystem, Outputs:0, VendorId:0x1002
[2018.02.11-22.56.12:290][  0]LogD3D11RHI:    2. 'Microsoft Basic Render Driver' (Feature Level 11_0)
[2018.02.11-22.56.12:290][  0]LogD3D11RHI:       0/0/4042 MB DedicatedVideo/DedicatedSystem/SharedSystem, Outputs:0, VendorId:0x1414
[2018.02.11-22.56.12:290][  0]LogD3D11RHI: Chosen D3D11 Adapter: 1
[2018.02.11-22.56.12:296][  0]LogD3D11RHI: Creating new Direct3DDevice
[2018.02.11-22.56.12:296][  0]LogD3D11RHI:     GPU DeviceId: 0x6840 (for the marketing name, search the web for "GPU Device Id")
[2018.02.11-22.56.12:296][  0]LogWindows: EnumDisplayDevices:
[2018.02.11-22.56.12:296][  0]LogWindows:    0. 'Intel(R) HD Graphics 4000' (P:1 D:1)
[2018.02.11-22.56.12:297][  0]LogWindows:    1. 'Intel(R) HD Graphics 4000' (P:0 D:0)
[2018.02.11-22.56.12:297][  0]LogWindows:    2. 'Intel(R) HD Graphics 4000' (P:0 D:0)
[2018.02.11-22.56.12:297][  0]LogWindows: DebugString: PrimaryIsNotTheChoosenAdapter PrimaryIsNotTheChoosenAdapter PrimaryIsNotTheChoosenAdapter FoundDriverCount:0 
[2018.02.11-22.56.12:297][  0]LogD3D11RHI:     Adapter Name: AMD Radeon HD 7600M Series
[2018.02.11-22.56.12:297][  0]LogD3D11RHI:   Driver Version: Unknown (internal:Unknown, unified:Unknown)
[2018.02.11-22.56.12:297][  0]LogD3D11RHI:      Driver Date: Unknown
[2018.02.11-22.56.12:297][  0]LogRHI: Texture pool is 1361 MB (70% of 1945 MB)
[2018.02.11-22.56.12:307][  0]LogD3D11RHI: Async texture creation enabled
[2018.02.11-22.56.12:318][  0]LogD3D11RHI: GPU Timing Frequency: 27.000000 (Debug: 2 1)
[2018.02.11-22.56.12:320][  0]LogShaderCompilers: Guid format shader working directory is 29 characters bigger than the processId version (E:/Source Code/Amonia/Intermediate/Shaders/WorkingDirectory/3880/).
[2018.02.11-22.56.12:320][  0]LogShaderCompilers: Cleaned the shader compiler working directory 'C:/Users/KozaFazan/AppData/Local/Temp/UnrealShaderWorkingDir/7B3E090844486132F18BADAC169E1043/'.
[2018.02.11-22.56.12:320][  0]LogShaderCompilers:Display: Using Local Shader Compiler.
[2018.02.11-22.56.13:723][  0]LogTemp:Display: Loaded TP AllDesktopTargetPlatform
[2018.02.11-22.56.13:822][  0]LogTemp:Display: Loaded TP MacClientTargetPlatform
[2018.02.11-22.56.13:922][  0]LogTemp:Display: Loaded TP MacNoEditorTargetPlatform
[2018.02.11-22.56.14:020][  0]LogTemp:Display: Loaded TP MacServerTargetPlatform
[2018.02.11-22.56.14:119][  0]LogTemp:Display: Loaded TP MacTargetPlatform
[2018.02.11-22.56.14:219][  0]LogTemp:Display: Loaded TP WindowsClientTargetPlatform
[2018.02.11-22.56.14:318][  0]LogTemp:Display: Loaded TP WindowsNoEditorTargetPlatform
[2018.02.11-22.56.14:418][  0]LogTemp:Display: Loaded TP WindowsServerTargetPlatform
[2018.02.11-22.56.14:503][  0]LogTemp:Display: Loaded TP WindowsTargetPlatform
[2018.02.11-22.56.14:601][  0]LogTemp:Display: Loaded TP AndroidTargetPlatform
[2018.02.11-22.56.14:697][  0]LogTemp:Display: Loaded TP Android_ASTCTargetPlatform
[2018.02.11-22.56.14:793][  0]LogTemp:Display: Loaded TP Android_ATCTargetPlatform
[2018.02.11-22.56.14:890][  0]LogTemp:Display: Loaded TP Android_DXTTargetPlatform
[2018.02.11-22.56.14:986][  0]LogTemp:Display: Loaded TP Android_ETC1TargetPlatform
[2018.02.11-22.56.15:084][  0]LogTemp:Display: Loaded TP Android_ETC2TargetPlatform
[2018.02.11-22.56.15:283][  0]LogTemp:Display: Loaded TP Android_MultiTargetPlatform
[2018.02.11-22.56.15:283][  0]LogTemp:Display: Loaded TP Android_PVRTCTargetPlatform
[2018.02.11-22.56.15:359][  0]LogTemp:Display: Loaded TP HTML5TargetPlatform
[2018.02.11-22.56.15:508][  0]LogTemp:Display: Loaded TP IOSTargetPlatform
[2018.02.11-22.56.15:565][  0]LogTemp:Display: Loaded TP TVOSTargetPlatform
[2018.02.11-22.56.15:661][  0]LogTemp:Display: Loaded TP LinuxClientTargetPlatform
[2018.02.11-22.56.15:759][  0]LogTemp:Display: Loaded TP LinuxNoEditorTargetPlatform
[2018.02.11-22.56.15:855][  0]LogTemp:Display: Loaded TP LinuxServerTargetPlatform
[2018.02.11-22.56.15:952][  0]LogTemp:Display: Loaded TP LinuxTargetPlatform
[2018.02.11-22.56.15:952][  0]LogTargetPlatformManager:Display: Building Assets For Windows
[2018.02.11-22.56.16:723][  0]LogDerivedDataCache:Display: Max Cache Size: 512 MB
[2018.02.11-22.56.16:915][  0]LogDerivedDataCache: Loaded boot cache 0.07s 50MB C:/Users/KozaFazan/AppData/Local/UnrealEngine/4.14/DerivedDataCache/Boot.ddc.
[2018.02.11-22.56.16:915][  0]LogDerivedDataCache:Display: Loaded Boot cache: C:/Users/KozaFazan/AppData/Local/UnrealEngine/4.14/DerivedDataCache/Boot.ddc
[2018.02.11-22.56.16:915][  0]LogDerivedDataCache: FDerivedDataBackendGraph:  Pak pak cache file E:/Source Code/Amonia/DerivedDataCache/DDC.ddp not found, will not use a pak cache.
[2018.02.11-22.56.16:915][  0]LogDerivedDataCache: Unable to find inner node Pak for hierarchical cache Hierarchy.
[2018.02.11-22.56.16:915][  0]LogDerivedDataCache: FDerivedDataBackendGraph:  CompressedPak pak cache file E:/Source Code/Amonia/DerivedDataCache/Compressed.ddp not found, will not use a pak cache.
[2018.02.11-22.56.16:915][  0]LogDerivedDataCache: Unable to find inner node CompressedPak for hierarchical cache Hierarchy.
[2018.02.11-22.56.16:936][  0]LogDerivedDataCache:Display: Pak cache opened for reading ../../../Engine/DerivedDataCache/Compressed.ddp.
[2018.02.11-22.56.16:949][  0]LogDerivedDataCache: Using Local data cache path C:/Users/KozaFazan/AppData/Local/UnrealEngine/Common/DerivedDataCache: Writable
[2018.02.11-22.56.17:273][  0]LogInit: Selected Device Profile: [Windows]
[2018.02.11-22.56.17:278][  0]LogContentStreaming: Texture pool size is 0.00 MB
[2018.02.11-22.56.17:613][  0]LogMeshUtilities: Using QuadricMeshReduction for automatic static mesh reduction
[2018.02.11-22.56.17:696][  0]LogSimplygon: Simplygon DLL not present - disabling.
[2018.02.11-22.56.17:796][  0]LogMeshUtilities: Using SimplygonSwarm for distributed automatic mesh merging
[2018.02.11-22.56.17:796][  0]LogMeshUtilities: No automatic skeletal mesh reduction module available
[2018.02.11-22.56.17:796][  0]LogMeshUtilities: No automatic mesh merging module available
[2018.02.11-22.56.18:557][  0]LogNetVersion: GetLocalNetworkVersion: CL: 3195953, ProjectName: amonia, ProjectVersion: , EngineNetworkVersion: 2, GameNetworkVersion: 0, NetworkChecksum: 2209561530
[2018.02.11-22.56.18:635][  0]LogAssetRegistry: FAssetRegistry took 0.0219 seconds to start up
[2018.02.11-22.56.18:704][  0]LogPackageLocalizationCache: Processed 3 localized package path(s) for 2 prioritized culture(s) in 0.028385 seconds
[2018.02.11-22.56.18:711][  0]LogUObjectArray: 31946 objects as part of root set at end of initial load.
[2018.02.11-22.56.18:711][  0]LogUObjectAllocator: 6935848 out of 0 bytes used by permanent object pool.
[2018.02.11-22.56.18:711][  0]LogUObjectArray: CloseDisregardForGC: 0/0 objects in disregard for GC pool
[2018.02.11-22.56.18:830][  0]LogInit: WinSock: version 1.1 (2.2), MaxSocks=32767, MaxUdp=65467
[2018.02.11-22.56.20:340][  0]LogSlate: Using Freetype 2.6.0
[2018.02.11-22.56.20:341][  0]LogSlate: SlateFontCache - WITH_FREETYPE: 1, WITH_HARFBUZZ: 1
[2018.02.11-22.56.20:341][  0]LogSlate: SlateFontCache - WITH_FREETYPE: 1, WITH_HARFBUZZ: 1
[2018.02.11-22.56.21:664][  0]LogTcpMessaging: Initializing TcpMessaging bridge
[2018.02.11-22.56.21:734][  0]LogUdpMessaging: Initializing bridge on interface 0.0.0.0:0 to multicast group 230.0.0.1:6666.
[2018.02.11-22.56.22:260][  0]LogMaterial: Uniform references updated for custom material expression Custom.
[2018.02.11-22.56.22:978][  0]SourceControl: Info Source control is disabled
[2018.02.11-22.56.22:979][  0]SourceControl: Info Source control is disabled
[2018.02.11-22.56.23:075][  0]SourceControl: Info Source control is disabled
[2018.02.11-22.56.23:171][  0]SourceControl: Info Source control is disabled
[2018.02.11-22.56.25:690][  0]LogEngine: Initializing Engine...
[2018.02.11-22.56.25:692][  0]LogHMD: Failed to initialize OpenVR with code 110
[2018.02.11-22.56.26:078][  0]LogAIModule: Creating AISystem for world Untitled
[2018.02.11-22.56.26:088][  0]LogInit: XAudio2 using 'Speakers (2- High Definition Audio Device)' : 2 channels at 44.1 kHz using 16 bits per sample (channel mask 0x3)
[2018.02.11-22.56.26:106][  0]LogInit: FAudioDevice initialized.
[2018.02.11-22.56.26:140][  0]LogDerivedDataCache: Saved boot cache 0.03s 50MB C:/Users/KozaFazan/AppData/Local/UnrealEngine/4.14/DerivedDataCache/Boot.ddc.
[2018.02.11-22.56.26:145][  0]LogInit: Texture streaming: Enabled
[2018.02.11-22.56.26:487][  0]LogInit: Transaction tracking system initialized
[2018.02.11-22.56.27:154][  0]BlueprintLog: New page: Editor Load
[2018.02.11-22.56.28:834][  0]LocalizationService: Info Localization service is disabled
[2018.02.11-22.56.30:072][  0]LogConsoleResponse:Display: 
[2018.02.11-22.56.30:267][  0]LogCook:Display: Max memory allowance for cook 16384mb min free memory 0mb
[2018.02.11-22.56.30:267][  0]LogCook:Display: Mobile HDR setting 1
[2018.02.11-22.56.31:092][  0]LogFileCache: Scanning file cache for directory 'E:/Source Code/Amonia/Content/' took 0.02s
[2018.02.11-22.56.32:127][  0]SourceControl: Info Source control is disabled
[2018.02.11-22.56.32:128][  0]Cmd: MAP LOAD FILE="E:/Source Code/Amonia/Content/Amonia/maps/Level_00.umap" TEMPLATE=0 SHOWPROGRESS=1 FEATURELEVEL=3
[2018.02.11-22.56.32:128][  0]LightingResults: New page: Lighting Build
[2018.02.11-22.56.32:205][  0]MapCheck: New page: Map Check
[2018.02.11-22.56.32:205][  0]LightingResults: New page: Lighting Build
[2018.02.11-22.56.32:644][  0]LogBlueprint:Warning: Editor config [EditoronlyBP] settings are DEPRECATED. A Blueprint (boar_char) has a node ('Equal (Object)') with a pin ('A') that has a default object ('Bp_Shot') that is now deprecated - use the target's class instead (may just require a resave).
[2018.02.11-22.56.32:677][  0]LogBlueprint:Warning: Editor config [EditoronlyBP] settings are DEPRECATED. A Blueprint (Bp_Shot) has a node ('Equal (Object)') with a pin ('B') that has a default object ('boar_char') that is now deprecated - use the target's class instead (may just require a resave).
[2018.02.11-22.56.34:076][  0]LogAIModule: Creating AISystem for world Level_00
[2018.02.11-22.56.34:114][  0]LogEditorServer: Finished looking for orphan Actors (0.000 secs)
[2018.02.11-22.56.34:115][  0]Cmd: MAP CHECKDEP NOCLEARLOG
[2018.02.11-22.56.34:224][  0]MapCheck: Info Map check complete: 0 Error(s), 0 Warning(s), took 109.656ms to complete.
[2018.02.11-22.56.34:224][  0]LogFileHelpers: Loading map 'Level_00' took 2.097
[2018.02.11-22.56.34:290][  0]LogWindowsTextInputMethodSystem:Display: IME system now deactivated.
[2018.02.11-22.56.34:413][  0]LogCollectionManager: Loaded 1 collections in 0.003384 seconds
[2018.02.11-22.56.34:530][  0]LogFileCache: Scanning file cache for directory 'E:/Source Code/Amonia/Saved/Collections/' took 0.01s
[2018.02.11-22.56.34:530][  0]LogFileCache: Scanning file cache for directory 'E:/Source Code/Amonia/Content/Developers/KozaFazan/Collections/' took 0.01s
[2018.02.11-22.56.34:530][  0]LogFileCache: Scanning file cache for directory 'E:/Source Code/Amonia/Content/Collections/' took 0.01s
[2018.02.11-22.56.34:530][  0]LogCollectionManager: Rebuilt the GUID cache for 1 collections in 0.000005 seconds
[2018.02.11-22.56.34:530][  0]LogCollectionManager: Rebuilt the hierarchy cache for 1 collections in 0.000000 seconds
[2018.02.11-22.56.34:544][  0]LogContentBrowser: Native class hierarchy populated in 0.0141 seconds. Added 2190 classes and 428 folders.
[2018.02.11-22.56.34:624][  0]LogStats: UGameplayTagsManager::ConstructGameplayTagTree: Construct from data asset -  0.000 s
[2018.02.11-22.56.34:624][  0]LogStats: UGameplayTagsManager::ConstructGameplayTagTree: GameplayTagTreeChangedEvent.Broadcast -  0.000 s
[2018.02.11-22.56.34:628][  0]LogContentBrowser: Native class hierarchy updated for 'GameplayTags' in 0.0036 seconds. Added 13 classes and 0 folders.
[2018.02.11-22.56.34:750][  0]LogContentBrowser: Native class hierarchy updated for 'WidgetCarousel' in 0.0033 seconds. Added 0 classes and 0 folders.
[2018.02.11-22.56.34:837][  0]LogContentBrowser: Native class hierarchy updated for 'AddContentDialog' in 0.0033 seconds. Added 0 classes and 0 folders.
[2018.02.11-22.56.34:920][  0]LogContentBrowser: Native class hierarchy updated for 'SceneOutliner' in 0.0033 seconds. Added 1 classes and 2 folders.
[2018.02.11-22.56.35:038][  0]LogCrashTracker: Crashtracker disabled due to settings.
[2018.02.11-22.56.35:044][  0]LogUObjectGlobals:Warning: Failed to find object 'Class None.'
[2018.02.11-22.56.35:151][  0]LogContentBrowser: Native class hierarchy updated for 'HierarchicalLODOutliner' in 0.0037 seconds. Added 1 classes and 2 folders.
[2018.02.11-22.56.35:151][  0]LogLoad: (Engine Initialization) Total time: 26.38 seconds
[2018.02.11-22.56.35:151][  0]LogLoad: (Engine Initialization) Total Blueprint compile time: 0.88 seconds
[2018.02.11-22.56.35:151][  0]LogExternalProfiler: No external profilers were discovered.  External profiling features will not be available.
[2018.02.11-22.56.35:171][  0]LogOcInput: OculusInput pre-init called
[2018.02.11-22.56.35:191][  0]LogContentStreaming: Texture pool size now 1000 MB
[2018.02.11-22.56.35:376][  0]LogRenderer: Reallocating scene render targets to support 800x372 NumSamples 1 (Frame:2).
[2018.02.11-22.56.35:599][  2]LogAssetRegistry: Asset discovery search completed in 16.9864 seconds
[2018.02.11-22.56.35:600][  2]LogCollectionManager: Rebuilt the object cache for 1 collections in 0.000010 seconds (found 0 objects)
[2018.02.11-22.56.35:600][  2]LogCollectionManager: Fixed up redirectors for 1 collections in 0.000038 seconds (updated 0 objects)
[2018.02.11-22.56.51:130][845]LogContentBrowser: Native class hierarchy updated for 'BlueprintGraph' in 0.0045 seconds. Added 111 classes and 0 folders.
[2018.02.11-22.57.06:088][672]LogRenderer: Reallocating scene render targets to support 832x464 NumSamples 1 (Frame:836).
[2018.02.11-22.58.18:079][502]BlueprintLog: New page: Compile Bp_Shot
[2018.02.11-22.59.51:359][ 18]BlueprintLog: New page: Compile Bp_Shot
[2018.02.11-22.59.52:079][ 43]Cmd: OBJ SAVEPACKAGE PACKAGE="/Game/Amonia/blueprints/Bp_Shot" FILE="E:/Source Code/Amonia/Content/Amonia/blueprints/Bp_Shot.uasset" SILENT=true
[2018.02.11-22.59.52:135][ 43]LogSavePackage: Save=21.72ms
[2018.02.11-22.59.52:135][ 43]LogSavePackage: Moving 'E:/Source Code/Amonia/Saved/Bp_ShotACB70B3243BF4B9B119549A93D96DE94.tmp' to 'E:/Source Code/Amonia/Content/Amonia/blueprints/Bp_Shot.uasset'
[2018.02.11-22.59.52:137][ 43]LogSavePackage:Display: Finished SavePackage E:/Source Code/Amonia/Content/Amonia/blueprints/Bp_Shot.uasset
[2018.02.11-23.00.04:046][720]LogAIModule: Creating AISystem for world Level_04
[2018.02.11-23.00.04:080][720]Cmd: MAP LOAD FILE="E:/Source Code/Amonia/Content/Amonia/maps/Level_04.umap" TEMPLATE=0 SHOWPROGRESS=1 FEATURELEVEL=3
[2018.02.11-23.00.04:080][720]LightingResults: New page: Lighting Build
[2018.02.11-23.00.04:081][720]LoadErrors: New page: Loading map: Level_04.umap
[2018.02.11-23.00.04:084][720]MapCheck: New page: Map Check
[2018.02.11-23.00.04:084][720]LightingResults: New page: Lighting Build
[2018.02.11-23.00.04:198][720]LogEditorServer: Finished looking for orphan Actors (0.000 secs)
[2018.02.11-23.00.04:232][720]Cmd: MAP CHECKDEP NOCLEARLOG
[2018.02.11-23.00.04:353][720]MapCheck: Info Map check complete: 0 Error(s), 0 Warning(s), took 121.092ms to complete.
[2018.02.11-23.00.04:354][720]LogFileHelpers: Loading map 'Level_04' took 0.275
[2018.02.11-23.00.05:612][779]LogTemp: Repeting last play command: New Editor Window (PIE)
[2018.02.11-23.00.05:634][779]LogBlueprintUserMessages: Early PlayInEditor Detection: Level '/Game/Amonia/maps/Level_04.Level_04:PersistentLevel' has LevelScriptBlueprint '/Game/Amonia/maps/Level_04.Level_04:PersistentLevel.Level_04' with GeneratedClass '/Game/Amonia/maps/Level_04.Level_04_C' with ClassGeneratedBy '/Game/Amonia/maps/Level_04.Level_04:PersistentLevel.Level_04'
[2018.02.11-23.00.05:634][779]LogPlayLevel: PlayLevel: No blueprints needed recompiling
[2018.02.11-23.00.05:635][779]PIE: New page: PIE session: Level_04 (Feb 12, 2018, 3:00:05 AM)
[2018.02.11-23.00.05:635][779]LogPlayLevel: Creating play world package: /Game/Amonia/maps/UEDPIE_0_Level_04
[2018.02.11-23.00.05:646][779]LogPlayLevel: PIE: StaticDuplicateObject took: (0.011122s)
[2018.02.11-23.00.05:647][779]LogAIModule: Creating AISystem for world Level_04
[2018.02.11-23.00.05:647][779]LogPlayLevel: PIE: World Init took: (0.000819s)
[2018.02.11-23.00.05:647][779]LogPlayLevel: PIE: Created PIE world by copying editor world from /Game/Amonia/maps/Level_04.Level_04 to /Game/Amonia/maps/UEDPIE_0_Level_04.Level_04 (0.012238s)
[2018.02.11-23.00.05:666][779]LogInit: XAudio2 using 'Speakers (2- High Definition Audio Device)' : 2 channels at 44.1 kHz using 16 bits per sample (channel mask 0x3)
[2018.02.11-23.00.05:678][779]LogInit: FAudioDevice initialized.
[2018.02.11-23.00.05:730][779]LogLoad: Game class is '2DSideScrollerGameMode_C'
[2018.02.11-23.00.05:747][779]LogWorld: Bringing World /Game/Amonia/maps/UEDPIE_0_Level_04.Level_04 up for play (max tick rate 60) at 2018.02.12-01.00.05
[2018.02.11-23.00.05:748][779]LogWorld: Bringing up level for play took: 0.016162
[2018.02.11-23.00.05:832][779]LogContentBrowser: Native class hierarchy updated for 'MovieSceneCapture' in 0.0037 seconds. Added 11 classes and 0 folders.
[2018.02.11-23.00.05:841][779]PIE: Info Play in editor start time for /Game/Amonia/maps/UEDPIE_0_Level_04 -0.349
[2018.02.11-23.00.05:842][779]LogBlueprintUserMessages: Late PlayInEditor Detection: Level '/Game/Amonia/maps/Level_04.Level_04:PersistentLevel' has LevelScriptBlueprint '/Game/Amonia/maps/Level_04.Level_04:PersistentLevel.Level_04' with GeneratedClass '/Game/Amonia/maps/Level_04.Level_04_C' with ClassGeneratedBy '/Game/Amonia/maps/Level_04.Level_04:PersistentLevel.Level_04'
[2018.02.11-23.00.05:876][779]LogRenderer: Reallocating scene render targets to support 1292x756 NumSamples 1 (Frame:4764).
[2018.02.11-23.00.10:012][898]LogBlueprintUserMessages: [BP_main_C_0] 576.591125
[2018.02.11-23.00.22:175][245]LogBlueprintUserMessages: Early EndPlayMap Detection: Level '/Game/Amonia/maps/Level_04.Level_04:PersistentLevel' has LevelScriptBlueprint '/Game/Amonia/maps/Level_04.Level_04:PersistentLevel.Level_04' with GeneratedClass '/Game/Amonia/maps/Level_04.Level_04_C' with ClassGeneratedBy '/Game/Amonia/maps/Level_04.Level_04:PersistentLevel.Level_04'
[2018.02.11-23.00.22:268][245]LogBlueprintUserMessages: Late EndPlayMap Detection: Level '/Game/Amonia/maps/Level_04.Level_04:PersistentLevel' has LevelScriptBlueprint '/Game/Amonia/maps/Level_04.Level_04:PersistentLevel.Level_04' with GeneratedClass '/Game/Amonia/maps/Level_04.Level_04_C' with ClassGeneratedBy '/Game/Amonia/maps/Level_04.Level_04:PersistentLevel.Level_04'
[2018.02.11-23.02.50:908][844]BlueprintLog: New page: Compile boar_char
[2018.02.11-23.03.00:500][341]LogEditorViewport: Clicking on Actor (LMB): boar_char_C (boar_char)
[2018.02.11-23.03.01:850][395]Cmd: DELETE
[2018.02.11-23.03.01:850][395]Cmd: ACTOR DELETE
[2018.02.11-23.03.01:851][395]LogEditorActor: Deleted Actor: boar_char_C
[2018.02.11-23.03.01:875][395]LogEditorActor: Deleted 1 Actors (0.025 secs)
[2018.02.11-23.03.05:277][547]Cmd: OBJ SAVEPACKAGE PACKAGE="/Game/Amonia/blueprints/enemy/Boar/boar_char" FILE="E:/Source Code/Amonia/Content/Amonia/blueprints/enemy/Boar/boar_char.uasset" SILENT=true
[2018.02.11-23.03.05:401][547]LogSavePackage: Save=89.28ms
[2018.02.11-23.03.05:401][547]LogSavePackage: Moving 'E:/Source Code/Amonia/Saved/boar_char44D1FE9A4E3C4C443998F49597770063.tmp' to 'E:/Source Code/Amonia/Content/Amonia/blueprints/enemy/Boar/boar_char.uasset'
[2018.02.11-23.03.05:403][547]LogSavePackage:Display: Finished SavePackage E:/Source Code/Amonia/Content/Amonia/blueprints/enemy/Boar/boar_char.uasset
[2018.02.11-23.03.09:489][724]LogTemp: Repeting last play command: New Editor Window (PIE)
[2018.02.11-23.03.09:534][724]LogBlueprintUserMessages: Early PlayInEditor Detection: Level '/Game/Amonia/maps/Level_04.Level_04:PersistentLevel' has LevelScriptBlueprint '/Game/Amonia/maps/Level_04.Level_04:PersistentLevel.Level_04' with GeneratedClass '/Game/Amonia/maps/Level_04.Level_04_C' with ClassGeneratedBy '/Game/Amonia/maps/Level_04.Level_04:PersistentLevel.Level_04'
[2018.02.11-23.03.09:534][724]LogPlayLevel: PlayLevel: No blueprints needed recompiling
[2018.02.11-23.03.09:534][724]PIE: New page: PIE session: Level_04 (Feb 12, 2018, 3:03:09 AM)
[2018.02.11-23.03.09:534][724]LogPlayLevel: Creating play world package: /Game/Amonia/maps/UEDPIE_0_Level_04
[2018.02.11-23.03.09:544][724]LogPlayLevel: PIE: StaticDuplicateObject took: (0.010362s)
[2018.02.11-23.03.09:545][724]LogAIModule: Creating AISystem for world Level_04
[2018.02.11-23.03.09:545][724]LogPlayLevel: PIE: World Init took: (0.000751s)
[2018.02.11-23.03.09:545][724]LogPlayLevel: PIE: Created PIE world by copying editor world from /Game/Amonia/maps/Level_04.Level_04 to /Game/Amonia/maps/UEDPIE_0_Level_04.Level_04 (0.011389s)
[2018.02.11-23.03.09:568][724]LogInit: XAudio2 using 'Speakers (2- High Definition Audio Device)' : 2 channels at 44.1 kHz using 16 bits per sample (channel mask 0x3)
[2018.02.11-23.03.09:578][724]LogInit: FAudioDevice initialized.
[2018.02.11-23.03.09:621][724]LogLoad: Game class is '2DSideScrollerGameMode_C'
[2018.02.11-23.03.09:637][724]LogWorld: Bringing World /Game/Amonia/maps/UEDPIE_0_Level_04.Level_04 up for play (max tick rate 60) at 2018.02.12-01.03.09
[2018.02.11-23.03.09:638][724]LogWorld: Bringing up level for play took: 0.015887
[2018.02.11-23.03.09:648][724]PIE: Info Play in editor start time for /Game/Amonia/maps/UEDPIE_0_Level_04 -0.543
[2018.02.11-23.03.09:648][724]LogBlueprintUserMessages: Late PlayInEditor Detection: Level '/Game/Amonia/maps/Level_04.Level_04:PersistentLevel' has LevelScriptBlueprint '/Game/Amonia/maps/Level_04.Level_04:PersistentLevel.Level_04' with GeneratedClass '/Game/Amonia/maps/Level_04.Level_04_C' with ClassGeneratedBy '/Game/Amonia/maps/Level_04.Level_04:PersistentLevel.Level_04'
[2018.02.11-23.03.14:320][858]LogBlueprintUserMessages: [BP_main_C_0] 576.90387
[2018.02.11-23.03.30:023][308]LogBlueprintUserMessages: Early EndPlayMap Detection: Level '/Game/Amonia/maps/Level_04.Level_04:PersistentLevel' has LevelScriptBlueprint '/Game/Amonia/maps/Level_04.Level_04:PersistentLevel.Level_04' with GeneratedClass '/Game/Amonia/maps/Level_04.Level_04_C' with ClassGeneratedBy '/Game/Amonia/maps/Level_04.Level_04:PersistentLevel.Level_04'
[2018.02.11-23.03.30:168][308]LogBlueprintUserMessages: Late EndPlayMap Detection: Level '/Game/Amonia/maps/Level_04.Level_04:PersistentLevel' has LevelScriptBlueprint '/Game/Amonia/maps/Level_04.Level_04:PersistentLevel.Level_04' with GeneratedClass '/Game/Amonia/maps/Level_04.Level_04_C' with ClassGeneratedBy '/Game/Amonia/maps/Level_04.Level_04:PersistentLevel.Level_04'
[2018.02.11-23.03.32:354][399]LogEditorViewport: Clicking on Actor (LMB): boar_char_C (boar_char)
[2018.02.11-23.03.36:922][582]LogTemp: Repeting last play command: New Editor Window (PIE)
[2018.02.11-23.03.36:945][582]LogBlueprintUserMessages: Early PlayInEditor Detection: Level '/Game/Amonia/maps/Level_04.Level_04:PersistentLevel' has LevelScriptBlueprint '/Game/Amonia/maps/Level_04.Level_04:PersistentLevel.Level_04' with GeneratedClass '/Game/Amonia/maps/Level_04.Level_04_C' with ClassGeneratedBy '/Game/Amonia/maps/Level_04.Level_04:PersistentLevel.Level_04'
[2018.02.11-23.03.36:945][582]LogPlayLevel: PlayLevel: No blueprints needed recompiling
[2018.02.11-23.03.36:945][582]PIE: New page: PIE session: Level_04 (Feb 12, 2018, 3:03:36 AM)
[2018.02.11-23.03.36:946][582]LogPlayLevel: Creating play world package: /Game/Amonia/maps/UEDPIE_0_Level_04
[2018.02.11-23.03.36:958][582]LogPlayLevel: PIE: StaticDuplicateObject took: (0.012446s)
[2018.02.11-23.03.36:959][582]LogAIModule: Creating AISystem for world Level_04
[2018.02.11-23.03.36:959][582]LogPlayLevel: PIE: World Init took: (0.000818s)
[2018.02.11-23.03.36:959][582]LogPlayLevel: PIE: Created PIE world by copying editor world from /Game/Amonia/maps/Level_04.Level_04 to /Game/Amonia/maps/UEDPIE_0_Level_04.Level_04 (0.013574s)
[2018.02.11-23.03.36:981][582]LogInit: XAudio2 using 'Speakers (2- High Definition Audio Device)' : 2 channels at 44.1 kHz using 16 bits per sample (channel mask 0x3)
[2018.02.11-23.03.36:995][582]LogInit: FAudioDevice initialized.
[2018.02.11-23.03.37:042][582]LogLoad: Game class is '2DSideScrollerGameMode_C'
[2018.02.11-23.03.37:057][582]LogWorld: Bringing World /Game/Amonia/maps/UEDPIE_0_Level_04.Level_04 up for play (max tick rate 60) at 2018.02.12-01.03.37
[2018.02.11-23.03.37:059][582]LogWorld: Bringing up level for play took: 0.015994
[2018.02.11-23.03.37:069][582]PIE: Info Play in editor start time for /Game/Amonia/maps/UEDPIE_0_Level_04 0.878
[2018.02.11-23.03.37:069][582]LogBlueprintUserMessages: Late PlayInEditor Detection: Level '/Game/Amonia/maps/Level_04.Level_04:PersistentLevel' has LevelScriptBlueprint '/Game/Amonia/maps/Level_04.Level_04:PersistentLevel.Level_04' with GeneratedClass '/Game/Amonia/maps/Level_04.Level_04_C' with ClassGeneratedBy '/Game/Amonia/maps/Level_04.Level_04:PersistentLevel.Level_04'
[2018.02.11-23.03.41:085][697]LogBlueprintUserMessages: [BP_main_C_0] 576.21167
[2018.02.11-23.04.01:702][287]LogBlueprintUserMessages: Early EndPlayMap Detection: Level '/Game/Amonia/maps/Level_04.Level_04:PersistentLevel' has LevelScriptBlueprint '/Game/Amonia/maps/Level_04.Level_04:PersistentLevel.Level_04' with GeneratedClass '/Game/Amonia/maps/Level_04.Level_04_C' with ClassGeneratedBy '/Game/Amonia/maps/Level_04.Level_04:PersistentLevel.Level_04'
[2018.02.11-23.04.01:844][287]LogBlueprintUserMessages: Late EndPlayMap Detection: Level '/Game/Amonia/maps/Level_04.Level_04:PersistentLevel' has LevelScriptBlueprint '/Game/Amonia/maps/Level_04.Level_04:PersistentLevel.Level_04' with GeneratedClass '/Game/Amonia/maps/Level_04.Level_04_C' with ClassGeneratedBy '/Game/Amonia/maps/Level_04.Level_04:PersistentLevel.Level_04'
[2018.02.11-23.06.07:814][138]LogBlueprintUserMessages: Early PlayInEditor Detection: Level '/Game/Amonia/maps/Level_04.Level_04:PersistentLevel' has LevelScriptBlueprint '/Game/Amonia/maps/Level_04.Level_04:PersistentLevel.Level_04' with GeneratedClass '/Game/Amonia/maps/Level_04.Level_04_C' with ClassGeneratedBy '/Game/Amonia/maps/Level_04.Level_04:PersistentLevel.Level_04'
[2018.02.11-23.06.07:815][138]LogPlayLevel: PlayLevel: No blueprints needed recompiling
[2018.02.11-23.06.07:815][138]PIE: New page: PIE session: Level_04 (Feb 12, 2018, 3:06:07 AM)
[2018.02.11-23.06.07:815][138]LogPlayLevel: Creating play world package: /Game/Amonia/maps/UEDPIE_0_Level_04
[2018.02.11-23.06.07:826][138]LogPlayLevel: PIE: StaticDuplicateObject took: (0.011501s)
[2018.02.11-23.06.07:827][138]LogAIModule: Creating AISystem for world Level_04
[2018.02.11-23.06.07:827][138]LogPlayLevel: PIE: World Init took: (0.000987s)
[2018.02.11-23.06.07:828][138]LogPlayLevel: PIE: Created PIE world by copying editor world from /Game/Amonia/maps/Level_04.Level_04 to /Game/Amonia/maps/UEDPIE_0_Level_04.Level_04 (0.012774s)
[2018.02.11-23.06.07:851][138]LogInit: XAudio2 using 'Speakers (2- High Definition Audio Device)' : 2 channels at 44.1 kHz using 16 bits per sample (channel mask 0x3)
[2018.02.11-23.06.07:863][138]LogInit: FAudioDevice initialized.
[2018.02.11-23.06.07:897][138]LogLoad: Game class is '2DSideScrollerGameMode_C'
[2018.02.11-23.06.07:914][138]LogWorld: Bringing World /Game/Amonia/maps/UEDPIE_0_Level_04.Level_04 up for play (max tick rate 60) at 2018.02.12-01.06.07
[2018.02.11-23.06.07:915][138]LogWorld: Bringing up level for play took: 0.016347
[2018.02.11-23.06.07:918][138]PIE: Info Play in editor start time for /Game/Amonia/maps/UEDPIE_0_Level_04 -0.273
[2018.02.11-23.06.07:918][138]LogBlueprintUserMessages: Late PlayInEditor Detection: Level '/Game/Amonia/maps/Level_04.Level_04:PersistentLevel' has LevelScriptBlueprint '/Game/Amonia/maps/Level_04.Level_04:PersistentLevel.Level_04' with GeneratedClass '/Game/Amonia/maps/Level_04.Level_04_C' with ClassGeneratedBy '/Game/Amonia/maps/Level_04.Level_04:PersistentLevel.Level_04'
[2018.02.11-23.06.16:754][522]LogBlueprintUserMessages: [BP_main_C_0] 597.704651
[2018.02.11-23.09.07:262][758]LogBlueprintUserMessages: Early EndPlayMap Detection: Level '/Game/Amonia/maps/Level_04.Level_04:PersistentLevel' has LevelScriptBlueprint '/Game/Amonia/maps/Level_04.Level_04:PersistentLevel.Level_04' with GeneratedClass '/Game/Amonia/maps/Level_04.Level_04_C' with ClassGeneratedBy '/Game/Amonia/maps/Level_04.Level_04:PersistentLevel.Level_04'
[2018.02.11-23.09.07:414][758]LogBlueprintUserMessages: Late EndPlayMap Detection: Level '/Game/Amonia/maps/Level_04.Level_04:PersistentLevel' has LevelScriptBlueprint '/Game/Amonia/maps/Level_04.Level_04:PersistentLevel.Level_04' with GeneratedClass '/Game/Amonia/maps/Level_04.Level_04_C' with ClassGeneratedBy '/Game/Amonia/maps/Level_04.Level_04:PersistentLevel.Level_04'
[2018.02.11-23.09.23:555][403]LogTemp: Repeting last play command: Selected Viewport
[2018.02.11-23.09.23:583][403]LogBlueprintUserMessages: Early PlayInEditor Detection: Level '/Game/Amonia/maps/Level_04.Level_04:PersistentLevel' has LevelScriptBlueprint '/Game/Amonia/maps/Level_04.Level_04:PersistentLevel.Level_04' with GeneratedClass '/Game/Amonia/maps/Level_04.Level_04_C' with ClassGeneratedBy '/Game/Amonia/maps/Level_04.Level_04:PersistentLevel.Level_04'
[2018.02.11-23.09.23:583][403]LogPlayLevel: PlayLevel: No blueprints needed recompiling
[2018.02.11-23.09.23:583][403]PIE: New page: PIE session: Level_04 (Feb 12, 2018, 3:09:23 AM)
[2018.02.11-23.09.23:584][403]LogPlayLevel: Creating play world package: /Game/Amonia/maps/UEDPIE_0_Level_04
[2018.02.11-23.09.23:598][403]LogPlayLevel: PIE: StaticDuplicateObject took: (0.014195s)
[2018.02.11-23.09.23:598][403]LogAIModule: Creating AISystem for world Level_04
[2018.02.11-23.09.23:599][403]LogPlayLevel: PIE: World Init took: (0.000984s)
[2018.02.11-23.09.23:599][403]LogPlayLevel: PIE: Created PIE world by copying editor world from /Game/Amonia/maps/Level_04.Level_04 to /Game/Amonia/maps/UEDPIE_0_Level_04.Level_04 (0.015532s)
[2018.02.11-23.09.23:626][403]LogInit: XAudio2 using 'Speakers (2- High Definition Audio Device)' : 2 channels at 44.1 kHz using 16 bits per sample (channel mask 0x3)
[2018.02.11-23.09.23:640][403]LogInit: FAudioDevice initialized.
[2018.02.11-23.09.23:675][403]LogLoad: Game class is '2DSideScrollerGameMode_C'
[2018.02.11-23.09.23:696][403]LogWorld: Bringing World /Game/Amonia/maps/UEDPIE_0_Level_04.Level_04 up for play (max tick rate 60) at 2018.02.12-01.09.23
[2018.02.11-23.09.23:698][403]LogWorld: Bringing up level for play took: 0.021232
[2018.02.11-23.09.23:701][403]PIE: Info Play in editor start time for /Game/Amonia/maps/UEDPIE_0_Level_04 -0.489
[2018.02.11-23.09.23:702][403]LogBlueprintUserMessages: Late PlayInEditor Detection: Level '/Game/Amonia/maps/Level_04.Level_04:PersistentLevel' has LevelScriptBlueprint '/Game/Amonia/maps/Level_04.Level_04:PersistentLevel.Level_04' with GeneratedClass '/Game/Amonia/maps/Level_04.Level_04_C' with ClassGeneratedBy '/Game/Amonia/maps/Level_04.Level_04:PersistentLevel.Level_04'
[2018.02.11-23.09.29:837][664]LogBlueprintUserMessages: [BP_main_C_0] 610.655579
[2018.02.11-23.10.10:311][382]LogBlueprintUserMessages: Early EndPlayMap Detection: Level '/Game/Amonia/maps/Level_04.Level_04:PersistentLevel' has LevelScriptBlueprint '/Game/Amonia/maps/Level_04.Level_04:PersistentLevel.Level_04' with GeneratedClass '/Game/Amonia/maps/Level_04.Level_04_C' with ClassGeneratedBy '/Game/Amonia/maps/Level_04.Level_04:PersistentLevel.Level_04'
[2018.02.11-23.10.10:463][382]LogBlueprintUserMessages: Late EndPlayMap Detection: Level '/Game/Amonia/maps/Level_04.Level_04:PersistentLevel' has LevelScriptBlueprint '/Game/Amonia/maps/Level_04.Level_04:PersistentLevel.Level_04' with GeneratedClass '/Game/Amonia/maps/Level_04.Level_04_C' with ClassGeneratedBy '/Game/Amonia/maps/Level_04.Level_04:PersistentLevel.Level_04'
[2018.02.11-23.10.14:507][557]LogTemp: Repeting last play command: Selected Viewport
[2018.02.11-23.10.14:535][557]LogBlueprintUserMessages: Early PlayInEditor Detection: Level '/Game/Amonia/maps/Level_04.Level_04:PersistentLevel' has LevelScriptBlueprint '/Game/Amonia/maps/Level_04.Level_04:PersistentLevel.Level_04' with GeneratedClass '/Game/Amonia/maps/Level_04.Level_04_C' with ClassGeneratedBy '/Game/Amonia/maps/Level_04.Level_04:PersistentLevel.Level_04'
[2018.02.11-23.10.14:535][557]LogPlayLevel: PlayLevel: No blueprints needed recompiling
[2018.02.11-23.10.14:535][557]PIE: New page: PIE session: Level_04 (Feb 12, 2018, 3:10:14 AM)
[2018.02.11-23.10.14:535][557]LogPlayLevel: Creating play world package: /Game/Amonia/maps/UEDPIE_0_Level_04
[2018.02.11-23.10.14:549][557]LogPlayLevel: PIE: StaticDuplicateObject took: (0.013327s)
[2018.02.11-23.10.14:549][557]LogAIModule: Creating AISystem for world Level_04
[2018.02.11-23.10.14:550][557]LogPlayLevel: PIE: World Init took: (0.000809s)
[2018.02.11-23.10.14:550][557]LogPlayLevel: PIE: Created PIE world by copying editor world from /Game/Amonia/maps/Level_04.Level_04 to /Game/Amonia/maps/UEDPIE_0_Level_04.Level_04 (0.014455s)
[2018.02.11-23.10.14:579][557]LogInit: XAudio2 using 'Speakers (2- High Definition Audio Device)' : 2 channels at 44.1 kHz using 16 bits per sample (channel mask 0x3)
[2018.02.11-23.10.14:592][557]LogInit: FAudioDevice initialized.
[2018.02.11-23.10.14:628][557]LogLoad: Game class is '2DSideScrollerGameMode_C'
[2018.02.11-23.10.14:649][557]LogWorld: Bringing World /Game/Amonia/maps/UEDPIE_0_Level_04.Level_04 up for play (max tick rate 60) at 2018.02.12-01.10.14
[2018.02.11-23.10.14:651][557]LogWorld: Bringing up level for play took: 0.020584
[2018.02.11-23.10.14:653][557]PIE: Info Play in editor start time for /Game/Amonia/maps/UEDPIE_0_Level_04 0.463
[2018.02.11-23.10.14:654][557]LogBlueprintUserMessages: Late PlayInEditor Detection: Level '/Game/Amonia/maps/Level_04.Level_04:PersistentLevel' has LevelScriptBlueprint '/Game/Amonia/maps/Level_04.Level_04:PersistentLevel.Level_04' with GeneratedClass '/Game/Amonia/maps/Level_04.Level_04_C' with ClassGeneratedBy '/Game/Amonia/maps/Level_04.Level_04:PersistentLevel.Level_04'
[2018.02.11-23.10.26:991][148]LogBlueprintUserMessages: [BP_main_C_0] 582.640564
[2018.02.11-23.11.25:873][936]LogBlueprintUserMessages: Early EndPlayMap Detection: Level '/Game/Amonia/maps/Level_04.Level_04:PersistentLevel' has LevelScriptBlueprint '/Game/Amonia/maps/Level_04.Level_04:PersistentLevel.Level_04' with GeneratedClass '/Game/Amonia/maps/Level_04.Level_04_C' with ClassGeneratedBy '/Game/Amonia/maps/Level_04.Level_04:PersistentLevel.Level_04'
[2018.02.11-23.11.26:000][936]LogBlueprintUserMessages: Late EndPlayMap Detection: Level '/Game/Amonia/maps/Level_04.Level_04:PersistentLevel' has LevelScriptBlueprint '/Game/Amonia/maps/Level_04.Level_04:PersistentLevel.Level_04' with GeneratedClass '/Game/Amonia/maps/Level_04.Level_04_C' with ClassGeneratedBy '/Game/Amonia/maps/Level_04.Level_04:PersistentLevel.Level_04'
[2018.02.11-23.14.03:707][ 13]BlueprintLog: New page: Compile Bp_Shot
[2018.02.11-23.14.04:637][ 55]Cmd: OBJ SAVEPACKAGE PACKAGE="/Game/Amonia/blueprints/Bp_Shot" FILE="E:/Source Code/Amonia/Content/Amonia/blueprints/Bp_Shot.uasset" SILENT=true
[2018.02.11-23.14.04:692][ 55]LogSavePackage: Save=20.19ms
[2018.02.11-23.14.04:692][ 55]LogSavePackage: Moving 'E:/Source Code/Amonia/Saved/Bp_ShotDED96C304B1772846D70A2AA23DE6D88.tmp' to 'E:/Source Code/Amonia/Content/Amonia/blueprints/Bp_Shot.uasset'
[2018.02.11-23.14.04:695][ 55]LogSavePackage:Display: Finished SavePackage E:/Source Code/Amonia/Content/Amonia/blueprints/Bp_Shot.uasset
[2018.02.11-23.14.06:454][139]LogTemp: Repeting last play command: Selected Viewport
[2018.02.11-23.14.06:478][139]LogBlueprintUserMessages: Early PlayInEditor Detection: Level '/Game/Amonia/maps/Level_04.Level_04:PersistentLevel' has LevelScriptBlueprint '/Game/Amonia/maps/Level_04.Level_04:PersistentLevel.Level_04' with GeneratedClass '/Game/Amonia/maps/Level_04.Level_04_C' with ClassGeneratedBy '/Game/Amonia/maps/Level_04.Level_04:PersistentLevel.Level_04'
[2018.02.11-23.14.06:478][139]LogPlayLevel: PlayLevel: No blueprints needed recompiling
[2018.02.11-23.14.06:479][139]PIE: New page: PIE session: Level_04 (Feb 12, 2018, 3:14:06 AM)
[2018.02.11-23.14.06:479][139]LogPlayLevel: Creating play world package: /Game/Amonia/maps/UEDPIE_0_Level_04
[2018.02.11-23.14.06:489][139]LogPlayLevel: PIE: StaticDuplicateObject took: (0.010751s)
[2018.02.11-23.14.06:490][139]LogAIModule: Creating AISystem for world Level_04
[2018.02.11-23.14.06:490][139]LogPlayLevel: PIE: World Init took: (0.000816s)
[2018.02.11-23.14.06:490][139]LogPlayLevel: PIE: Created PIE world by copying editor world from /Game/Amonia/maps/Level_04.Level_04 to /Game/Amonia/maps/UEDPIE_0_Level_04.Level_04 (0.011870s)
[2018.02.11-23.14.06:513][139]LogInit: XAudio2 using 'Speakers (2- High Definition Audio Device)' : 2 channels at 44.1 kHz using 16 bits per sample (channel mask 0x3)
[2018.02.11-23.14.06:524][139]LogInit: FAudioDevice initialized.
[2018.02.11-23.14.06:557][139]LogLoad: Game class is '2DSideScrollerGameMode_C'
[2018.02.11-23.14.06:575][139]LogWorld: Bringing World /Game/Amonia/maps/UEDPIE_0_Level_04.Level_04 up for play (max tick rate 60) at 2018.02.12-01.14.06
[2018.02.11-23.14.06:577][139]LogWorld: Bringing up level for play took: 0.019000
[2018.02.11-23.14.06:580][139]PIE: Info Play in editor start time for /Game/Amonia/maps/UEDPIE_0_Level_04 0.39
[2018.02.11-23.14.06:580][139]LogBlueprintUserMessages: Late PlayInEditor Detection: Level '/Game/Amonia/maps/Level_04.Level_04:PersistentLevel' has LevelScriptBlueprint '/Game/Amonia/maps/Level_04.Level_04:PersistentLevel.Level_04' with GeneratedClass '/Game/Amonia/maps/Level_04.Level_04_C' with ClassGeneratedBy '/Game/Amonia/maps/Level_04.Level_04:PersistentLevel.Level_04'
[2018.02.11-23.14.10:146][310]LogBlueprintUserMessages: Early EndPlayMap Detection: Level '/Game/Amonia/maps/Level_04.Level_04:PersistentLevel' has LevelScriptBlueprint '/Game/Amonia/maps/Level_04.Level_04:PersistentLevel.Level_04' with GeneratedClass '/Game/Amonia/maps/Level_04.Level_04_C' with ClassGeneratedBy '/Game/Amonia/maps/Level_04.Level_04:PersistentLevel.Level_04'
[2018.02.11-23.14.10:248][310]LogBlueprintUserMessages: Late EndPlayMap Detection: Level '/Game/Amonia/maps/Level_04.Level_04:PersistentLevel' has LevelScriptBlueprint '/Game/Amonia/maps/Level_04.Level_04:PersistentLevel.Level_04' with GeneratedClass '/Game/Amonia/maps/Level_04.Level_04_C' with ClassGeneratedBy '/Game/Amonia/maps/Level_04.Level_04:PersistentLevel.Level_04'
[2018.02.11-23.14.12:469][391]LogBlueprintUserMessages: Early PlayInEditor Detection: Level '/Game/Amonia/maps/Level_04.Level_04:PersistentLevel' has LevelScriptBlueprint '/Game/Amonia/maps/Level_04.Level_04:PersistentLevel.Level_04' with GeneratedClass '/Game/Amonia/maps/Level_04.Level_04_C' with ClassGeneratedBy '/Game/Amonia/maps/Level_04.Level_04:PersistentLevel.Level_04'
[2018.02.11-23.14.12:469][391]LogPlayLevel: PlayLevel: No blueprints needed recompiling
[2018.02.11-23.14.12:470][391]PIE: New page: PIE session: Level_04 (Feb 12, 2018, 3:14:12 AM)
[2018.02.11-23.14.12:470][391]LogPlayLevel: Creating play world package: /Game/Amonia/maps/UEDPIE_0_Level_04
[2018.02.11-23.14.12:480][391]LogPlayLevel: PIE: StaticDuplicateObject took: (0.010421s)
[2018.02.11-23.14.12:481][391]LogAIModule: Creating AISystem for world Level_04
[2018.02.11-23.14.12:481][391]LogPlayLevel: PIE: World Init took: (0.000635s)
[2018.02.11-23.14.12:481][391]LogPlayLevel: PIE: Created PIE world by copying editor world from /Game/Amonia/maps/Level_04.Level_04 to /Game/Amonia/maps/UEDPIE_0_Level_04.Level_04 (0.011326s)
[2018.02.11-23.14.12:503][391]LogInit: XAudio2 using 'Speakers (2- High Definition Audio Device)' : 2 channels at 44.1 kHz using 16 bits per sample (channel mask 0x3)
[2018.02.11-23.14.12:513][391]LogInit: FAudioDevice initialized.
[2018.02.11-23.14.12:555][391]LogLoad: Game class is '2DSideScrollerGameMode_C'
[2018.02.11-23.14.12:571][391]LogWorld: Bringing World /Game/Amonia/maps/UEDPIE_0_Level_04.Level_04 up for play (max tick rate 60) at 2018.02.12-01.14.12
[2018.02.11-23.14.12:572][391]LogWorld: Bringing up level for play took: 0.016166
[2018.02.11-23.14.12:582][391]PIE: Info Play in editor start time for /Game/Amonia/maps/UEDPIE_0_Level_04 0.392
[2018.02.11-23.14.12:583][391]LogBlueprintUserMessages: Late PlayInEditor Detection: Level '/Game/Amonia/maps/Level_04.Level_04:PersistentLevel' has LevelScriptBlueprint '/Game/Amonia/maps/Level_04.Level_04:PersistentLevel.Level_04' with GeneratedClass '/Game/Amonia/maps/Level_04.Level_04_C' with ClassGeneratedBy '/Game/Amonia/maps/Level_04.Level_04:PersistentLevel.Level_04'
[2018.02.11-23.14.19:734][596]LogBlueprintUserMessages: [BP_main_C_0] 578.035889
[2018.02.11-23.16.51:404][938]LogBlueprintUserMessages: Early EndPlayMap Detection: Level '/Game/Amonia/maps/Level_04.Level_04:PersistentLevel' has LevelScriptBlueprint '/Game/Amonia/maps/Level_04.Level_04:PersistentLevel.Level_04' with GeneratedClass '/Game/Amonia/maps/Level_04.Level_04_C' with ClassGeneratedBy '/Game/Amonia/maps/Level_04.Level_04:PersistentLevel.Level_04'
[2018.02.11-23.16.51:573][938]LogBlueprintUserMessages: Late EndPlayMap Detection: Level '/Game/Amonia/maps/Level_04.Level_04:PersistentLevel' has LevelScriptBlueprint '/Game/Amonia/maps/Level_04.Level_04:PersistentLevel.Level_04' with GeneratedClass '/Game/Amonia/maps/Level_04.Level_04_C' with ClassGeneratedBy '/Game/Amonia/maps/Level_04.Level_04:PersistentLevel.Level_04'
[2018.02.11-23.17.03:255][444]LogActorComponent: UnregisterComponent: (/Engine/Transient.EditorFloorComp) Not registered. Aborting.
[2018.02.11-23.17.16:912][  5]LogBlueprint:Warning: Editor config [EditoronlyBP] settings are DEPRECATED. A Blueprint (boar_char2) has a node ('Equal (Object)') with a pin ('A') that has a default object ('Bp_Shot') that is now deprecated - use the target's class instead (may just require a resave).
[2018.02.11-23.17.35:629][748]BlueprintLog: New page: Compile Bp_Shot
[2018.02.11-23.17.36:239][772]Cmd: OBJ SAVEPACKAGE PACKAGE="/Game/Amonia/blueprints/Bp_Shot" FILE="E:/Source Code/Amonia/Content/Amonia/blueprints/Bp_Shot.uasset" SILENT=true
[2018.02.11-23.17.36:308][772]LogSavePackage: Save=26.67ms
[2018.02.11-23.17.36:308][772]LogSavePackage: Moving 'E:/Source Code/Amonia/Saved/Bp_Shot0FF31C4749F34F6CCCA09484170685C4.tmp' to 'E:/Source Code/Amonia/Content/Amonia/blueprints/Bp_Shot.uasset'
[2018.02.11-23.17.36:312][772]LogSavePackage:Display: Finished SavePackage E:/Source Code/Amonia/Content/Amonia/blueprints/Bp_Shot.uasset
[2018.02.11-23.18.00:273][152]BlueprintLog: New page: Compile Bp_Shot
[2018.02.11-23.18.00:329][152]LogBlueprint:Error: [Compiler Bp_Shot] Error This blueprint (self) is not a boar_char_C, therefore ' self ' must have a connection.
[2018.02.11-23.18.00:600][152]BlueprintEditorCompileResults:Error: Error This blueprint (self) is not a boar_char_C, therefore ' self ' must have a connection.
[2018.02.11-23.18.00:637][152]LogBlueprint:Warning: [Compiler Bp_Shot] Warning [1311.87] Compile of Bp_Shot failed. 1 Fatal Issue(s) 0 Warning(s) [in 364 ms] (/Game/Amonia/blueprints/Bp_Shot.Bp_Shot)
[2018.02.11-23.18.01:041][173]Cmd: OBJ SAVEPACKAGE PACKAGE="/Game/Amonia/blueprints/Bp_Shot" FILE="E:/Source Code/Amonia/Content/Amonia/blueprints/Bp_Shot.uasset" SILENT=true
[2018.02.11-23.18.01:109][173]LogSavePackage: Save=25.90ms
[2018.02.11-23.18.01:109][173]LogSavePackage: Moving 'E:/Source Code/Amonia/Saved/Bp_Shot84D185474443C96736793B8B94A6165C.tmp' to 'E:/Source Code/Amonia/Content/Amonia/blueprints/Bp_Shot.uasset'
[2018.02.11-23.18.01:112][173]LogSavePackage:Display: Finished SavePackage E:/Source Code/Amonia/Content/Amonia/blueprints/Bp_Shot.uasset
[2018.02.11-23.18.26:991][667]BlueprintLog: New page: Compile Bp_Shot
[2018.02.11-23.18.27:758][701]Cmd: OBJ SAVEPACKAGE PACKAGE="/Game/Amonia/blueprints/Bp_Shot" FILE="E:/Source Code/Amonia/Content/Amonia/blueprints/Bp_Shot.uasset" SILENT=true
[2018.02.11-23.18.27:825][701]LogSavePackage: Save=24.41ms
[2018.02.11-23.18.27:825][701]LogSavePackage: Moving 'E:/Source Code/Amonia/Saved/Bp_Shot31CC95D64DFB469A5DFEE982734242C2.tmp' to 'E:/Source Code/Amonia/Content/Amonia/blueprints/Bp_Shot.uasset'
[2018.02.11-23.18.27:828][701]LogSavePackage:Display: Finished SavePackage E:/Source Code/Amonia/Content/Amonia/blueprints/Bp_Shot.uasset
[2018.02.11-23.18.30:056][807]LogTemp: Repeting last play command: New Editor Window (PIE)
[2018.02.11-23.18.30:082][807]LogBlueprintUserMessages: Early PlayInEditor Detection: Level '/Game/Amonia/maps/Level_04.Level_04:PersistentLevel' has LevelScriptBlueprint '/Game/Amonia/maps/Level_04.Level_04:PersistentLevel.Level_04' with GeneratedClass '/Game/Amonia/maps/Level_04.Level_04_C' with ClassGeneratedBy '/Game/Amonia/maps/Level_04.Level_04:PersistentLevel.Level_04'
[2018.02.11-23.18.30:082][807]LogPlayLevel: PlayLevel: No blueprints needed recompiling
[2018.02.11-23.18.30:082][807]PIE: New page: PIE session: Level_04 (Feb 12, 2018, 3:18:30 AM)
[2018.02.11-23.18.30:082][807]LogPlayLevel: Creating play world package: /Game/Amonia/maps/UEDPIE_0_Level_04
[2018.02.11-23.18.30:092][807]LogPlayLevel: PIE: StaticDuplicateObject took: (0.009907s)
[2018.02.11-23.18.30:093][807]LogAIModule: Creating AISystem for world Level_04
[2018.02.11-23.18.30:093][807]LogPlayLevel: PIE: World Init took: (0.000792s)
[2018.02.11-23.18.30:093][807]LogPlayLevel: PIE: Created PIE world by copying editor world from /Game/Amonia/maps/Level_04.Level_04 to /Game/Amonia/maps/UEDPIE_0_Level_04.Level_04 (0.010982s)
[2018.02.11-23.18.30:116][807]LogInit: XAudio2 using 'Speakers (2- High Definition Audio Device)' : 2 channels at 44.1 kHz using 16 bits per sample (channel mask 0x3)
[2018.02.11-23.18.30:129][807]LogInit: FAudioDevice initialized.
[2018.02.11-23.18.30:173][807]LogLoad: Game class is '2DSideScrollerGameMode_C'
[2018.02.11-23.18.30:189][807]LogWorld: Bringing World /Game/Amonia/maps/UEDPIE_0_Level_04.Level_04 up for play (max tick rate 60) at 2018.02.12-01.18.30
[2018.02.11-23.18.30:191][807]LogWorld: Bringing up level for play took: 0.015327
[2018.02.11-23.18.30:201][807]PIE: Info Play in editor start time for /Game/Amonia/maps/UEDPIE_0_Level_04 0.011
[2018.02.11-23.18.30:201][807]LogBlueprintUserMessages: Late PlayInEditor Detection: Level '/Game/Amonia/maps/Level_04.Level_04:PersistentLevel' has LevelScriptBlueprint '/Game/Amonia/maps/Level_04.Level_04:PersistentLevel.Level_04' with GeneratedClass '/Game/Amonia/maps/Level_04.Level_04_C' with ClassGeneratedBy '/Game/Amonia/maps/Level_04.Level_04:PersistentLevel.Level_04'
[2018.02.11-23.18.31:063][831]LogBlueprintUserMessages: Early EndPlayMap Detection: Level '/Game/Amonia/maps/Level_04.Level_04:PersistentLevel' has LevelScriptBlueprint '/Game/Amonia/maps/Level_04.Level_04:PersistentLevel.Level_04' with GeneratedClass '/Game/Amonia/maps/Level_04.Level_04_C' with ClassGeneratedBy '/Game/Amonia/maps/Level_04.Level_04:PersistentLevel.Level_04'
[2018.02.11-23.18.31:197][831]LogBlueprintUserMessages: Late EndPlayMap Detection: Level '/Game/Amonia/maps/Level_04.Level_04:PersistentLevel' has LevelScriptBlueprint '/Game/Amonia/maps/Level_04.Level_04:PersistentLevel.Level_04' with GeneratedClass '/Game/Amonia/maps/Level_04.Level_04_C' with ClassGeneratedBy '/Game/Amonia/maps/Level_04.Level_04:PersistentLevel.Level_04'
[2018.02.11-23.18.36:688][ 49]LogTemp: Repeting last play command: New Editor Window (PIE)
[2018.02.11-23.18.36:731][ 49]LogBlueprintUserMessages: Early PlayInEditor Detection: Level '/Game/Amonia/maps/Level_04.Level_04:PersistentLevel' has LevelScriptBlueprint '/Game/Amonia/maps/Level_04.Level_04:PersistentLevel.Level_04' with GeneratedClass '/Game/Amonia/maps/Level_04.Level_04_C' with ClassGeneratedBy '/Game/Amonia/maps/Level_04.Level_04:PersistentLevel.Level_04'
[2018.02.11-23.18.36:731][ 49]LogPlayLevel: PlayLevel: No blueprints needed recompiling
[2018.02.11-23.18.36:731][ 49]PIE: New page: PIE session: Level_04 (Feb 12, 2018, 3:18:36 AM)
[2018.02.11-23.18.36:731][ 49]LogPlayLevel: Creating play world package: /Game/Amonia/maps/UEDPIE_0_Level_04
[2018.02.11-23.18.36:741][ 49]LogPlayLevel: PIE: StaticDuplicateObject took: (0.010274s)
[2018.02.11-23.18.36:742][ 49]LogAIModule: Creating AISystem for world Level_04
[2018.02.11-23.18.36:742][ 49]LogPlayLevel: PIE: World Init took: (0.000741s)
[2018.02.11-23.18.36:742][ 49]LogPlayLevel: PIE: Created PIE world by copying editor world from /Game/Amonia/maps/Level_04.Level_04 to /Game/Amonia/maps/UEDPIE_0_Level_04.Level_04 (0.011301s)
[2018.02.11-23.18.36:764][ 49]LogInit: XAudio2 using 'Speakers (2- High Definition Audio Device)' : 2 channels at 44.1 kHz using 16 bits per sample (channel mask 0x3)
[2018.02.11-23.18.36:774][ 49]LogInit: FAudioDevice initialized.
[2018.02.11-23.18.36:813][ 49]LogLoad: Game class is '2DSideScrollerGameMode_C'
[2018.02.11-23.18.36:829][ 49]LogWorld: Bringing World /Game/Amonia/maps/UEDPIE_0_Level_04.Level_04 up for play (max tick rate 60) at 2018.02.12-01.18.36
[2018.02.11-23.18.36:831][ 49]LogWorld: Bringing up level for play took: 0.015795
[2018.02.11-23.18.36:840][ 49]PIE: Info Play in editor start time for /Game/Amonia/maps/UEDPIE_0_Level_04 0.65
[2018.02.11-23.18.36:841][ 49]LogBlueprintUserMessages: Late PlayInEditor Detection: Level '/Game/Amonia/maps/Level_04.Level_04:PersistentLevel' has LevelScriptBlueprint '/Game/Amonia/maps/Level_04.Level_04:PersistentLevel.Level_04' with GeneratedClass '/Game/Amonia/maps/Level_04.Level_04_C' with ClassGeneratedBy '/Game/Amonia/maps/Level_04.Level_04:PersistentLevel.Level_04'
[2018.02.11-23.19.17:717][217]LogBlueprintUserMessages: Early EndPlayMap Detection: Level '/Game/Amonia/maps/Level_04.Level_04:PersistentLevel' has LevelScriptBlueprint '/Game/Amonia/maps/Level_04.Level_04:PersistentLevel.Level_04' with GeneratedClass '/Game/Amonia/maps/Level_04.Level_04_C' with ClassGeneratedBy '/Game/Amonia/maps/Level_04.Level_04:PersistentLevel.Level_04'
[2018.02.11-23.19.17:858][217]LogBlueprintUserMessages: Late EndPlayMap Detection: Level '/Game/Amonia/maps/Level_04.Level_04:PersistentLevel' has LevelScriptBlueprint '/Game/Amonia/maps/Level_04.Level_04:PersistentLevel.Level_04' with GeneratedClass '/Game/Amonia/maps/Level_04.Level_04_C' with ClassGeneratedBy '/Game/Amonia/maps/Level_04.Level_04:PersistentLevel.Level_04'
[2018.02.11-23.19.20:257][311]Cmd: OBJ SAVEPACKAGE PACKAGE="/Game/Amonia/maps/Level_04" FILE="E:/Source Code/Amonia/Content/Amonia/maps/Level_04.umap" SILENT=true AUTOSAVING=false KEEPDIRTY=false
[2018.02.11-23.19.20:545][311]LogSavePackage: Save=234.54ms
[2018.02.11-23.19.20:545][311]LogSavePackage: Moving 'E:/Source Code/Amonia/Saved/Level_040AE91F3A435E4ED3450858A5CC277241.tmp' to 'E:/Source Code/Amonia/Content/Amonia/maps/Level_04.umap'
[2018.02.11-23.19.20:547][311]LogSavePackage:Display: Finished SavePackage E:/Source Code/Amonia/Content/Amonia/maps/Level_04.umap
[2018.02.11-23.19.21:281][335]LogActorComponent: UnregisterComponent: (/Engine/Transient.EditorFloorComp) Not registered. Aborting.
[2018.02.11-23.19.21:546][336]Cmd: QUIT_EDITOR
[2018.02.11-23.19.21:777][336]LogWindowsTextInputMethodSystem:Display: IME system now deactivated.
[2018.02.11-23.19.21:806][336]LogExit: Preparing to exit.
[2018.02.11-23.19.22:353][336]LogExit: Editor shut down
[2018.02.11-23.19.22:354][336]LogExit: Transaction tracking system shut down
[2018.02.11-23.19.22:466][336]LogObj: Freed 0b from 0 cluster array pools.
[2018.02.11-23.19.22:467][336]LogExit: Object subsystem successfully closed.
[2018.02.11-23.19.22:481][336]LogD3D11RHI: Shutdown
[2018.02.11-23.19.22:481][336]LogD3D11RHI: CleanupD3DDevice
[2018.02.11-23.19.22:571][336]LogD3D11RHI: ~FD3D11DynamicRHI
[2018.02.11-23.19.22:605][336]LogHttp:Display: Http module shutting down, but needs to wait on 1 outstanding Http requests:
[2018.02.11-23.19.22:605][336]LogHttp:Display: 	verb=[POST] url=[https://datarouter.ol.epicgames.com/datarouter/api/v1/public/data?SessionID=%7B381A0DAD-4E15-F12D-0502-C88A3FD6B99B%7D&AppID=UEEditor.Rocket.Release&AppVersion=4.14.3-3249277%2B%2B%2BUE4%2BRelease-4.14&UserID=78e74af24a0c556bf8c20fa787cd4ee8%7Cbf4afe2e514a4a63b2519167b67917dd%7C932edac9-233f-4c51-adfd-693985d5b86f&AppEnvironment=datacollector-binary&UploadType=eteventstream] status=Processing
[2018.02.11-23.19.22:618][336]LogModuleManager: Shutting down and abandoning module MovieSceneCapture (244)
[2018.02.11-23.19.22:618][336]LogModuleManager: Shutting down and abandoning module BlueprintGraph (243)
[2018.02.11-23.19.22:618][336]LogModuleManager: Shutting down and abandoning module BlueprintProfiler (242)
[2018.02.11-23.19.22:618][336]LogModuleManager: Shutting down and abandoning module HierarchicalLODOutliner (241)
[2018.02.11-23.19.22:618][336]LogModuleManager: Shutting down and abandoning module CrashTracker (240)
[2018.02.11-23.19.22:618][336]LogModuleManager: Shutting down and abandoning module SceneOutliner (239)
[2018.02.11-23.19.22:618][336]LogModuleManager: Shutting down and abandoning module WidgetCarousel (238)
[2018.02.11-23.19.22:618][336]LogModuleManager: Shutting down and abandoning module AddContentDialog (237)
[2018.02.11-23.19.22:618][336]LogDirectoryWatcher: A directory notification for 'C:/Program Files/Epic Games/UE_4.14/FeaturePacks/' was aborted.
[2018.02.11-23.19.22:619][336]LogModuleManager: Shutting down and abandoning module GameplayTags (236)
[2018.02.11-23.19.22:619][336]LogModuleManager: Shutting down and abandoning module EditorWidgets (235)
[2018.02.11-23.19.22:620][336]LogModuleManager: Shutting down and abandoning module CollectionManager (234)
[2018.02.11-23.19.22:620][336]LogDirectoryWatcher: A directory notification for 'E:/Source Code/Amonia/Content/Collections/' was aborted.
[2018.02.11-23.19.22:620][336]LogDirectoryWatcher: A directory notification for 'E:/Source Code/Amonia/Content/Developers/KozaFazan/Collections/' was aborted.
[2018.02.11-23.19.22:620][336]LogDirectoryWatcher: A directory notification for 'E:/Source Code/Amonia/Saved/Collections/' was aborted.
[2018.02.11-23.19.22:620][336]LogModuleManager: Shutting down and abandoning module StatsViewer (233)
[2018.02.11-23.19.22:620][336]LogModuleManager: Shutting down and abandoning module FoliageEdit (232)
[2018.02.11-23.19.22:620][336]LogModuleManager: Shutting down and abandoning module LandscapeEditor (231)
[2018.02.11-23.19.22:620][336]LogModuleManager: Shutting down and abandoning module SceneDepthPickerMode (230)
[2018.02.11-23.19.22:620][336]LogModuleManager: Shutting down and abandoning module ActorPickerMode (229)
[2018.02.11-23.19.22:620][336]LogModuleManager: Shutting down and abandoning module GeometryMode (228)
[2018.02.11-23.19.22:620][336]LogModuleManager: Shutting down and abandoning module TextureAlignMode (227)
[2018.02.11-23.19.22:620][336]LogModuleManager: Shutting down and abandoning module BspMode (226)
[2018.02.11-23.19.22:620][336]LogModuleManager: Shutting down and abandoning module HardwareSurvey (225)
[2018.02.11-23.19.22:620][336]LogModuleManager: Shutting down and abandoning module SequenceRecorderSections (224)
[2018.02.11-23.19.22:620][336]LogModuleManager: Shutting down and abandoning module AutomationWorker (223)
[2018.02.11-23.19.22:620][336]LogModuleManager: Shutting down and abandoning module MatineeToLevelSequence (222)
[2018.02.11-23.19.22:620][336]LogModuleManager: Shutting down and abandoning module PlacementMode (221)
[2018.02.11-23.19.22:620][336]LogModuleManager: Shutting down and abandoning module LevelSequenceEditor (220)
[2018.02.11-23.19.22:620][336]LogModuleManager: Shutting down and abandoning module WmfMediaFactory (219)
[2018.02.11-23.19.22:620][336]LogModuleManager: Shutting down and abandoning module WmfMediaEditor (218)
[2018.02.11-23.19.22:620][336]LogModuleManager: Shutting down and abandoning module AvfMediaFactory (217)
[2018.02.11-23.19.22:620][336]LogModuleManager: Shutting down and abandoning module AvfMediaEditor (216)
[2018.02.11-23.19.22:620][336]LogModuleManager: Shutting down and abandoning module Media (215)
[2018.02.11-23.19.22:620][336]LogModuleManager: Shutting down and abandoning module AndroidMediaFactory (214)
[2018.02.11-23.19.22:620][336]LogModuleManager: Shutting down and abandoning module AndroidMediaEditor (213)
[2018.02.11-23.19.22:620][336]LogModuleManager: Shutting down and abandoning module CharacterAI (212)
[2018.02.11-23.19.22:620][336]LogModuleManager: Shutting down and abandoning module SequenceRecorder (211)
[2018.02.11-23.19.22:620][336]LogModuleManager: Shutting down and abandoning module AudioCapture (210)
[2018.02.11-23.19.22:620][336]LogModuleManager: Shutting down and abandoning module SmartSnapping (209)
[2018.02.11-23.19.22:620][336]LogModuleManager: Shutting down and abandoning module SessionServices (208)
[2018.02.11-23.19.22:620][336]LogModuleManager: Shutting down and abandoning module ViewportSnapping (207)
[2018.02.11-23.19.22:620][336]LogModuleManager: Shutting down and abandoning module ViewportInteraction (206)
[2018.02.11-23.19.22:620][336]LogModuleManager: Shutting down and abandoning module LogVisualizer (205)
[2018.02.11-23.19.22:620][336]LogModuleManager: Shutting down and abandoning module GameProjectGeneration (204)
[2018.02.11-23.19.22:620][336]LogModuleManager: Shutting down and abandoning module IntroTutorials (203)
[2018.02.11-23.19.22:620][336]LogModuleManager: Shutting down and abandoning module EditorLiveStreaming (202)
[2018.02.11-23.19.22:621][336]LogModuleManager: Shutting down and abandoning module IOSPlatformEditor (201)
[2018.02.11-23.19.22:621][336]LogModuleManager: Shutting down and abandoning module HTML5PlatformEditor (200)
[2018.02.11-23.19.22:621][336]LogModuleManager: Shutting down and abandoning module AndroidDeviceDetection (199)
[2018.02.11-23.19.22:988][336]LogModuleManager: Shutting down and abandoning module AndroidPlatformEditor (198)
[2018.02.11-23.19.22:988][336]LogModuleManager: Shutting down and abandoning module IOSRuntimeSettings (197)
[2018.02.11-23.19.22:988][336]LogModuleManager: Shutting down and abandoning module AndroidRuntimeSettings (196)
[2018.02.11-23.19.22:988][336]LogModuleManager: Shutting down and abandoning module InputBindingEditor (195)
[2018.02.11-23.19.22:988][336]LogModuleManager: Shutting down and abandoning module NiagaraEditor (194)
[2018.02.11-23.19.22:988][336]LogModuleManager: Shutting down and abandoning module MergeActors (193)
[2018.02.11-23.19.22:988][336]LogModuleManager: Shutting down and abandoning module SizeMap (192)
[2018.02.11-23.19.22:988][336]LogModuleManager: Shutting down and abandoning module TreeMap (191)
[2018.02.11-23.19.22:988][336]LogModuleManager: Shutting down and abandoning module ReferenceViewer (190)
[2018.02.11-23.19.22:988][336]LogModuleManager: Shutting down and abandoning module LocalizationService (189)
[2018.02.11-23.19.22:988][336]LogModuleManager: Shutting down and abandoning module LocalizationDashboard (188)
[2018.02.11-23.19.22:988][336]LogModuleManager: Shutting down and abandoning module HardwareTargeting (187)
[2018.02.11-23.19.22:988][336]LogModuleManager: Shutting down and abandoning module DeviceProfileEditor (186)
[2018.02.11-23.19.22:988][336]LogModuleManager: Shutting down and abandoning module UndoHistory (185)
[2018.02.11-23.19.22:988][336]LogModuleManager: Shutting down and abandoning module UserFeedback (184)
[2018.02.11-23.19.22:988][336]LogModuleManager: Shutting down and abandoning module XmlParser (183)
[2018.02.11-23.19.22:988][336]LogModuleManager: Shutting down and abandoning module Blutility (182)
[2018.02.11-23.19.22:988][336]LogModuleManager: Shutting down and abandoning module ProjectTargetPlatformEditor (181)
[2018.02.11-23.19.22:988][336]LogModuleManager: Shutting down and abandoning module ProjectSettingsViewer (180)
[2018.02.11-23.19.22:988][336]LogModuleManager: Shutting down and abandoning module EditorSettingsViewer (179)
[2018.02.11-23.19.22:988][336]LogModuleManager: Shutting down and abandoning module SettingsEditor (178)
[2018.02.11-23.19.22:988][336]LogModuleManager: Shutting down and abandoning module ProjectLauncher (177)
[2018.02.11-23.19.22:988][336]LogModuleManager: Shutting down and abandoning module SessionFrontend (176)
[2018.02.11-23.19.22:988][336]LogModuleManager: Shutting down and abandoning module ProfilerClient (175)
[2018.02.11-23.19.22:988][336]LogModuleManager: Shutting down and abandoning module TargetDeviceServices (174)
[2018.02.11-23.19.22:988][336]LogModuleManager: Shutting down and abandoning module DeviceManager (173)
[2018.02.11-23.19.23:030][336]LogModuleManager: Shutting down and abandoning module AutomationController (172)
[2018.02.11-23.19.23:030][336]LogModuleManager: Shutting down and abandoning module AutomationWindow (171)
[2018.02.11-23.19.23:030][336]LogModuleManager: Shutting down and abandoning module Layers (170)
[2018.02.11-23.19.23:030][336]LogModuleManager: Shutting down and abandoning module ComponentVisualizers (169)
[2018.02.11-23.19.23:030][336]LogModuleManager: Shutting down and abandoning module DetailCustomizations (168)
[2018.02.11-23.19.23:030][336]LogModuleManager: Shutting down and abandoning module PackagesDialog (167)
[2018.02.11-23.19.23:030][336]LogModuleManager: Shutting down and abandoning module AnimGraph (166)
[2018.02.11-23.19.23:030][336]LogModuleManager: Shutting down and abandoning module Persona (165)
[2018.02.11-23.19.23:031][336]LogModuleManager: Shutting down and abandoning module Kismet (164)
[2018.02.11-23.19.23:039][336]LogModuleManager: Shutting down and abandoning module GraphEditor (163)
[2018.02.11-23.19.23:039][336]LogModuleManager: Shutting down and abandoning module ClassViewer (162)
[2018.02.11-23.19.23:039][336]LogModuleManager: Shutting down and abandoning module Toolbox (161)
[2018.02.11-23.19.23:039][336]LogModuleManager: Shutting down and abandoning module ModuleUI (160)
[2018.02.11-23.19.23:039][336]LogModuleManager: Shutting down and abandoning module MovieSceneTools (159)
[2018.02.11-23.19.23:039][336]LogModuleManager: Shutting down and abandoning module OutputLog (158)
[2018.02.11-23.19.23:039][336]LogModuleManager: Shutting down and abandoning module GammaUI (157)
[2018.02.11-23.19.23:039][336]LogModuleManager: Shutting down and abandoning module Documentation (156)
[2018.02.11-23.19.23:039][336]LogModuleManager: Shutting down and abandoning module Niagara (155)
[2018.02.11-23.19.23:039][336]LogModuleManager: Shutting down and abandoning module StreamingPauseRendering (154)
[2018.02.11-23.19.23:039][336]LogModuleManager: Shutting down and abandoning module AnalyticsET (153)
[2018.02.11-23.19.23:039][336]LogModuleManager: Shutting down and abandoning module PortalServices (152)
[2018.02.11-23.19.23:039][336]LogModuleManager: Shutting down and abandoning module PortalRpc (151)
[2018.02.11-23.19.23:039][336]LogModuleManager: Shutting down and abandoning module MessagingRpc (150)
[2018.02.11-23.19.23:039][336]LogModuleManager: Shutting down and abandoning module GameplayDebugger (149)
[2018.02.11-23.19.23:039][336]LogModuleManager: Shutting down and abandoning module AITestSuite (148)
[2018.02.11-23.19.23:039][336]LogModuleManager: Shutting down and abandoning module AIModule (147)
[2018.02.11-23.19.23:039][336]LogModuleManager: Shutting down and abandoning module ProfilerService (146)
[2018.02.11-23.19.23:273][336]LogModuleManager: Shutting down and abandoning module TaskGraph (145)
[2018.02.11-23.19.23:273][336]LogModuleManager: Shutting down and abandoning module SlateRemote (144)
[2018.02.11-23.19.23:273][336]LogModuleManager: Shutting down and abandoning module SteamVRController (143)
[2018.02.11-23.19.23:273][336]LogModuleManager: Shutting down and abandoning module SteamVR (142)
[2018.02.11-23.19.23:273][336]LogModuleManager: Shutting down and abandoning module ProceduralMeshComponentEditor (141)
[2018.02.11-23.19.23:273][336]LogModuleManager: Shutting down and abandoning module ProceduralMeshComponent (140)
[2018.02.11-23.19.23:273][336]LogModuleManager: Shutting down and abandoning module OculusLibrary (139)
[2018.02.11-23.19.23:273][336]LogModuleManager: Shutting down and abandoning module OculusInput (138)
[2018.02.11-23.19.23:273][336]LogModuleManager: Shutting down and abandoning module MobilePatchingUtils (137)
[2018.02.11-23.19.23:273][336]LogModuleManager: Shutting down and abandoning module CustomMeshComponent (136)
[2018.02.11-23.19.23:273][336]LogModuleManager: Shutting down and abandoning module CableComponent (135)
[2018.02.11-23.19.23:273][336]LogModuleManager: Shutting down and abandoning module ArchVisCharacter (134)
[2018.02.11-23.19.23:273][336]LogModuleManager: Shutting down and abandoning module MediaPlayerEditor (132)
[2018.02.11-23.19.23:273][336]LogModuleManager: Shutting down and abandoning module HTML5Networking (131)
[2018.02.11-23.19.23:273][336]LogModuleManager: Shutting down and abandoning module GeometryCacheEd (130)
[2018.02.11-23.19.23:273][336]LogModuleManager: Shutting down and abandoning module GeometryCache (129)
[2018.02.11-23.19.23:273][336]LogModuleManager: Shutting down and abandoning module AlembicLibrary (128)
[2018.02.11-23.19.23:274][336]LogModuleManager: Shutting down and abandoning module AlembicImporter (127)
[2018.02.11-23.19.23:274][336]LogModuleManager: Shutting down and abandoning module SuperSearch (126)
[2018.02.11-23.19.23:274][336]LogModuleManager: Shutting down and abandoning module SuperSearchEditor (125)
[2018.02.11-23.19.23:274][336]LogModuleManager: Shutting down and abandoning module SpeedTreeImporter (124)
[2018.02.11-23.19.23:274][336]LogModuleManager: Shutting down and abandoning module PluginBrowser (123)
[2018.02.11-23.19.23:274][336]LogModuleManager: Shutting down and abandoning module MobileLauncherProfileWizard (122)
[2018.02.11-23.19.23:274][336]LogModuleManager: Shutting down and abandoning module EpicSurvey (121)
[2018.02.11-23.19.23:274][336]LogModuleManager: Shutting down and abandoning module DesktopPlatform (120)
[2018.02.11-23.19.23:274][336]LogModuleManager: Shutting down and abandoning module VisualStudioSourceCodeAccess (119)
[2018.02.11-23.19.23:274][336]LogModuleManager: Shutting down and abandoning module UObjectPlugin (118)
[2018.02.11-23.19.23:274][336]LogModuleManager: Shutting down and abandoning module SubversionSourceControl (117)
[2018.02.11-23.19.23:274][336]LogModuleManager: Shutting down and abandoning module PerforceSourceControl (116)
[2018.02.11-23.19.23:274][336]LogModuleManager: Shutting down and abandoning module SourceControl (115)
[2018.02.11-23.19.23:274][336]LogModuleManager: Shutting down and abandoning module GitSourceControl (114)
[2018.02.11-23.19.23:274][336]LogModuleManager: Shutting down and abandoning module LightPropagationVolumeEditor (113)
[2018.02.11-23.19.23:274][336]LogModuleManager: Shutting down and abandoning module PaperTiledImporter (112)
[2018.02.11-23.19.23:274][336]LogModuleManager: Shutting down and abandoning module PaperSpriteSheetImporter (111)
[2018.02.11-23.19.23:274][336]LogModuleManager: Shutting down and abandoning module MeshPaint (110)
[2018.02.11-23.19.23:274][336]LogModuleManager: Shutting down and abandoning module PixelInspectorModule (109)
[2018.02.11-23.19.23:274][336]LogModuleManager: Shutting down and abandoning module HotReload (108)
[2018.02.11-23.19.23:274][336]LogModuleManager: Shutting down and abandoning module MainFrame (107)
[2018.02.11-23.19.23:275][336]LogModuleManager: Shutting down and abandoning module LevelEditor (106)
[2018.02.11-23.19.23:275][336]LogModuleManager: Shutting down and abandoning module ContentBrowser (105)
[2018.02.11-23.19.23:276][336]LogModuleManager: Shutting down and abandoning module Paper2DEditor (104)
[2018.02.11-23.19.23:276][336]LogModuleManager: Shutting down and abandoning module UdpMessaging (103)
[2018.02.11-23.19.23:378][336]LogModuleManager: Shutting down and abandoning module TcpMessaging (102)
[2018.02.11-23.19.23:478][336]LogModuleManager: Shutting down and abandoning module LightPropagationVolumeRuntime (101)
[2018.02.11-23.19.23:478][336]LogModuleManager: Shutting down and abandoning module Paper2D (100)
[2018.02.11-23.19.23:478][336]LogModuleManager: Shutting down and abandoning module WindowsMoviePlayer (99)
[2018.02.11-23.19.23:478][336]LogModuleManager: Shutting down and abandoning module WmfMedia (98)
[2018.02.11-23.19.23:478][336]LogModuleManager: Shutting down and abandoning module MediaAssets (97)
[2018.02.11-23.19.23:478][336]LogModuleManager: Shutting down and abandoning module GameLiveStreaming (96)
[2018.02.11-23.19.23:478][336]LogModuleManager: Shutting down and abandoning module GameplayTagsEditor (95)
[2018.02.11-23.19.23:478][336]LogModuleManager: Shutting down and abandoning module VREditor (94)
[2018.02.11-23.19.23:478][336]LogModuleManager: Shutting down and abandoning module GameplayTasksEditor (93)
[2018.02.11-23.19.23:478][336]LogModuleManager: Shutting down and abandoning module BehaviorTreeEditor (92)
[2018.02.11-23.19.23:478][336]LogModuleManager: Shutting down and abandoning module FunctionalTesting (91)
[2018.02.11-23.19.23:478][336]LogModuleManager: Shutting down and abandoning module CollisionAnalyzer (90)
[2018.02.11-23.19.23:478][336]LogModuleManager: Shutting down and abandoning module Sequencer (89)
[2018.02.11-23.19.23:478][336]LogModuleManager: Shutting down and abandoning module WorkspaceMenuStructure (88)
[2018.02.11-23.19.23:478][336]LogModuleManager: Shutting down and abandoning module MessageLog (87)
[2018.02.11-23.19.23:478][336]LogModuleManager: Shutting down and abandoning module AssetTools (86)
[2018.02.11-23.19.23:478][336]LogModuleManager: Shutting down and abandoning module UMGEditor (85)
[2018.02.11-23.19.23:478][336]LogModuleManager: Shutting down and abandoning module UMG (84)
[2018.02.11-23.19.23:478][336]LogModuleManager: Shutting down and abandoning module SlateReflector (83)
[2018.02.11-23.19.23:478][336]LogModuleManager: Shutting down and abandoning module Slate (82)
[2018.02.11-23.19.23:478][336]LogModuleManager: Shutting down and abandoning module EditorStyle (81)
[2018.02.11-23.19.23:482][336]LogModuleManager: Shutting down and abandoning module SourceCodeAccess (80)
[2018.02.11-23.19.23:482][336]LogModuleManager: Shutting down and abandoning module HeadMountedDisplay (79)
[2018.02.11-23.19.23:482][336]LogModuleManager: Shutting down and abandoning module XAudio2 (78)
[2018.02.11-23.19.23:482][336]LogModuleManager: Shutting down and abandoning module Networking (76)
[2018.02.11-23.19.23:482][336]LogModuleManager: Shutting down and abandoning module Core (75)
[2018.02.11-23.19.23:482][336]LogModuleManager: Shutting down and abandoning module DirectoryWatcher (74)
[2018.02.11-23.19.23:482][336]LogDirectoryWatcher: A directory notification for '../../../Engine/Content/' was aborted.
[2018.02.11-23.19.23:482][336]LogDirectoryWatcher: A directory notification for 'E:/Source Code/Amonia/Content/' was aborted.
[2018.02.11-23.19.23:482][336]LogDirectoryWatcher: A directory notification for '../../../Engine/Plugins/2D/Paper2D/Content/' was aborted.
[2018.02.11-23.19.23:483][336]LogModuleManager: Shutting down and abandoning module AssetRegistry (73)
[2018.02.11-23.19.23:566][336]LogModuleManager: Shutting down and abandoning module KismetCompiler (72)
[2018.02.11-23.19.23:566][336]LogModuleManager: Shutting down and abandoning module PhysXFormats (71)
[2018.02.11-23.19.23:566][336]LogModuleManager: Shutting down and abandoning module SimplygonSwarm (70)
[2018.02.11-23.19.23:566][336]LogModuleManager: Shutting down and abandoning module SimplygonMeshReduction (69)
[2018.02.11-23.19.23:566][336]LogModuleManager: Shutting down and abandoning module QuadricMeshReduction (68)
[2018.02.11-23.19.23:566][336]LogModuleManager: Shutting down and abandoning module PropertyEditor (67)
[2018.02.11-23.19.23:566][336]LogModuleManager: Shutting down and abandoning module MeshUtilities (66)
[2018.02.11-23.19.23:566][336]LogModuleManager: Shutting down and abandoning module DerivedDataCache (65)
[2018.02.11-23.19.23:635][336]LogDerivedDataCache: Shutdown
[2018.02.11-23.19.23:635][336]LogModuleManager: Shutting down and abandoning module VulkanShaderFormat (64)
[2018.02.11-23.19.23:635][336]LogModuleManager: Shutting down and abandoning module ShaderFormatOpenGL (63)
[2018.02.11-23.19.23:635][336]LogModuleManager: Shutting down and abandoning module ShaderFormatD3D (62)
[2018.02.11-23.19.23:635][336]LogModuleManager: Shutting down and abandoning module MetalShaderFormat (61)
[2018.02.11-23.19.23:635][336]LogModuleManager: Shutting down and abandoning module TextureFormatUncompressed (60)
[2018.02.11-23.19.23:635][336]LogModuleManager: Shutting down and abandoning module TextureFormatPVR (59)
[2018.02.11-23.19.23:635][336]LogModuleManager: Shutting down and abandoning module TextureFormatDXT (58)
[2018.02.11-23.19.23:635][336]LogModuleManager: Shutting down and abandoning module TextureFormatIntelISPCTexComp (57)
[2018.02.11-23.19.23:635][336]LogModuleManager: Shutting down and abandoning module ImageWrapper (56)
[2018.02.11-23.19.23:635][336]LogModuleManager: Shutting down and abandoning module TextureFormatASTC (55)
[2018.02.11-23.19.23:635][336]LogModuleManager: Shutting down and abandoning module TextureFormatAndroid (54)
[2018.02.11-23.19.23:635][336]LogModuleManager: Shutting down and abandoning module AudioFormatOpus (53)
[2018.02.11-23.19.23:635][336]LogModuleManager: Shutting down and abandoning module AudioFormatOgg (52)
[2018.02.11-23.19.23:635][336]LogModuleManager: Shutting down and abandoning module AudioFormatADPCM (51)
[2018.02.11-23.19.23:635][336]LogModuleManager: Shutting down and abandoning module LinuxTargetPlatform (50)
[2018.02.11-23.19.23:635][336]LogModuleManager: Shutting down and abandoning module LinuxServerTargetPlatform (49)
[2018.02.11-23.19.23:635][336]LogModuleManager: Shutting down and abandoning module LinuxNoEditorTargetPlatform (48)
[2018.02.11-23.19.23:635][336]LogModuleManager: Shutting down and abandoning module LinuxClientTargetPlatform (47)
[2018.02.11-23.19.23:635][336]LogModuleManager: Shutting down and abandoning module TVOSTargetPlatform (46)
[2018.02.11-23.19.23:635][336]LogModuleManager: Shutting down and abandoning module Messaging (45)
[2018.02.11-23.19.23:635][336]LogModuleManager: Shutting down and abandoning module IOSTargetPlatform (44)
[2018.02.11-23.19.23:635][336]LogModuleManager: Shutting down and abandoning module HTML5TargetPlatform (43)
[2018.02.11-23.19.23:635][336]LogModuleManager: Shutting down and abandoning module Android_PVRTCTargetPlatform (42)
[2018.02.11-23.19.23:635][336]LogModuleManager: Shutting down and abandoning module Android_MultiTargetPlatform (41)
[2018.02.11-23.19.23:635][336]LogModuleManager: Shutting down and abandoning module Android_ETC2TargetPlatform (40)
[2018.02.11-23.19.23:635][336]LogModuleManager: Shutting down and abandoning module Android_ETC1TargetPlatform (39)
[2018.02.11-23.19.23:635][336]LogModuleManager: Shutting down and abandoning module Android_DXTTargetPlatform (38)
[2018.02.11-23.19.23:635][336]LogModuleManager: Shutting down and abandoning module Android_ATCTargetPlatform (37)
[2018.02.11-23.19.23:635][336]LogModuleManager: Shutting down and abandoning module Android_ASTCTargetPlatform (36)
[2018.02.11-23.19.23:635][336]LogModuleManager: Shutting down and abandoning module AndroidTargetPlatform (35)
[2018.02.11-23.19.23:635][336]LogModuleManager: Shutting down and abandoning module WindowsTargetPlatform (34)
[2018.02.11-23.19.23:635][336]LogModuleManager: Shutting down and abandoning module WindowsServerTargetPlatform (33)
[2018.02.11-23.19.23:635][336]LogModuleManager: Shutting down and abandoning module WindowsNoEditorTargetPlatform (32)
[2018.02.11-23.19.23:635][336]LogModuleManager: Shutting down and abandoning module WindowsClientTargetPlatform (31)
[2018.02.11-23.19.23:635][336]LogModuleManager: Shutting down and abandoning module MacTargetPlatform (30)
[2018.02.11-23.19.23:635][336]LogModuleManager: Shutting down and abandoning module MacServerTargetPlatform (29)
[2018.02.11-23.19.23:635][336]LogModuleManager: Shutting down and abandoning module MacNoEditorTargetPlatform (28)
[2018.02.11-23.19.23:635][336]LogModuleManager: Shutting down and abandoning module MacClientTargetPlatform (27)
[2018.02.11-23.19.23:635][336]LogModuleManager: Shutting down and abandoning module AllDesktopTargetPlatform (26)
[2018.02.11-23.19.23:635][336]LogModuleManager: Shutting down and abandoning module TargetPlatform (25)
[2018.02.11-23.19.23:635][336]LogModuleManager: Shutting down and abandoning module InputCore (24)
[2018.02.11-23.19.23:635][336]LogModuleManager: Shutting down and abandoning module Settings (23)
[2018.02.11-23.19.23:635][336]LogModuleManager: Shutting down and abandoning module OculusRift (22)
[2018.02.11-23.19.23:635][336]LogModuleManager: Shutting down and abandoning module ExampleDeviceProfileSelector (21)
[2018.02.11-23.19.23:635][336]LogModuleManager: Shutting down and abandoning module OnlineBlueprintSupport (20)
[2018.02.11-23.19.23:635][336]LogModuleManager: Shutting down and abandoning module OnlineSubsystem (18)
[2018.02.11-23.19.23:635][336]LogOnline:Display: Unloading online subsystem: NULL
[2018.02.11-23.19.23:635][336]LogModuleManager: Shutting down and abandoning module SSL (17)
[2018.02.11-23.19.23:637][336]LogModuleManager: Shutting down and abandoning module HTTP (16)
[2018.02.11-23.19.23:637][336]LogModuleManager: Shutting down and abandoning module XMPP (15)
[2018.02.11-23.19.23:637][336]LogModuleManager: Shutting down and abandoning module TextureCompressor (14)
[2018.02.11-23.19.23:637][336]LogModuleManager: Shutting down and abandoning module ShaderCore (13)
[2018.02.11-23.19.23:637][336]LogModuleManager: Shutting down and abandoning module Landscape (12)
[2018.02.11-23.19.23:637][336]LogModuleManager: Shutting down and abandoning module SlateRHIRenderer (11)
[2018.02.11-23.19.23:640][336]LogModuleManager: Shutting down and abandoning module OpenGLDrv (10)
[2018.02.11-23.19.23:640][336]LogModuleManager: Shutting down and abandoning module D3D11RHI (9)
[2018.02.11-23.19.23:640][336]LogModuleManager: Shutting down and abandoning module AnimGraphRuntime (8)
[2018.02.11-23.19.23:640][336]LogModuleManager: Shutting down and abandoning module Renderer (7)
[2018.02.11-23.19.23:640][336]LogModuleManager: Shutting down and abandoning module Engine (6)
[2018.02.11-23.19.23:640][336]LogModuleManager: Shutting down and abandoning module CoreUObject (5)
[2018.02.11-23.19.23:640][336]LogModuleManager: Shutting down and abandoning module NetworkFile (4)
[2018.02.11-23.19.23:640][336]LogModuleManager: Shutting down and abandoning module StreamingFile (3)
[2018.02.11-23.19.23:640][336]LogModuleManager: Shutting down and abandoning module SandboxFile (2)
[2018.02.11-23.19.23:640][336]LogModuleManager: Shutting down and abandoning module PakFile (1)
[2018.02.11-23.19.23:642][336]LogExit: Exiting.
[2018.02.11-23.19.23:644][336]Log file closed, 02/12/18 01:19:23
